{
  "stats": {
    "suites": 3,
    "tests": 13,
    "passes": 13,
    "pending": 0,
    "failures": 0,
    "start": "2025-08-31T08:28:17.497Z",
    "end": "2025-08-31T08:28:39.613Z",
    "duration": 22116,
    "testsRegistered": 13,
    "passPercent": 100,
    "pendingPercent": 0,
    "other": 0,
    "hasOther": false,
    "skipped": 0,
    "hasSkipped": false
  },
  "results": [
    {
      "uuid": "80cadf75-9542-489d-b6c6-ae06a91f42d4",
      "title": "",
      "fullFile": "cypress\\e2e\\cart.cy.js",
      "file": "cypress\\e2e\\cart.cy.js",
      "beforeHooks": [],
      "afterHooks": [],
      "tests": [],
      "suites": [
        {
          "uuid": "bbfbef43-fbfa-423a-93f7-ea0179cc160c",
          "title": "Verify the header of the page",
          "fullFile": "",
          "file": "",
          "beforeHooks": [],
          "afterHooks": [],
          "tests": [
            {
              "title": "Verify that the cart icon in the web application",
              "fullTitle": "Verify the header of the page Verify that the cart icon in the web application",
              "timedOut": null,
              "duration": 2596,
              "state": "passed",
              "speed": "fast",
              "pass": true,
              "fail": false,
              "pending": false,
              "context": null,
              "code": "header.cartIcon();",
              "err": {},
              "uuid": "dc2e348b-d65d-40a9-afa6-83b7a043192a",
              "parentUUID": "bbfbef43-fbfa-423a-93f7-ea0179cc160c",
              "isHook": false,
              "skipped": false
            },
            {
              "title": "Verify that the logo is visible in the web application",
              "fullTitle": "Verify the header of the page Verify that the logo is visible in the web application",
              "timedOut": null,
              "duration": 1594,
              "state": "passed",
              "speed": "fast",
              "pass": true,
              "fail": false,
              "pending": false,
              "context": null,
              "code": "header.logo();",
              "err": {},
              "uuid": "8a41691b-dc03-4f92-b7f6-a06bcf29fea6",
              "parentUUID": "bbfbef43-fbfa-423a-93f7-ea0179cc160c",
              "isHook": false,
              "skipped": false
            },
            {
              "title": "Verify that the menu icon is visible in the web application",
              "fullTitle": "Verify the header of the page Verify that the menu icon is visible in the web application",
              "timedOut": null,
              "duration": 2244,
              "state": "passed",
              "speed": "fast",
              "pass": true,
              "fail": false,
              "pending": false,
              "context": null,
              "code": "header.menuIcon();",
              "err": {},
              "uuid": "2dac0bce-0bc3-4c39-b4e6-9904bc54457e",
              "parentUUID": "bbfbef43-fbfa-423a-93f7-ea0179cc160c",
              "isHook": false,
              "skipped": false
            },
            {
              "title": "Verify thatt the user clicks on the menu icon",
              "fullTitle": "Verify the header of the page Verify thatt the user clicks on the menu icon",
              "timedOut": null,
              "duration": 1341,
              "state": "passed",
              "speed": "fast",
              "pass": true,
              "fail": false,
              "pending": false,
              "context": null,
              "code": "header.onClickMenuIcon();",
              "err": {},
              "uuid": "ce429d00-b572-4d5a-b6cb-93a1ed13b90d",
              "parentUUID": "bbfbef43-fbfa-423a-93f7-ea0179cc160c",
              "isHook": false,
              "skipped": false
            },
            {
              "title": "Verify thatt the user clicks on the hover over the menu option",
              "fullTitle": "Verify the header of the page Verify thatt the user clicks on the hover over the menu option",
              "timedOut": null,
              "duration": 1319,
              "state": "passed",
              "speed": "fast",
              "pass": true,
              "fail": false,
              "pending": false,
              "context": null,
              "code": "header.onHoveringMenuOption();",
              "err": {},
              "uuid": "0ea31fc8-0eb8-4ab5-8f01-07b6eab19d4b",
              "parentUUID": "bbfbef43-fbfa-423a-93f7-ea0179cc160c",
              "isHook": false,
              "skipped": false
            }
          ],
          "suites": [],
          "passes": [
            "dc2e348b-d65d-40a9-afa6-83b7a043192a",
            "8a41691b-dc03-4f92-b7f6-a06bcf29fea6",
            "2dac0bce-0bc3-4c39-b4e6-9904bc54457e",
            "ce429d00-b572-4d5a-b6cb-93a1ed13b90d",
            "0ea31fc8-0eb8-4ab5-8f01-07b6eab19d4b"
          ],
          "failures": [],
          "pending": [],
          "skipped": [],
          "duration": 9094,
          "root": false,
          "rootEmpty": false,
          "_timeout": 2000
        },
        {
          "uuid": "2878c724-e695-4d96-9c0e-deadb4da66c3",
          "title": "Verify the functionality of the cart page",
          "fullFile": "",
          "file": "",
          "beforeHooks": [],
          "afterHooks": [],
          "tests": [
            {
              "title": "Verify that the page heading is visible to the user",
              "fullTitle": "Verify the functionality of the cart page Verify that the page heading is visible to the user",
              "timedOut": null,
              "duration": 1242,
              "state": "passed",
              "speed": "fast",
              "pass": true,
              "fail": false,
              "pending": false,
              "context": null,
              "code": "addToCart.cartPageheading();",
              "err": {},
              "uuid": "b5c2de34-9f70-4c3f-8c32-cb500c658718",
              "parentUUID": "2878c724-e695-4d96-9c0e-deadb4da66c3",
              "isHook": false,
              "skipped": false
            },
            {
              "title": "Verify the deatils of the added product",
              "fullTitle": "Verify the functionality of the cart page Verify the deatils of the added product",
              "timedOut": null,
              "duration": 1341,
              "state": "passed",
              "speed": "fast",
              "pass": true,
              "fail": false,
              "pending": false,
              "context": null,
              "code": "addToCart.addedProductDetails();",
              "err": {},
              "uuid": "0b7bcac4-97d5-4b60-9f5c-81a07588e61b",
              "parentUUID": "2878c724-e695-4d96-9c0e-deadb4da66c3",
              "isHook": false,
              "skipped": false
            },
            {
              "title": "Verify that product gets remove on clicking the remove button",
              "fullTitle": "Verify the functionality of the cart page Verify that product gets remove on clicking the remove button",
              "timedOut": null,
              "duration": 1317,
              "state": "passed",
              "speed": "fast",
              "pass": true,
              "fail": false,
              "pending": false,
              "context": null,
              "code": "addToCart.removeProductFromCart();",
              "err": {},
              "uuid": "3b008efa-e4dc-47c6-88bf-3640143b7a04",
              "parentUUID": "2878c724-e695-4d96-9c0e-deadb4da66c3",
              "isHook": false,
              "skipped": false
            },
            {
              "title": "Verify that the user is redirected towrsd the product page on clicking the back to product",
              "fullTitle": "Verify the functionality of the cart page Verify that the user is redirected towrsd the product page on clicking the back to product",
              "timedOut": null,
              "duration": 1443,
              "state": "passed",
              "speed": "fast",
              "pass": true,
              "fail": false,
              "pending": false,
              "context": null,
              "code": "addToCart.backToProductPage();",
              "err": {},
              "uuid": "20eacc8c-5299-4cbb-9b97-8a0b8b1c9e77",
              "parentUUID": "2878c724-e695-4d96-9c0e-deadb4da66c3",
              "isHook": false,
              "skipped": false
            },
            {
              "title": "Verify that the user is redirected towards the checkout page",
              "fullTitle": "Verify the functionality of the cart page Verify that the user is redirected towards the checkout page",
              "timedOut": null,
              "duration": 1372,
              "state": "passed",
              "speed": "fast",
              "pass": true,
              "fail": false,
              "pending": false,
              "context": null,
              "code": "addToCart.checkoutPage();",
              "err": {},
              "uuid": "d76ba25d-373b-45c5-a400-c8c313ee260c",
              "parentUUID": "2878c724-e695-4d96-9c0e-deadb4da66c3",
              "isHook": false,
              "skipped": false
            }
          ],
          "suites": [],
          "passes": [
            "b5c2de34-9f70-4c3f-8c32-cb500c658718",
            "0b7bcac4-97d5-4b60-9f5c-81a07588e61b",
            "3b008efa-e4dc-47c6-88bf-3640143b7a04",
            "20eacc8c-5299-4cbb-9b97-8a0b8b1c9e77",
            "d76ba25d-373b-45c5-a400-c8c313ee260c"
          ],
          "failures": [],
          "pending": [],
          "skipped": [],
          "duration": 6715,
          "root": false,
          "rootEmpty": false,
          "_timeout": 2000
        },
        {
          "uuid": "e2eb4d2c-8928-4f59-bd1c-5be26e8ce9cb",
          "title": "Verify the footer of the page",
          "fullFile": "",
          "file": "",
          "beforeHooks": [],
          "afterHooks": [],
          "tests": [
            {
              "title": "Verify that the footer is visible in the page",
              "fullTitle": "Verify the footer of the page Verify that the footer is visible in the page",
              "timedOut": null,
              "duration": 1208,
              "state": "passed",
              "speed": "fast",
              "pass": true,
              "fail": false,
              "pending": false,
              "context": null,
              "code": "footer.visible();",
              "err": {},
              "uuid": "2c24acee-a2ca-4349-bc47-7f25f13b7d3f",
              "parentUUID": "e2eb4d2c-8928-4f59-bd1c-5be26e8ce9cb",
              "isHook": false,
              "skipped": false
            },
            {
              "title": "Verify that the social media icon is visible to the user",
              "fullTitle": "Verify the footer of the page Verify that the social media icon is visible to the user",
              "timedOut": null,
              "duration": 1169,
              "state": "passed",
              "speed": "fast",
              "pass": true,
              "fail": false,
              "pending": false,
              "context": null,
              "code": "footer.iconVisible();",
              "err": {},
              "uuid": "f8b2fadb-834f-40ad-8429-fb830b6009d5",
              "parentUUID": "e2eb4d2c-8928-4f59-bd1c-5be26e8ce9cb",
              "isHook": false,
              "skipped": false
            },
            {
              "title": "Verify that the copy right text is visible to the user",
              "fullTitle": "Verify the footer of the page Verify that the copy right text is visible to the user",
              "timedOut": null,
              "duration": 1338,
              "state": "passed",
              "speed": "fast",
              "pass": true,
              "fail": false,
              "pending": false,
              "context": null,
              "code": "footer.copyRightText();",
              "err": {},
              "uuid": "4436023b-bc27-49ba-b09b-5550d7e4c350",
              "parentUUID": "e2eb4d2c-8928-4f59-bd1c-5be26e8ce9cb",
              "isHook": false,
              "skipped": false
            }
          ],
          "suites": [],
          "passes": [
            "2c24acee-a2ca-4349-bc47-7f25f13b7d3f",
            "f8b2fadb-834f-40ad-8429-fb830b6009d5",
            "4436023b-bc27-49ba-b09b-5550d7e4c350"
          ],
          "failures": [],
          "pending": [],
          "skipped": [],
          "duration": 3715,
          "root": false,
          "rootEmpty": false,
          "_timeout": 2000
        }
      ],
      "passes": [],
      "failures": [],
      "pending": [],
      "skipped": [],
      "duration": 0,
      "root": true,
      "rootEmpty": true,
      "_timeout": 2000
    }
  ],
  "meta": {
    "mocha": {
      "version": "7.2.0"
    },
    "mochawesome": {
      "options": {
        "quiet": false,
        "reportFilename": "mochawesome",
        "saveHtml": false,
        "saveJson": true,
        "consoleReporter": "spec",
        "useInlineDiffs": false,
        "code": true
      },
      "version": "7.1.3"
    },
    "marge": {
      "options": {
        "reportDir": "cypress/reports",
        "overwrite": false,
        "html": false,
        "json": true
      },
      "version": "6.2.0"
    }
  }
}