{
  "stats": {
    "suites": 3,
    "tests": 15,
    "passes": 15,
    "pending": 0,
    "failures": 0,
    "start": "2025-08-31T08:32:16.027Z",
    "end": "2025-08-31T08:32:47.993Z",
    "duration": 31966,
    "testsRegistered": 15,
    "passPercent": 100,
    "pendingPercent": 0,
    "other": 0,
    "hasOther": false,
    "skipped": 0,
    "hasSkipped": false
  },
  "results": [
    {
      "uuid": "d39a8e2c-7d84-4ca8-a41f-756c1ab1b717",
      "title": "",
      "fullFile": "cypress\\e2e\\checkout.cy.js",
      "file": "cypress\\e2e\\checkout.cy.js",
      "beforeHooks": [],
      "afterHooks": [],
      "tests": [],
      "suites": [
        {
          "uuid": "276919aa-2fcf-4c31-958e-649c8af49292",
          "title": "Verify the header of the page",
          "fullFile": "",
          "file": "",
          "beforeHooks": [],
          "afterHooks": [],
          "tests": [
            {
              "title": "Verify that the cart icon in the web application",
              "fullTitle": "Verify the header of the page Verify that the cart icon in the web application",
              "timedOut": null,
              "duration": 2672,
              "state": "passed",
              "speed": "fast",
              "pass": true,
              "fail": false,
              "pending": false,
              "context": null,
              "code": "header.cartIcon();",
              "err": {},
              "uuid": "b9c5625b-f765-41f5-80f9-2a410a206113",
              "parentUUID": "276919aa-2fcf-4c31-958e-649c8af49292",
              "isHook": false,
              "skipped": false
            },
            {
              "title": "Verify that the logo is visible in the web application",
              "fullTitle": "Verify the header of the page Verify that the logo is visible in the web application",
              "timedOut": null,
              "duration": 1531,
              "state": "passed",
              "speed": "fast",
              "pass": true,
              "fail": false,
              "pending": false,
              "context": null,
              "code": "header.logo();",
              "err": {},
              "uuid": "ed98c596-dd36-4f52-a7cf-6d3f9a809758",
              "parentUUID": "276919aa-2fcf-4c31-958e-649c8af49292",
              "isHook": false,
              "skipped": false
            },
            {
              "title": "Verify that the menu icon is visible in the web application",
              "fullTitle": "Verify the header of the page Verify that the menu icon is visible in the web application",
              "timedOut": null,
              "duration": 1848,
              "state": "passed",
              "speed": "fast",
              "pass": true,
              "fail": false,
              "pending": false,
              "context": null,
              "code": "header.menuIcon();",
              "err": {},
              "uuid": "f42ec787-35e6-430a-8799-7c9838b74c70",
              "parentUUID": "276919aa-2fcf-4c31-958e-649c8af49292",
              "isHook": false,
              "skipped": false
            },
            {
              "title": "Verify thatt the user clicks on the menu icon",
              "fullTitle": "Verify the header of the page Verify thatt the user clicks on the menu icon",
              "timedOut": null,
              "duration": 2390,
              "state": "passed",
              "speed": "fast",
              "pass": true,
              "fail": false,
              "pending": false,
              "context": null,
              "code": "header.onClickMenuIcon();",
              "err": {},
              "uuid": "89eb19a8-cd12-4fa6-a59f-f69797fb1bf5",
              "parentUUID": "276919aa-2fcf-4c31-958e-649c8af49292",
              "isHook": false,
              "skipped": false
            },
            {
              "title": "Verify thatt the user clicks on the hover over the menu option",
              "fullTitle": "Verify the header of the page Verify thatt the user clicks on the hover over the menu option",
              "timedOut": null,
              "duration": 1782,
              "state": "passed",
              "speed": "fast",
              "pass": true,
              "fail": false,
              "pending": false,
              "context": null,
              "code": "header.onHoveringMenuOption();",
              "err": {},
              "uuid": "85d7b209-a3d4-4bd6-aaa2-ea81cb4f5cf3",
              "parentUUID": "276919aa-2fcf-4c31-958e-649c8af49292",
              "isHook": false,
              "skipped": false
            }
          ],
          "suites": [],
          "passes": [
            "b9c5625b-f765-41f5-80f9-2a410a206113",
            "ed98c596-dd36-4f52-a7cf-6d3f9a809758",
            "f42ec787-35e6-430a-8799-7c9838b74c70",
            "89eb19a8-cd12-4fa6-a59f-f69797fb1bf5",
            "85d7b209-a3d4-4bd6-aaa2-ea81cb4f5cf3"
          ],
          "failures": [],
          "pending": [],
          "skipped": [],
          "duration": 10223,
          "root": false,
          "rootEmpty": false,
          "_timeout": 2000
        },
        {
          "uuid": "564260de-6225-46f9-ad2c-48066837511f",
          "title": "Verify that UI and functionality of the check page",
          "fullFile": "",
          "file": "",
          "beforeHooks": [],
          "afterHooks": [],
          "tests": [
            {
              "title": "Verify that the page heading is correct",
              "fullTitle": "Verify that UI and functionality of the check page Verify that the page heading is correct",
              "timedOut": null,
              "duration": 1655,
              "state": "passed",
              "speed": "fast",
              "pass": true,
              "fail": false,
              "pending": false,
              "context": null,
              "code": "checkOut.pageHeading();",
              "err": {},
              "uuid": "32067f0c-39c7-41c2-994f-27def08a1129",
              "parentUUID": "564260de-6225-46f9-ad2c-48066837511f",
              "isHook": false,
              "skipped": false
            },
            {
              "title": "Verify the error message when all the fields are empty",
              "fullTitle": "Verify that UI and functionality of the check page Verify the error message when all the fields are empty",
              "timedOut": null,
              "duration": 1683,
              "state": "passed",
              "speed": "fast",
              "pass": true,
              "fail": false,
              "pending": false,
              "context": null,
              "code": "checkOut.errorForEmptyField();",
              "err": {},
              "uuid": "3946aa41-aafa-4250-8891-47aceac356b8",
              "parentUUID": "564260de-6225-46f9-ad2c-48066837511f",
              "isHook": false,
              "skipped": false
            },
            {
              "title": "Verify the error message when the first name field is empty",
              "fullTitle": "Verify that UI and functionality of the check page Verify the error message when the first name field is empty",
              "timedOut": null,
              "duration": 2239,
              "state": "passed",
              "speed": "fast",
              "pass": true,
              "fail": false,
              "pending": false,
              "context": null,
              "code": "checkOut.errorForMissingFirstName(userData.checkout_information.last_name, userData.checkout_information.zip_postal_code);",
              "err": {},
              "uuid": "ad5e3560-5b9f-46a1-b009-81d352a0c0ab",
              "parentUUID": "564260de-6225-46f9-ad2c-48066837511f",
              "isHook": false,
              "skipped": false
            },
            {
              "title": "Verify the error message when the last name field is empty",
              "fullTitle": "Verify that UI and functionality of the check page Verify the error message when the last name field is empty",
              "timedOut": null,
              "duration": 2209,
              "state": "passed",
              "speed": "fast",
              "pass": true,
              "fail": false,
              "pending": false,
              "context": null,
              "code": "checkOut.errorForMissingLastName(userData.checkout_information.first_name, userData.checkout_information.zip_postal_code);",
              "err": {},
              "uuid": "97cd8b3d-c96c-4ed3-bcda-b5b9ecf0b94b",
              "parentUUID": "564260de-6225-46f9-ad2c-48066837511f",
              "isHook": false,
              "skipped": false
            },
            {
              "title": "Verify the error message when the postal code field is empty",
              "fullTitle": "Verify that UI and functionality of the check page Verify the error message when the postal code field is empty",
              "timedOut": null,
              "duration": 2303,
              "state": "passed",
              "speed": "fast",
              "pass": true,
              "fail": false,
              "pending": false,
              "context": null,
              "code": "checkOut.errorForMissingPostalCode(userData.checkout_information.first_name, userData.checkout_information.last_name);",
              "err": {},
              "uuid": "f669c1cd-431c-4dea-91b3-a1168915e968",
              "parentUUID": "564260de-6225-46f9-ad2c-48066837511f",
              "isHook": false,
              "skipped": false
            },
            {
              "title": "Verify that the user is redirceted towards the product details page when all the details are filled",
              "fullTitle": "Verify that UI and functionality of the check page Verify that the user is redirceted towards the product details page when all the details are filled",
              "timedOut": null,
              "duration": 2587,
              "state": "passed",
              "speed": "fast",
              "pass": true,
              "fail": false,
              "pending": false,
              "context": null,
              "code": "checkOut.allFieldFilled(userData.checkout_information.first_name, userData.checkout_information.last_name, userData.checkout_information.zip_postal_code);",
              "err": {},
              "uuid": "a640bbc0-90ad-4b4d-8493-c757f37463b4",
              "parentUUID": "564260de-6225-46f9-ad2c-48066837511f",
              "isHook": false,
              "skipped": false
            },
            {
              "title": "Verify that the user clicks the cancel button",
              "fullTitle": "Verify that UI and functionality of the check page Verify that the user clicks the cancel button",
              "timedOut": null,
              "duration": 1776,
              "state": "passed",
              "speed": "fast",
              "pass": true,
              "fail": false,
              "pending": false,
              "context": null,
              "code": "checkOut.cancelButton();",
              "err": {},
              "uuid": "c5de8259-1dac-498c-baff-26c371e39e69",
              "parentUUID": "564260de-6225-46f9-ad2c-48066837511f",
              "isHook": false,
              "skipped": false
            }
          ],
          "suites": [],
          "passes": [
            "32067f0c-39c7-41c2-994f-27def08a1129",
            "3946aa41-aafa-4250-8891-47aceac356b8",
            "ad5e3560-5b9f-46a1-b009-81d352a0c0ab",
            "97cd8b3d-c96c-4ed3-bcda-b5b9ecf0b94b",
            "f669c1cd-431c-4dea-91b3-a1168915e968",
            "a640bbc0-90ad-4b4d-8493-c757f37463b4",
            "c5de8259-1dac-498c-baff-26c371e39e69"
          ],
          "failures": [],
          "pending": [],
          "skipped": [],
          "duration": 14452,
          "root": false,
          "rootEmpty": false,
          "_timeout": 2000
        },
        {
          "uuid": "72fe7402-0688-46db-ac7f-1b469c16f6df",
          "title": "Verify the footer of the page",
          "fullFile": "",
          "file": "",
          "beforeHooks": [],
          "afterHooks": [],
          "tests": [
            {
              "title": "Verify that the footer is visible in the page",
              "fullTitle": "Verify the footer of the page Verify that the footer is visible in the page",
              "timedOut": null,
              "duration": 1567,
              "state": "passed",
              "speed": "fast",
              "pass": true,
              "fail": false,
              "pending": false,
              "context": null,
              "code": "footer.visible();",
              "err": {},
              "uuid": "28067909-22b2-4f24-b2ed-c193465e6bf5",
              "parentUUID": "72fe7402-0688-46db-ac7f-1b469c16f6df",
              "isHook": false,
              "skipped": false
            },
            {
              "title": "Verify that the social media icon is visible to the user",
              "fullTitle": "Verify the footer of the page Verify that the social media icon is visible to the user",
              "timedOut": null,
              "duration": 1576,
              "state": "passed",
              "speed": "fast",
              "pass": true,
              "fail": false,
              "pending": false,
              "context": null,
              "code": "footer.iconVisible();",
              "err": {},
              "uuid": "fc1bb0e6-28b3-426a-a727-5efe49265609",
              "parentUUID": "72fe7402-0688-46db-ac7f-1b469c16f6df",
              "isHook": false,
              "skipped": false
            },
            {
              "title": "Verify that the copy right text is visible to the user",
              "fullTitle": "Verify the footer of the page Verify that the copy right text is visible to the user",
              "timedOut": null,
              "duration": 1600,
              "state": "passed",
              "speed": "fast",
              "pass": true,
              "fail": false,
              "pending": false,
              "context": null,
              "code": "footer.copyRightText();",
              "err": {},
              "uuid": "c4b200b8-d8f7-4dc8-b572-4a244a73b04b",
              "parentUUID": "72fe7402-0688-46db-ac7f-1b469c16f6df",
              "isHook": false,
              "skipped": false
            }
          ],
          "suites": [],
          "passes": [
            "28067909-22b2-4f24-b2ed-c193465e6bf5",
            "fc1bb0e6-28b3-426a-a727-5efe49265609",
            "c4b200b8-d8f7-4dc8-b572-4a244a73b04b"
          ],
          "failures": [],
          "pending": [],
          "skipped": [],
          "duration": 4743,
          "root": false,
          "rootEmpty": false,
          "_timeout": 2000
        }
      ],
      "passes": [],
      "failures": [],
      "pending": [],
      "skipped": [],
      "duration": 0,
      "root": true,
      "rootEmpty": true,
      "_timeout": 2000
    }
  ],
  "meta": {
    "mocha": {
      "version": "7.2.0"
    },
    "mochawesome": {
      "options": {
        "quiet": false,
        "reportFilename": "mochawesome",
        "saveHtml": false,
        "saveJson": true,
        "consoleReporter": "spec",
        "useInlineDiffs": false,
        "code": true
      },
      "version": "7.1.3"
    },
    "marge": {
      "options": {
        "reportDir": "cypress/reports",
        "overwrite": false,
        "html": false,
        "json": true
      },
      "version": "6.2.0"
    }
  }
}