{
  "stats": {
    "suites": 3,
    "tests": 14,
    "passes": 14,
    "pending": 0,
    "failures": 0,
    "start": "2025-08-31T07:46:14.014Z",
    "end": "2025-08-31T07:46:37.590Z",
    "duration": 23576,
    "testsRegistered": 14,
    "passPercent": 100,
    "pendingPercent": 0,
    "other": 0,
    "hasOther": false,
    "skipped": 0,
    "hasSkipped": false
  },
  "results": [
    {
      "uuid": "60294017-178b-4db4-acb3-c9eb4f5f6033",
      "title": "",
      "fullFile": "cypress\\e2e\\indiviualProducts.cy.js",
      "file": "cypress\\e2e\\indiviualProducts.cy.js",
      "beforeHooks": [],
      "afterHooks": [],
      "tests": [],
      "suites": [
        {
          "uuid": "f1354680-4d44-40f3-91a0-f054461d7b01",
          "title": "Verify the header of the page",
          "fullFile": "",
          "file": "",
          "beforeHooks": [],
          "afterHooks": [],
          "tests": [
            {
              "title": "Verify that the cart icon in the web application",
              "fullTitle": "Verify the header of the page Verify that the cart icon in the web application",
              "timedOut": null,
              "duration": 3099,
              "state": "passed",
              "speed": "fast",
              "pass": true,
              "fail": false,
              "pending": false,
              "context": null,
              "code": "header.cartIcon();",
              "err": {},
              "uuid": "aced5844-a1a9-4d89-b1a1-ab238aecb2c2",
              "parentUUID": "f1354680-4d44-40f3-91a0-f054461d7b01",
              "isHook": false,
              "skipped": false
            },
            {
              "title": "Verify that the logo is visible in the web application",
              "fullTitle": "Verify the header of the page Verify that the logo is visible in the web application",
              "timedOut": null,
              "duration": 1295,
              "state": "passed",
              "speed": "fast",
              "pass": true,
              "fail": false,
              "pending": false,
              "context": null,
              "code": "header.logo();",
              "err": {},
              "uuid": "bb54d2f0-79c8-43df-8faa-9444927b9311",
              "parentUUID": "f1354680-4d44-40f3-91a0-f054461d7b01",
              "isHook": false,
              "skipped": false
            },
            {
              "title": "Verify that the menu icon is visible in the web application",
              "fullTitle": "Verify the header of the page Verify that the menu icon is visible in the web application",
              "timedOut": null,
              "duration": 4389,
              "state": "passed",
              "speed": "fast",
              "pass": true,
              "fail": false,
              "pending": false,
              "context": null,
              "code": "header.menuIcon();",
              "err": {},
              "uuid": "5dba9b16-4d8d-42e9-b4f8-c8f5a2e88c82",
              "parentUUID": "f1354680-4d44-40f3-91a0-f054461d7b01",
              "isHook": false,
              "skipped": false
            },
            {
              "title": "Verify thatt the user clicks on the menu icon",
              "fullTitle": "Verify the header of the page Verify thatt the user clicks on the menu icon",
              "timedOut": null,
              "duration": 1839,
              "state": "passed",
              "speed": "fast",
              "pass": true,
              "fail": false,
              "pending": false,
              "context": null,
              "code": "header.onClickMenuIcon();",
              "err": {},
              "uuid": "77f10b20-d476-448e-8083-8f7581ae31cc",
              "parentUUID": "f1354680-4d44-40f3-91a0-f054461d7b01",
              "isHook": false,
              "skipped": false
            },
            {
              "title": "Verify thatt the user clicks on the hover over the menu option",
              "fullTitle": "Verify the header of the page Verify thatt the user clicks on the hover over the menu option",
              "timedOut": null,
              "duration": 1210,
              "state": "passed",
              "speed": "fast",
              "pass": true,
              "fail": false,
              "pending": false,
              "context": null,
              "code": "header.onHoveringMenuOption();",
              "err": {},
              "uuid": "5554523a-046a-48e8-a05d-71835ad02385",
              "parentUUID": "f1354680-4d44-40f3-91a0-f054461d7b01",
              "isHook": false,
              "skipped": false
            }
          ],
          "suites": [],
          "passes": [
            "aced5844-a1a9-4d89-b1a1-ab238aecb2c2",
            "bb54d2f0-79c8-43df-8faa-9444927b9311",
            "5dba9b16-4d8d-42e9-b4f8-c8f5a2e88c82",
            "77f10b20-d476-448e-8083-8f7581ae31cc",
            "5554523a-046a-48e8-a05d-71835ad02385"
          ],
          "failures": [],
          "pending": [],
          "skipped": [],
          "duration": 11832,
          "root": false,
          "rootEmpty": false,
          "_timeout": 2000
        },
        {
          "uuid": "c7013667-ffc3-43ca-96a0-edd03e7ece1a",
          "title": "Verify the functionality of individual page",
          "fullFile": "",
          "file": "",
          "beforeHooks": [],
          "afterHooks": [],
          "tests": [
            {
              "title": "Verify that the product image is visible to the user",
              "fullTitle": "Verify the functionality of individual page Verify that the product image is visible to the user",
              "timedOut": null,
              "duration": 1068,
              "state": "passed",
              "speed": "fast",
              "pass": true,
              "fail": false,
              "pending": false,
              "context": null,
              "code": "indiviualProduct.imageVisiblity();",
              "err": {},
              "uuid": "03d41d8f-39c9-471b-89f6-c97a164bd0c7",
              "parentUUID": "c7013667-ffc3-43ca-96a0-edd03e7ece1a",
              "isHook": false,
              "skipped": false
            },
            {
              "title": "Verify that the prdouct name is visible to the user",
              "fullTitle": "Verify the functionality of individual page Verify that the prdouct name is visible to the user",
              "timedOut": null,
              "duration": 1109,
              "state": "passed",
              "speed": "fast",
              "pass": true,
              "fail": false,
              "pending": false,
              "context": null,
              "code": "indiviualProduct.productName();",
              "err": {},
              "uuid": "c2d9ccbc-10af-418b-8b7d-48366763b957",
              "parentUUID": "c7013667-ffc3-43ca-96a0-edd03e7ece1a",
              "isHook": false,
              "skipped": false
            },
            {
              "title": "Verify thatt he product description is visible to the user",
              "fullTitle": "Verify the functionality of individual page Verify thatt he product description is visible to the user",
              "timedOut": null,
              "duration": 1031,
              "state": "passed",
              "speed": "fast",
              "pass": true,
              "fail": false,
              "pending": false,
              "context": null,
              "code": "indiviualProduct.productDescription();",
              "err": {},
              "uuid": "bf789507-b31a-4c3d-89b2-7bf4e65f2f0e",
              "parentUUID": "c7013667-ffc3-43ca-96a0-edd03e7ece1a",
              "isHook": false,
              "skipped": false
            },
            {
              "title": "Verify that the product price is visible to the user",
              "fullTitle": "Verify the functionality of individual page Verify that the product price is visible to the user",
              "timedOut": null,
              "duration": 1018,
              "state": "passed",
              "speed": "fast",
              "pass": true,
              "fail": false,
              "pending": false,
              "context": null,
              "code": "indiviualProduct.productPrice();",
              "err": {},
              "uuid": "615809db-a0aa-4269-af3c-c90b63a36b51",
              "parentUUID": "c7013667-ffc3-43ca-96a0-edd03e7ece1a",
              "isHook": false,
              "skipped": false
            },
            {
              "title": "Verify that user is back to the product on clicking back to product link",
              "fullTitle": "Verify the functionality of individual page Verify that user is back to the product on clicking back to product link",
              "timedOut": null,
              "duration": 1150,
              "state": "passed",
              "speed": "fast",
              "pass": true,
              "fail": false,
              "pending": false,
              "context": null,
              "code": "indiviualProduct.backToProducts();",
              "err": {},
              "uuid": "2b41e675-768d-4bed-b45a-3fe7ba560a46",
              "parentUUID": "c7013667-ffc3-43ca-96a0-edd03e7ece1a",
              "isHook": false,
              "skipped": false
            },
            {
              "title": "Verify that user clicks on the Add to cart button",
              "fullTitle": "Verify the functionality of individual page Verify that user clicks on the Add to cart button",
              "timedOut": null,
              "duration": 1165,
              "state": "passed",
              "speed": "fast",
              "pass": true,
              "fail": false,
              "pending": false,
              "context": null,
              "code": "indiviualProduct.addProductToCart();",
              "err": {},
              "uuid": "8d2a4e65-efde-4865-a27d-9a88a2159012",
              "parentUUID": "c7013667-ffc3-43ca-96a0-edd03e7ece1a",
              "isHook": false,
              "skipped": false
            }
          ],
          "suites": [],
          "passes": [
            "03d41d8f-39c9-471b-89f6-c97a164bd0c7",
            "c2d9ccbc-10af-418b-8b7d-48366763b957",
            "bf789507-b31a-4c3d-89b2-7bf4e65f2f0e",
            "615809db-a0aa-4269-af3c-c90b63a36b51",
            "2b41e675-768d-4bed-b45a-3fe7ba560a46",
            "8d2a4e65-efde-4865-a27d-9a88a2159012"
          ],
          "failures": [],
          "pending": [],
          "skipped": [],
          "duration": 6541,
          "root": false,
          "rootEmpty": false,
          "_timeout": 2000
        },
        {
          "uuid": "26fe033b-3978-44eb-8e94-db549ab69d5a",
          "title": "Verify the footer of the page",
          "fullFile": "",
          "file": "",
          "beforeHooks": [],
          "afterHooks": [],
          "tests": [
            {
              "title": "Verify that the footer is visible in the page",
              "fullTitle": "Verify the footer of the page Verify that the footer is visible in the page",
              "timedOut": null,
              "duration": 1079,
              "state": "passed",
              "speed": "fast",
              "pass": true,
              "fail": false,
              "pending": false,
              "context": null,
              "code": "footer.visible();",
              "err": {},
              "uuid": "84e69cdf-98e5-472e-bfb3-c86e3f387cee",
              "parentUUID": "26fe033b-3978-44eb-8e94-db549ab69d5a",
              "isHook": false,
              "skipped": false
            },
            {
              "title": "Verify that the social media icon is visible to the user",
              "fullTitle": "Verify the footer of the page Verify that the social media icon is visible to the user",
              "timedOut": null,
              "duration": 1029,
              "state": "passed",
              "speed": "fast",
              "pass": true,
              "fail": false,
              "pending": false,
              "context": null,
              "code": "footer.iconVisible();",
              "err": {},
              "uuid": "5dfb7f2a-3e7c-4d68-8c7a-60f0f47b1ed7",
              "parentUUID": "26fe033b-3978-44eb-8e94-db549ab69d5a",
              "isHook": false,
              "skipped": false
            },
            {
              "title": "Verify that the copy right text is visible to the user",
              "fullTitle": "Verify the footer of the page Verify that the copy right text is visible to the user",
              "timedOut": null,
              "duration": 1036,
              "state": "passed",
              "speed": "fast",
              "pass": true,
              "fail": false,
              "pending": false,
              "context": null,
              "code": "footer.copyRightText();",
              "err": {},
              "uuid": "17b310f3-cecc-4746-9324-dd8d289113fc",
              "parentUUID": "26fe033b-3978-44eb-8e94-db549ab69d5a",
              "isHook": false,
              "skipped": false
            }
          ],
          "suites": [],
          "passes": [
            "84e69cdf-98e5-472e-bfb3-c86e3f387cee",
            "5dfb7f2a-3e7c-4d68-8c7a-60f0f47b1ed7",
            "17b310f3-cecc-4746-9324-dd8d289113fc"
          ],
          "failures": [],
          "pending": [],
          "skipped": [],
          "duration": 3144,
          "root": false,
          "rootEmpty": false,
          "_timeout": 2000
        }
      ],
      "passes": [],
      "failures": [],
      "pending": [],
      "skipped": [],
      "duration": 0,
      "root": true,
      "rootEmpty": true,
      "_timeout": 2000
    }
  ],
  "meta": {
    "mocha": {
      "version": "7.2.0"
    },
    "mochawesome": {
      "options": {
        "quiet": false,
        "reportFilename": "mochawesome",
        "saveHtml": false,
        "saveJson": true,
        "consoleReporter": "spec",
        "useInlineDiffs": false,
        "code": true
      },
      "version": "7.1.3"
    },
    "marge": {
      "options": {
        "reportDir": "cypress/reports",
        "overwrite": false,
        "html": false,
        "json": true
      },
      "version": "6.2.0"
    }
  }
}