{
  "stats": {
    "suites": 3,
    "tests": 15,
    "passes": 15,
    "pending": 0,
    "failures": 0,
    "start": "2025-08-31T07:45:09.698Z",
    "end": "2025-08-31T07:45:37.704Z",
    "duration": 28006,
    "testsRegistered": 15,
    "passPercent": 100,
    "pendingPercent": 0,
    "other": 0,
    "hasOther": false,
    "skipped": 0,
    "hasSkipped": false
  },
  "results": [
    {
      "uuid": "94e3a422-02b6-4d0e-940b-3b34cadb769f",
      "title": "",
      "fullFile": "cypress\\e2e\\checkout.cy.js",
      "file": "cypress\\e2e\\checkout.cy.js",
      "beforeHooks": [],
      "afterHooks": [],
      "tests": [],
      "suites": [
        {
          "uuid": "23dbfb97-a524-494e-b13d-5919b3482bed",
          "title": "Verify the header of the page",
          "fullFile": "",
          "file": "",
          "beforeHooks": [],
          "afterHooks": [],
          "tests": [
            {
              "title": "Verify that the cart icon in the web application",
              "fullTitle": "Verify the header of the page Verify that the cart icon in the web application",
              "timedOut": null,
              "duration": 3074,
              "state": "passed",
              "speed": "fast",
              "pass": true,
              "fail": false,
              "pending": false,
              "context": null,
              "code": "header.cartIcon();",
              "err": {},
              "uuid": "a395abc6-b4de-47d6-b7c8-ff4c0f2174d0",
              "parentUUID": "23dbfb97-a524-494e-b13d-5919b3482bed",
              "isHook": false,
              "skipped": false
            },
            {
              "title": "Verify that the logo is visible in the web application",
              "fullTitle": "Verify the header of the page Verify that the logo is visible in the web application",
              "timedOut": null,
              "duration": 1459,
              "state": "passed",
              "speed": "fast",
              "pass": true,
              "fail": false,
              "pending": false,
              "context": null,
              "code": "header.logo();",
              "err": {},
              "uuid": "d0fe3a77-20d7-41f8-9d73-132bb10cb13e",
              "parentUUID": "23dbfb97-a524-494e-b13d-5919b3482bed",
              "isHook": false,
              "skipped": false
            },
            {
              "title": "Verify that the menu icon is visible in the web application",
              "fullTitle": "Verify the header of the page Verify that the menu icon is visible in the web application",
              "timedOut": null,
              "duration": 1783,
              "state": "passed",
              "speed": "fast",
              "pass": true,
              "fail": false,
              "pending": false,
              "context": null,
              "code": "header.menuIcon();",
              "err": {},
              "uuid": "9a33c3fe-85f6-4b2c-b88d-a4ad922e78c9",
              "parentUUID": "23dbfb97-a524-494e-b13d-5919b3482bed",
              "isHook": false,
              "skipped": false
            },
            {
              "title": "Verify thatt the user clicks on the menu icon",
              "fullTitle": "Verify the header of the page Verify thatt the user clicks on the menu icon",
              "timedOut": null,
              "duration": 1500,
              "state": "passed",
              "speed": "fast",
              "pass": true,
              "fail": false,
              "pending": false,
              "context": null,
              "code": "header.onClickMenuIcon();",
              "err": {},
              "uuid": "31d1464b-1434-489b-ae8c-2e50fc6fbcc3",
              "parentUUID": "23dbfb97-a524-494e-b13d-5919b3482bed",
              "isHook": false,
              "skipped": false
            },
            {
              "title": "Verify thatt the user clicks on the hover over the menu option",
              "fullTitle": "Verify the header of the page Verify thatt the user clicks on the hover over the menu option",
              "timedOut": null,
              "duration": 1495,
              "state": "passed",
              "speed": "fast",
              "pass": true,
              "fail": false,
              "pending": false,
              "context": null,
              "code": "header.onHoveringMenuOption();",
              "err": {},
              "uuid": "30dc457a-4413-40f8-bdb8-ac7b1c6f8765",
              "parentUUID": "23dbfb97-a524-494e-b13d-5919b3482bed",
              "isHook": false,
              "skipped": false
            }
          ],
          "suites": [],
          "passes": [
            "a395abc6-b4de-47d6-b7c8-ff4c0f2174d0",
            "d0fe3a77-20d7-41f8-9d73-132bb10cb13e",
            "9a33c3fe-85f6-4b2c-b88d-a4ad922e78c9",
            "31d1464b-1434-489b-ae8c-2e50fc6fbcc3",
            "30dc457a-4413-40f8-bdb8-ac7b1c6f8765"
          ],
          "failures": [],
          "pending": [],
          "skipped": [],
          "duration": 9311,
          "root": false,
          "rootEmpty": false,
          "_timeout": 2000
        },
        {
          "uuid": "592b83d9-b865-4321-9770-b7ed113efcf7",
          "title": "Verify that UI and functionality of the check page",
          "fullFile": "",
          "file": "",
          "beforeHooks": [],
          "afterHooks": [],
          "tests": [
            {
              "title": "Verify that the page heading is correct",
              "fullTitle": "Verify that UI and functionality of the check page Verify that the page heading is correct",
              "timedOut": null,
              "duration": 1564,
              "state": "passed",
              "speed": "fast",
              "pass": true,
              "fail": false,
              "pending": false,
              "context": null,
              "code": "checkOut.pageHeading();",
              "err": {},
              "uuid": "0af1e344-9a9d-4dd6-9658-295317efe3cd",
              "parentUUID": "592b83d9-b865-4321-9770-b7ed113efcf7",
              "isHook": false,
              "skipped": false
            },
            {
              "title": "Verify the error message when all the fields are empty",
              "fullTitle": "Verify that UI and functionality of the check page Verify the error message when all the fields are empty",
              "timedOut": null,
              "duration": 1757,
              "state": "passed",
              "speed": "fast",
              "pass": true,
              "fail": false,
              "pending": false,
              "context": null,
              "code": "checkOut.errorForEmptyField();",
              "err": {},
              "uuid": "6b6e5ddd-1a6b-4b95-b5c2-6ebaea1f5853",
              "parentUUID": "592b83d9-b865-4321-9770-b7ed113efcf7",
              "isHook": false,
              "skipped": false
            },
            {
              "title": "Verify the error message when the first name field is empty",
              "fullTitle": "Verify that UI and functionality of the check page Verify the error message when the first name field is empty",
              "timedOut": null,
              "duration": 1878,
              "state": "passed",
              "speed": "fast",
              "pass": true,
              "fail": false,
              "pending": false,
              "context": null,
              "code": "checkOut.errorForMissingFirstName(userData.checkout_information.last_name, userData.checkout_information.zip_postal_code);",
              "err": {},
              "uuid": "0240ca79-edd2-4401-8f6e-a574a61bc2b6",
              "parentUUID": "592b83d9-b865-4321-9770-b7ed113efcf7",
              "isHook": false,
              "skipped": false
            },
            {
              "title": "Verify the error message when the last name field is empty",
              "fullTitle": "Verify that UI and functionality of the check page Verify the error message when the last name field is empty",
              "timedOut": null,
              "duration": 1842,
              "state": "passed",
              "speed": "fast",
              "pass": true,
              "fail": false,
              "pending": false,
              "context": null,
              "code": "checkOut.errorForMissingLastName(userData.checkout_information.first_name, userData.checkout_information.zip_postal_code);",
              "err": {},
              "uuid": "4dff5a7c-7243-4de2-abfc-7d1f261df35c",
              "parentUUID": "592b83d9-b865-4321-9770-b7ed113efcf7",
              "isHook": false,
              "skipped": false
            },
            {
              "title": "Verify the error message when the postal code field is empty",
              "fullTitle": "Verify that UI and functionality of the check page Verify the error message when the postal code field is empty",
              "timedOut": null,
              "duration": 1891,
              "state": "passed",
              "speed": "fast",
              "pass": true,
              "fail": false,
              "pending": false,
              "context": null,
              "code": "checkOut.errorForMissingPostalCode(userData.checkout_information.first_name, userData.checkout_information.last_name);",
              "err": {},
              "uuid": "c86219d9-fa47-4956-a9c6-12d3e50cd122",
              "parentUUID": "592b83d9-b865-4321-9770-b7ed113efcf7",
              "isHook": false,
              "skipped": false
            },
            {
              "title": "Verify that the user is redirceted towards the product details page when all the details are filled",
              "fullTitle": "Verify that UI and functionality of the check page Verify that the user is redirceted towards the product details page when all the details are filled",
              "timedOut": null,
              "duration": 2059,
              "state": "passed",
              "speed": "fast",
              "pass": true,
              "fail": false,
              "pending": false,
              "context": null,
              "code": "checkOut.allFieldFilled(userData.checkout_information.first_name, userData.checkout_information.last_name, userData.checkout_information.zip_postal_code);",
              "err": {},
              "uuid": "ae9db071-795c-4f55-96b7-b478df540488",
              "parentUUID": "592b83d9-b865-4321-9770-b7ed113efcf7",
              "isHook": false,
              "skipped": false
            },
            {
              "title": "Verify that the user clicks the cancel button",
              "fullTitle": "Verify that UI and functionality of the check page Verify that the user clicks the cancel button",
              "timedOut": null,
              "duration": 1416,
              "state": "passed",
              "speed": "fast",
              "pass": true,
              "fail": false,
              "pending": false,
              "context": null,
              "code": "checkOut.cancelButton();",
              "err": {},
              "uuid": "c222ce3b-5ff0-4011-8e22-8232af396e4a",
              "parentUUID": "592b83d9-b865-4321-9770-b7ed113efcf7",
              "isHook": false,
              "skipped": false
            }
          ],
          "suites": [],
          "passes": [
            "0af1e344-9a9d-4dd6-9658-295317efe3cd",
            "6b6e5ddd-1a6b-4b95-b5c2-6ebaea1f5853",
            "0240ca79-edd2-4401-8f6e-a574a61bc2b6",
            "4dff5a7c-7243-4de2-abfc-7d1f261df35c",
            "c86219d9-fa47-4956-a9c6-12d3e50cd122",
            "ae9db071-795c-4f55-96b7-b478df540488",
            "c222ce3b-5ff0-4011-8e22-8232af396e4a"
          ],
          "failures": [],
          "pending": [],
          "skipped": [],
          "duration": 12407,
          "root": false,
          "rootEmpty": false,
          "_timeout": 2000
        },
        {
          "uuid": "12a7faf2-0c88-45cf-a300-a4c080b05574",
          "title": "Verify the footer of the page",
          "fullFile": "",
          "file": "",
          "beforeHooks": [],
          "afterHooks": [],
          "tests": [
            {
              "title": "Verify that the footer is visible in the page",
              "fullTitle": "Verify the footer of the page Verify that the footer is visible in the page",
              "timedOut": null,
              "duration": 1329,
              "state": "passed",
              "speed": "fast",
              "pass": true,
              "fail": false,
              "pending": false,
              "context": null,
              "code": "footer.visible();",
              "err": {},
              "uuid": "4a7855a2-e9c9-4d78-b392-e475c205e136",
              "parentUUID": "12a7faf2-0c88-45cf-a300-a4c080b05574",
              "isHook": false,
              "skipped": false
            },
            {
              "title": "Verify that the social media icon is visible to the user",
              "fullTitle": "Verify the footer of the page Verify that the social media icon is visible to the user",
              "timedOut": null,
              "duration": 1327,
              "state": "passed",
              "speed": "fast",
              "pass": true,
              "fail": false,
              "pending": false,
              "context": null,
              "code": "footer.iconVisible();",
              "err": {},
              "uuid": "033ad911-6a2f-4733-b29b-397d8184833d",
              "parentUUID": "12a7faf2-0c88-45cf-a300-a4c080b05574",
              "isHook": false,
              "skipped": false
            },
            {
              "title": "Verify that the copy right text is visible to the user",
              "fullTitle": "Verify the footer of the page Verify that the copy right text is visible to the user",
              "timedOut": null,
              "duration": 1337,
              "state": "passed",
              "speed": "fast",
              "pass": true,
              "fail": false,
              "pending": false,
              "context": null,
              "code": "footer.copyRightText();",
              "err": {},
              "uuid": "496b1ff6-e870-4dac-9956-4d2c8a66b8ba",
              "parentUUID": "12a7faf2-0c88-45cf-a300-a4c080b05574",
              "isHook": false,
              "skipped": false
            }
          ],
          "suites": [],
          "passes": [
            "4a7855a2-e9c9-4d78-b392-e475c205e136",
            "033ad911-6a2f-4733-b29b-397d8184833d",
            "496b1ff6-e870-4dac-9956-4d2c8a66b8ba"
          ],
          "failures": [],
          "pending": [],
          "skipped": [],
          "duration": 3993,
          "root": false,
          "rootEmpty": false,
          "_timeout": 2000
        }
      ],
      "passes": [],
      "failures": [],
      "pending": [],
      "skipped": [],
      "duration": 0,
      "root": true,
      "rootEmpty": true,
      "_timeout": 2000
    }
  ],
  "meta": {
    "mocha": {
      "version": "7.2.0"
    },
    "mochawesome": {
      "options": {
        "quiet": false,
        "reportFilename": "mochawesome",
        "saveHtml": false,
        "saveJson": true,
        "consoleReporter": "spec",
        "useInlineDiffs": false,
        "code": true
      },
      "version": "7.1.3"
    },
    "marge": {
      "options": {
        "reportDir": "cypress/reports",
        "overwrite": false,
        "html": false,
        "json": true
      },
      "version": "6.2.0"
    }
  }
}