{
  "stats": {
    "suites": 3,
    "tests": 13,
    "passes": 13,
    "pending": 0,
    "failures": 0,
    "start": "2025-08-31T08:35:34.940Z",
    "end": "2025-08-31T08:35:55.657Z",
    "duration": 20717,
    "testsRegistered": 13,
    "passPercent": 100,
    "pendingPercent": 0,
    "other": 0,
    "hasOther": false,
    "skipped": 0,
    "hasSkipped": false
  },
  "results": [
    {
      "uuid": "a840f832-4187-4eb0-b230-8f952fe6a2b8",
      "title": "",
      "fullFile": "cypress\\e2e\\cart.cy.js",
      "file": "cypress\\e2e\\cart.cy.js",
      "beforeHooks": [],
      "afterHooks": [],
      "tests": [],
      "suites": [
        {
          "uuid": "69d41316-4b72-47f3-b821-fddf44f7da12",
          "title": "Verify the header of the page",
          "fullFile": "",
          "file": "",
          "beforeHooks": [],
          "afterHooks": [],
          "tests": [
            {
              "title": "Verify that the cart icon in the web application",
              "fullTitle": "Verify the header of the page Verify that the cart icon in the web application",
              "timedOut": null,
              "duration": 2333,
              "state": "passed",
              "speed": "fast",
              "pass": true,
              "fail": false,
              "pending": false,
              "context": null,
              "code": "header.cartIcon();",
              "err": {},
              "uuid": "85b18b66-228b-494d-a617-13521cb752f4",
              "parentUUID": "69d41316-4b72-47f3-b821-fddf44f7da12",
              "isHook": false,
              "skipped": false
            },
            {
              "title": "Verify that the logo is visible in the web application",
              "fullTitle": "Verify the header of the page Verify that the logo is visible in the web application",
              "timedOut": null,
              "duration": 1351,
              "state": "passed",
              "speed": "fast",
              "pass": true,
              "fail": false,
              "pending": false,
              "context": null,
              "code": "header.logo();",
              "err": {},
              "uuid": "6e62dda2-e38c-4c56-89ed-99d287b76c22",
              "parentUUID": "69d41316-4b72-47f3-b821-fddf44f7da12",
              "isHook": false,
              "skipped": false
            },
            {
              "title": "Verify that the menu icon is visible in the web application",
              "fullTitle": "Verify the header of the page Verify that the menu icon is visible in the web application",
              "timedOut": null,
              "duration": 1587,
              "state": "passed",
              "speed": "fast",
              "pass": true,
              "fail": false,
              "pending": false,
              "context": null,
              "code": "header.menuIcon();",
              "err": {},
              "uuid": "4fab9e38-d141-41ca-a7db-8affc772b510",
              "parentUUID": "69d41316-4b72-47f3-b821-fddf44f7da12",
              "isHook": false,
              "skipped": false
            },
            {
              "title": "Verify thatt the user clicks on the menu icon",
              "fullTitle": "Verify the header of the page Verify thatt the user clicks on the menu icon",
              "timedOut": null,
              "duration": 1333,
              "state": "passed",
              "speed": "fast",
              "pass": true,
              "fail": false,
              "pending": false,
              "context": null,
              "code": "header.onClickMenuIcon();",
              "err": {},
              "uuid": "cb2da39d-ced2-4fad-8af6-691980126d03",
              "parentUUID": "69d41316-4b72-47f3-b821-fddf44f7da12",
              "isHook": false,
              "skipped": false
            },
            {
              "title": "Verify thatt the user clicks on the hover over the menu option",
              "fullTitle": "Verify the header of the page Verify thatt the user clicks on the hover over the menu option",
              "timedOut": null,
              "duration": 1318,
              "state": "passed",
              "speed": "fast",
              "pass": true,
              "fail": false,
              "pending": false,
              "context": null,
              "code": "header.onHoveringMenuOption();",
              "err": {},
              "uuid": "0b6a32de-65be-4668-80cc-c36ff8b8c01e",
              "parentUUID": "69d41316-4b72-47f3-b821-fddf44f7da12",
              "isHook": false,
              "skipped": false
            }
          ],
          "suites": [],
          "passes": [
            "85b18b66-228b-494d-a617-13521cb752f4",
            "6e62dda2-e38c-4c56-89ed-99d287b76c22",
            "4fab9e38-d141-41ca-a7db-8affc772b510",
            "cb2da39d-ced2-4fad-8af6-691980126d03",
            "0b6a32de-65be-4668-80cc-c36ff8b8c01e"
          ],
          "failures": [],
          "pending": [],
          "skipped": [],
          "duration": 7922,
          "root": false,
          "rootEmpty": false,
          "_timeout": 2000
        },
        {
          "uuid": "33582a02-955b-4a6e-b009-0d543bfaa42d",
          "title": "Verify the functionality of the cart page",
          "fullFile": "",
          "file": "",
          "beforeHooks": [],
          "afterHooks": [],
          "tests": [
            {
              "title": "Verify that the page heading is visible to the user",
              "fullTitle": "Verify the functionality of the cart page Verify that the page heading is visible to the user",
              "timedOut": null,
              "duration": 1266,
              "state": "passed",
              "speed": "fast",
              "pass": true,
              "fail": false,
              "pending": false,
              "context": null,
              "code": "addToCart.cartPageheading();",
              "err": {},
              "uuid": "d7f5ad8e-7725-4a7d-b4a1-0de71b633dc9",
              "parentUUID": "33582a02-955b-4a6e-b009-0d543bfaa42d",
              "isHook": false,
              "skipped": false
            },
            {
              "title": "Verify the deatils of the added product",
              "fullTitle": "Verify the functionality of the cart page Verify the deatils of the added product",
              "timedOut": null,
              "duration": 1251,
              "state": "passed",
              "speed": "fast",
              "pass": true,
              "fail": false,
              "pending": false,
              "context": null,
              "code": "addToCart.addedProductDetails();",
              "err": {},
              "uuid": "353dd47c-e58b-4d88-b902-df44567037bd",
              "parentUUID": "33582a02-955b-4a6e-b009-0d543bfaa42d",
              "isHook": false,
              "skipped": false
            },
            {
              "title": "Verify that product gets remove on clicking the remove button",
              "fullTitle": "Verify the functionality of the cart page Verify that product gets remove on clicking the remove button",
              "timedOut": null,
              "duration": 1402,
              "state": "passed",
              "speed": "fast",
              "pass": true,
              "fail": false,
              "pending": false,
              "context": null,
              "code": "addToCart.removeProductFromCart();",
              "err": {},
              "uuid": "d7343f7f-b54d-45ce-9567-af0e9bb16fcc",
              "parentUUID": "33582a02-955b-4a6e-b009-0d543bfaa42d",
              "isHook": false,
              "skipped": false
            },
            {
              "title": "Verify that the user is redirected towrsd the product page on clicking the back to product",
              "fullTitle": "Verify the functionality of the cart page Verify that the user is redirected towrsd the product page on clicking the back to product",
              "timedOut": null,
              "duration": 1341,
              "state": "passed",
              "speed": "fast",
              "pass": true,
              "fail": false,
              "pending": false,
              "context": null,
              "code": "addToCart.backToProductPage();",
              "err": {},
              "uuid": "38869e6f-605f-41a4-925b-4a13d3d28f4e",
              "parentUUID": "33582a02-955b-4a6e-b009-0d543bfaa42d",
              "isHook": false,
              "skipped": false
            },
            {
              "title": "Verify that the user is redirected towards the checkout page",
              "fullTitle": "Verify the functionality of the cart page Verify that the user is redirected towards the checkout page",
              "timedOut": null,
              "duration": 1382,
              "state": "passed",
              "speed": "fast",
              "pass": true,
              "fail": false,
              "pending": false,
              "context": null,
              "code": "addToCart.checkoutPage();",
              "err": {},
              "uuid": "90bd13f7-3610-4cbc-9171-9e5495c9ad8f",
              "parentUUID": "33582a02-955b-4a6e-b009-0d543bfaa42d",
              "isHook": false,
              "skipped": false
            }
          ],
          "suites": [],
          "passes": [
            "d7f5ad8e-7725-4a7d-b4a1-0de71b633dc9",
            "353dd47c-e58b-4d88-b902-df44567037bd",
            "d7343f7f-b54d-45ce-9567-af0e9bb16fcc",
            "38869e6f-605f-41a4-925b-4a13d3d28f4e",
            "90bd13f7-3610-4cbc-9171-9e5495c9ad8f"
          ],
          "failures": [],
          "pending": [],
          "skipped": [],
          "duration": 6642,
          "root": false,
          "rootEmpty": false,
          "_timeout": 2000
        },
        {
          "uuid": "820726ff-2bd3-4267-9c26-25d3f8f898f4",
          "title": "Verify the footer of the page",
          "fullFile": "",
          "file": "",
          "beforeHooks": [],
          "afterHooks": [],
          "tests": [
            {
              "title": "Verify that the footer is visible in the page",
              "fullTitle": "Verify the footer of the page Verify that the footer is visible in the page",
              "timedOut": null,
              "duration": 1273,
              "state": "passed",
              "speed": "fast",
              "pass": true,
              "fail": false,
              "pending": false,
              "context": null,
              "code": "footer.visible();",
              "err": {},
              "uuid": "67773e97-07b6-4289-9238-c033b95299ae",
              "parentUUID": "820726ff-2bd3-4267-9c26-25d3f8f898f4",
              "isHook": false,
              "skipped": false
            },
            {
              "title": "Verify that the social media icon is visible to the user",
              "fullTitle": "Verify the footer of the page Verify that the social media icon is visible to the user",
              "timedOut": null,
              "duration": 1283,
              "state": "passed",
              "speed": "fast",
              "pass": true,
              "fail": false,
              "pending": false,
              "context": null,
              "code": "footer.iconVisible();",
              "err": {},
              "uuid": "ab64a16e-99be-45e8-a502-4389d05e3c0a",
              "parentUUID": "820726ff-2bd3-4267-9c26-25d3f8f898f4",
              "isHook": false,
              "skipped": false
            },
            {
              "title": "Verify that the copy right text is visible to the user",
              "fullTitle": "Verify the footer of the page Verify that the copy right text is visible to the user",
              "timedOut": null,
              "duration": 1228,
              "state": "passed",
              "speed": "fast",
              "pass": true,
              "fail": false,
              "pending": false,
              "context": null,
              "code": "footer.copyRightText();",
              "err": {},
              "uuid": "25cb9f84-0bef-420d-9a09-9edf16dbdd47",
              "parentUUID": "820726ff-2bd3-4267-9c26-25d3f8f898f4",
              "isHook": false,
              "skipped": false
            }
          ],
          "suites": [],
          "passes": [
            "67773e97-07b6-4289-9238-c033b95299ae",
            "ab64a16e-99be-45e8-a502-4389d05e3c0a",
            "25cb9f84-0bef-420d-9a09-9edf16dbdd47"
          ],
          "failures": [],
          "pending": [],
          "skipped": [],
          "duration": 3784,
          "root": false,
          "rootEmpty": false,
          "_timeout": 2000
        }
      ],
      "passes": [],
      "failures": [],
      "pending": [],
      "skipped": [],
      "duration": 0,
      "root": true,
      "rootEmpty": true,
      "_timeout": 2000
    }
  ],
  "meta": {
    "mocha": {
      "version": "7.2.0"
    },
    "mochawesome": {
      "options": {
        "quiet": false,
        "reportFilename": "mochawesome",
        "saveHtml": false,
        "saveJson": true,
        "consoleReporter": "spec",
        "useInlineDiffs": false,
        "code": true
      },
      "version": "7.1.3"
    },
    "marge": {
      "options": {
        "reportDir": "cypress/reports",
        "overwrite": false,
        "html": false,
        "json": true
      },
      "version": "6.2.0"
    }
  }
}