{
  "stats": {
    "suites": 3,
    "tests": 13,
    "passes": 13,
    "pending": 0,
    "failures": 0,
    "start": "2025-08-31T08:31:48.553Z",
    "end": "2025-08-31T08:32:14.168Z",
    "duration": 25615,
    "testsRegistered": 13,
    "passPercent": 100,
    "pendingPercent": 0,
    "other": 0,
    "hasOther": false,
    "skipped": 0,
    "hasSkipped": false
  },
  "results": [
    {
      "uuid": "fbe4459e-8fe2-4792-b0c0-fb3f1d4be65d",
      "title": "",
      "fullFile": "cypress\\e2e\\cart.cy.js",
      "file": "cypress\\e2e\\cart.cy.js",
      "beforeHooks": [],
      "afterHooks": [],
      "tests": [],
      "suites": [
        {
          "uuid": "1ea1fbe1-fecb-4e3f-95ff-bfc509444934",
          "title": "Verify the header of the page",
          "fullFile": "",
          "file": "",
          "beforeHooks": [],
          "afterHooks": [],
          "tests": [
            {
              "title": "Verify that the cart icon in the web application",
              "fullTitle": "Verify the header of the page Verify that the cart icon in the web application",
              "timedOut": null,
              "duration": 2986,
              "state": "passed",
              "speed": "fast",
              "pass": true,
              "fail": false,
              "pending": false,
              "context": null,
              "code": "header.cartIcon();",
              "err": {},
              "uuid": "fe9af0a6-8c78-4197-ac8c-6cf80831289a",
              "parentUUID": "1ea1fbe1-fecb-4e3f-95ff-bfc509444934",
              "isHook": false,
              "skipped": false
            },
            {
              "title": "Verify that the logo is visible in the web application",
              "fullTitle": "Verify the header of the page Verify that the logo is visible in the web application",
              "timedOut": null,
              "duration": 1544,
              "state": "passed",
              "speed": "fast",
              "pass": true,
              "fail": false,
              "pending": false,
              "context": null,
              "code": "header.logo();",
              "err": {},
              "uuid": "87e23a63-ac46-42d5-8c70-d3ae697b0077",
              "parentUUID": "1ea1fbe1-fecb-4e3f-95ff-bfc509444934",
              "isHook": false,
              "skipped": false
            },
            {
              "title": "Verify that the menu icon is visible in the web application",
              "fullTitle": "Verify the header of the page Verify that the menu icon is visible in the web application",
              "timedOut": null,
              "duration": 1614,
              "state": "passed",
              "speed": "fast",
              "pass": true,
              "fail": false,
              "pending": false,
              "context": null,
              "code": "header.menuIcon();",
              "err": {},
              "uuid": "f719e9ab-79c5-4aea-8af4-03d800c986ad",
              "parentUUID": "1ea1fbe1-fecb-4e3f-95ff-bfc509444934",
              "isHook": false,
              "skipped": false
            },
            {
              "title": "Verify thatt the user clicks on the menu icon",
              "fullTitle": "Verify the header of the page Verify thatt the user clicks on the menu icon",
              "timedOut": null,
              "duration": 1944,
              "state": "passed",
              "speed": "fast",
              "pass": true,
              "fail": false,
              "pending": false,
              "context": null,
              "code": "header.onClickMenuIcon();",
              "err": {},
              "uuid": "11e28b5c-d56f-44e4-b470-4e985e386f88",
              "parentUUID": "1ea1fbe1-fecb-4e3f-95ff-bfc509444934",
              "isHook": false,
              "skipped": false
            },
            {
              "title": "Verify thatt the user clicks on the hover over the menu option",
              "fullTitle": "Verify the header of the page Verify thatt the user clicks on the hover over the menu option",
              "timedOut": null,
              "duration": 1801,
              "state": "passed",
              "speed": "fast",
              "pass": true,
              "fail": false,
              "pending": false,
              "context": null,
              "code": "header.onHoveringMenuOption();",
              "err": {},
              "uuid": "fc2a6142-f497-4224-8c27-65b0aaa59d42",
              "parentUUID": "1ea1fbe1-fecb-4e3f-95ff-bfc509444934",
              "isHook": false,
              "skipped": false
            }
          ],
          "suites": [],
          "passes": [
            "fe9af0a6-8c78-4197-ac8c-6cf80831289a",
            "87e23a63-ac46-42d5-8c70-d3ae697b0077",
            "f719e9ab-79c5-4aea-8af4-03d800c986ad",
            "11e28b5c-d56f-44e4-b470-4e985e386f88",
            "fc2a6142-f497-4224-8c27-65b0aaa59d42"
          ],
          "failures": [],
          "pending": [],
          "skipped": [],
          "duration": 9889,
          "root": false,
          "rootEmpty": false,
          "_timeout": 2000
        },
        {
          "uuid": "4f266c55-8574-4ac5-8c2d-f6925616a2e0",
          "title": "Verify the functionality of the cart page",
          "fullFile": "",
          "file": "",
          "beforeHooks": [],
          "afterHooks": [],
          "tests": [
            {
              "title": "Verify that the page heading is visible to the user",
              "fullTitle": "Verify the functionality of the cart page Verify that the page heading is visible to the user",
              "timedOut": null,
              "duration": 1584,
              "state": "passed",
              "speed": "fast",
              "pass": true,
              "fail": false,
              "pending": false,
              "context": null,
              "code": "addToCart.cartPageheading();",
              "err": {},
              "uuid": "fe20a16c-299d-4ae3-a8cd-7f4af0fc8c81",
              "parentUUID": "4f266c55-8574-4ac5-8c2d-f6925616a2e0",
              "isHook": false,
              "skipped": false
            },
            {
              "title": "Verify the deatils of the added product",
              "fullTitle": "Verify the functionality of the cart page Verify the deatils of the added product",
              "timedOut": null,
              "duration": 1566,
              "state": "passed",
              "speed": "fast",
              "pass": true,
              "fail": false,
              "pending": false,
              "context": null,
              "code": "addToCart.addedProductDetails();",
              "err": {},
              "uuid": "d94cf066-77f3-4454-a14d-c13b0eb26acc",
              "parentUUID": "4f266c55-8574-4ac5-8c2d-f6925616a2e0",
              "isHook": false,
              "skipped": false
            },
            {
              "title": "Verify that product gets remove on clicking the remove button",
              "fullTitle": "Verify the functionality of the cart page Verify that product gets remove on clicking the remove button",
              "timedOut": null,
              "duration": 1632,
              "state": "passed",
              "speed": "fast",
              "pass": true,
              "fail": false,
              "pending": false,
              "context": null,
              "code": "addToCart.removeProductFromCart();",
              "err": {},
              "uuid": "c79de462-8a28-4023-9e1f-0c2e67e3fb06",
              "parentUUID": "4f266c55-8574-4ac5-8c2d-f6925616a2e0",
              "isHook": false,
              "skipped": false
            },
            {
              "title": "Verify that the user is redirected towrsd the product page on clicking the back to product",
              "fullTitle": "Verify the functionality of the cart page Verify that the user is redirected towrsd the product page on clicking the back to product",
              "timedOut": null,
              "duration": 1591,
              "state": "passed",
              "speed": "fast",
              "pass": true,
              "fail": false,
              "pending": false,
              "context": null,
              "code": "addToCart.backToProductPage();",
              "err": {},
              "uuid": "30b360dc-8d9d-4a94-b81b-5758b910d699",
              "parentUUID": "4f266c55-8574-4ac5-8c2d-f6925616a2e0",
              "isHook": false,
              "skipped": false
            },
            {
              "title": "Verify that the user is redirected towards the checkout page",
              "fullTitle": "Verify the functionality of the cart page Verify that the user is redirected towards the checkout page",
              "timedOut": null,
              "duration": 1561,
              "state": "passed",
              "speed": "fast",
              "pass": true,
              "fail": false,
              "pending": false,
              "context": null,
              "code": "addToCart.checkoutPage();",
              "err": {},
              "uuid": "ef2bc082-6e87-4f9a-837a-9942b50ac23a",
              "parentUUID": "4f266c55-8574-4ac5-8c2d-f6925616a2e0",
              "isHook": false,
              "skipped": false
            }
          ],
          "suites": [],
          "passes": [
            "fe20a16c-299d-4ae3-a8cd-7f4af0fc8c81",
            "d94cf066-77f3-4454-a14d-c13b0eb26acc",
            "c79de462-8a28-4023-9e1f-0c2e67e3fb06",
            "30b360dc-8d9d-4a94-b81b-5758b910d699",
            "ef2bc082-6e87-4f9a-837a-9942b50ac23a"
          ],
          "failures": [],
          "pending": [],
          "skipped": [],
          "duration": 7934,
          "root": false,
          "rootEmpty": false,
          "_timeout": 2000
        },
        {
          "uuid": "128a8917-7a06-4d0c-9156-3cb0aea4a2f3",
          "title": "Verify the footer of the page",
          "fullFile": "",
          "file": "",
          "beforeHooks": [],
          "afterHooks": [],
          "tests": [
            {
              "title": "Verify that the footer is visible in the page",
              "fullTitle": "Verify the footer of the page Verify that the footer is visible in the page",
              "timedOut": null,
              "duration": 1446,
              "state": "passed",
              "speed": "fast",
              "pass": true,
              "fail": false,
              "pending": false,
              "context": null,
              "code": "footer.visible();",
              "err": {},
              "uuid": "70383512-a9dc-483b-a707-18c6d2a9492c",
              "parentUUID": "128a8917-7a06-4d0c-9156-3cb0aea4a2f3",
              "isHook": false,
              "skipped": false
            },
            {
              "title": "Verify that the social media icon is visible to the user",
              "fullTitle": "Verify the footer of the page Verify that the social media icon is visible to the user",
              "timedOut": null,
              "duration": 1476,
              "state": "passed",
              "speed": "fast",
              "pass": true,
              "fail": false,
              "pending": false,
              "context": null,
              "code": "footer.iconVisible();",
              "err": {},
              "uuid": "032d3f93-b06f-4c45-a56e-4c0a9c0fd5d7",
              "parentUUID": "128a8917-7a06-4d0c-9156-3cb0aea4a2f3",
              "isHook": false,
              "skipped": false
            },
            {
              "title": "Verify that the copy right text is visible to the user",
              "fullTitle": "Verify the footer of the page Verify that the copy right text is visible to the user",
              "timedOut": null,
              "duration": 1486,
              "state": "passed",
              "speed": "fast",
              "pass": true,
              "fail": false,
              "pending": false,
              "context": null,
              "code": "footer.copyRightText();",
              "err": {},
              "uuid": "eb378d91-7b3b-4f09-833f-2e1803becbcc",
              "parentUUID": "128a8917-7a06-4d0c-9156-3cb0aea4a2f3",
              "isHook": false,
              "skipped": false
            }
          ],
          "suites": [],
          "passes": [
            "70383512-a9dc-483b-a707-18c6d2a9492c",
            "032d3f93-b06f-4c45-a56e-4c0a9c0fd5d7",
            "eb378d91-7b3b-4f09-833f-2e1803becbcc"
          ],
          "failures": [],
          "pending": [],
          "skipped": [],
          "duration": 4408,
          "root": false,
          "rootEmpty": false,
          "_timeout": 2000
        }
      ],
      "passes": [],
      "failures": [],
      "pending": [],
      "skipped": [],
      "duration": 0,
      "root": true,
      "rootEmpty": true,
      "_timeout": 2000
    }
  ],
  "meta": {
    "mocha": {
      "version": "7.2.0"
    },
    "mochawesome": {
      "options": {
        "quiet": false,
        "reportFilename": "mochawesome",
        "saveHtml": false,
        "saveJson": true,
        "consoleReporter": "spec",
        "useInlineDiffs": false,
        "code": true
      },
      "version": "7.1.3"
    },
    "marge": {
      "options": {
        "reportDir": "cypress/reports",
        "overwrite": false,
        "html": false,
        "json": true
      },
      "version": "6.2.0"
    }
  }
}