{
  "stats": {
    "suites": 3,
    "tests": 13,
    "passes": 13,
    "pending": 0,
    "failures": 0,
    "start": "2025-08-31T08:29:12.710Z",
    "end": "2025-08-31T08:29:44.284Z",
    "duration": 31574,
    "testsRegistered": 13,
    "passPercent": 100,
    "pendingPercent": 0,
    "other": 0,
    "hasOther": false,
    "skipped": 0,
    "hasSkipped": false
  },
  "results": [
    {
      "uuid": "4362f95f-4d92-402c-a498-047a3247f017",
      "title": "",
      "fullFile": "cypress\\e2e\\checkoutDetails.cy.js",
      "file": "cypress\\e2e\\checkoutDetails.cy.js",
      "beforeHooks": [],
      "afterHooks": [],
      "tests": [],
      "suites": [
        {
          "uuid": "fb462681-de8d-43c6-ae0b-b7aa22405bcd",
          "title": "Verify the header of the page",
          "fullFile": "",
          "file": "",
          "beforeHooks": [],
          "afterHooks": [],
          "tests": [
            {
              "title": "Verify that the cart icon in the web application",
              "fullTitle": "Verify the header of the page Verify that the cart icon in the web application",
              "timedOut": null,
              "duration": 3355,
              "state": "passed",
              "speed": "fast",
              "pass": true,
              "fail": false,
              "pending": false,
              "context": null,
              "code": "header.cartIcon();",
              "err": {},
              "uuid": "3ce54416-5995-4e6c-a7f4-a5c8136de6a3",
              "parentUUID": "fb462681-de8d-43c6-ae0b-b7aa22405bcd",
              "isHook": false,
              "skipped": false
            },
            {
              "title": "Verify that the logo is visible in the web application",
              "fullTitle": "Verify the header of the page Verify that the logo is visible in the web application",
              "timedOut": null,
              "duration": 2596,
              "state": "passed",
              "speed": "fast",
              "pass": true,
              "fail": false,
              "pending": false,
              "context": null,
              "code": "header.logo();",
              "err": {},
              "uuid": "f1533067-3046-45aa-a08e-ad249fd6173c",
              "parentUUID": "fb462681-de8d-43c6-ae0b-b7aa22405bcd",
              "isHook": false,
              "skipped": false
            },
            {
              "title": "Verify that the menu icon is visible in the web application",
              "fullTitle": "Verify the header of the page Verify that the menu icon is visible in the web application",
              "timedOut": null,
              "duration": 2091,
              "state": "passed",
              "speed": "fast",
              "pass": true,
              "fail": false,
              "pending": false,
              "context": null,
              "code": "header.menuIcon();",
              "err": {},
              "uuid": "74fa95e6-5afd-4e9c-b614-5ac07e6acd42",
              "parentUUID": "fb462681-de8d-43c6-ae0b-b7aa22405bcd",
              "isHook": false,
              "skipped": false
            },
            {
              "title": "Verify thatt the user clicks on the menu icon",
              "fullTitle": "Verify the header of the page Verify thatt the user clicks on the menu icon",
              "timedOut": null,
              "duration": 2266,
              "state": "passed",
              "speed": "fast",
              "pass": true,
              "fail": false,
              "pending": false,
              "context": null,
              "code": "header.onClickMenuIcon();",
              "err": {},
              "uuid": "5810cb25-80f4-4235-9096-cacfa47923b8",
              "parentUUID": "fb462681-de8d-43c6-ae0b-b7aa22405bcd",
              "isHook": false,
              "skipped": false
            },
            {
              "title": "Verify thatt the user clicks on the hover over the menu option",
              "fullTitle": "Verify the header of the page Verify thatt the user clicks on the hover over the menu option",
              "timedOut": null,
              "duration": 2193,
              "state": "passed",
              "speed": "fast",
              "pass": true,
              "fail": false,
              "pending": false,
              "context": null,
              "code": "header.onHoveringMenuOption();",
              "err": {},
              "uuid": "244a603c-a9ac-4366-aa23-d64fb290e7ca",
              "parentUUID": "fb462681-de8d-43c6-ae0b-b7aa22405bcd",
              "isHook": false,
              "skipped": false
            }
          ],
          "suites": [],
          "passes": [
            "3ce54416-5995-4e6c-a7f4-a5c8136de6a3",
            "f1533067-3046-45aa-a08e-ad249fd6173c",
            "74fa95e6-5afd-4e9c-b614-5ac07e6acd42",
            "5810cb25-80f4-4235-9096-cacfa47923b8",
            "244a603c-a9ac-4366-aa23-d64fb290e7ca"
          ],
          "failures": [],
          "pending": [],
          "skipped": [],
          "duration": 12501,
          "root": false,
          "rootEmpty": false,
          "_timeout": 2000
        },
        {
          "uuid": "7776fc89-d880-4458-9202-cd681ad8c1a6",
          "title": "Verify the product details in checkout page",
          "fullFile": "",
          "file": "",
          "beforeHooks": [],
          "afterHooks": [],
          "tests": [
            {
              "title": "Verify that the page heading is visible to the user",
              "fullTitle": "Verify the product details in checkout page Verify that the page heading is visible to the user",
              "timedOut": null,
              "duration": 2128,
              "state": "passed",
              "speed": "fast",
              "pass": true,
              "fail": false,
              "pending": false,
              "context": null,
              "code": "checkoutDetails.pageHeading();",
              "err": {},
              "uuid": "1ff951a6-6bca-48f4-819f-3265bf22e6d7",
              "parentUUID": "7776fc89-d880-4458-9202-cd681ad8c1a6",
              "isHook": false,
              "skipped": false
            },
            {
              "title": "Verify that the product is visible to the user",
              "fullTitle": "Verify the product details in checkout page Verify that the product is visible to the user",
              "timedOut": null,
              "duration": 2110,
              "state": "passed",
              "speed": "fast",
              "pass": true,
              "fail": false,
              "pending": false,
              "context": null,
              "code": "checkoutDetails.productVisibility();",
              "err": {},
              "uuid": "64fa0614-b04d-4be4-8abf-dd30c9236756",
              "parentUUID": "7776fc89-d880-4458-9202-cd681ad8c1a6",
              "isHook": false,
              "skipped": false
            },
            {
              "title": "Verify that the payment and the shipment section is visible to the user",
              "fullTitle": "Verify the product details in checkout page Verify that the payment and the shipment section is visible to the user",
              "timedOut": null,
              "duration": 2071,
              "state": "passed",
              "speed": "fast",
              "pass": true,
              "fail": false,
              "pending": false,
              "context": null,
              "code": "checkoutDetails.paymentAndShippingSectionInfo();",
              "err": {},
              "uuid": "80a61169-9cbd-4616-ab2b-92d81ddcc645",
              "parentUUID": "7776fc89-d880-4458-9202-cd681ad8c1a6",
              "isHook": false,
              "skipped": false
            },
            {
              "title": "Verify that the user clicks the cancel button",
              "fullTitle": "Verify the product details in checkout page Verify that the user clicks the cancel button",
              "timedOut": null,
              "duration": 2054,
              "state": "passed",
              "speed": "fast",
              "pass": true,
              "fail": false,
              "pending": false,
              "context": null,
              "code": "checkoutDetails.cancelButton();",
              "err": {},
              "uuid": "83d63fac-713d-4e3e-b9a2-56141157a420",
              "parentUUID": "7776fc89-d880-4458-9202-cd681ad8c1a6",
              "isHook": false,
              "skipped": false
            },
            {
              "title": "Verify that the user clicks the finish button",
              "fullTitle": "Verify the product details in checkout page Verify that the user clicks the finish button",
              "timedOut": null,
              "duration": 2257,
              "state": "passed",
              "speed": "fast",
              "pass": true,
              "fail": false,
              "pending": false,
              "context": null,
              "code": "checkoutDetails.clickFinishButton();",
              "err": {},
              "uuid": "5b5badeb-1eda-4e71-8a5e-2ffc82c831da",
              "parentUUID": "7776fc89-d880-4458-9202-cd681ad8c1a6",
              "isHook": false,
              "skipped": false
            }
          ],
          "suites": [],
          "passes": [
            "1ff951a6-6bca-48f4-819f-3265bf22e6d7",
            "64fa0614-b04d-4be4-8abf-dd30c9236756",
            "80a61169-9cbd-4616-ab2b-92d81ddcc645",
            "83d63fac-713d-4e3e-b9a2-56141157a420",
            "5b5badeb-1eda-4e71-8a5e-2ffc82c831da"
          ],
          "failures": [],
          "pending": [],
          "skipped": [],
          "duration": 10620,
          "root": false,
          "rootEmpty": false,
          "_timeout": 2000
        },
        {
          "uuid": "db6de53a-e745-4bec-b1c4-fa85f7623a16",
          "title": "Verify the footer of the page",
          "fullFile": "",
          "file": "",
          "beforeHooks": [],
          "afterHooks": [],
          "tests": [
            {
              "title": "Verify that the footer is visible in the page",
              "fullTitle": "Verify the footer of the page Verify that the footer is visible in the page",
              "timedOut": null,
              "duration": 2052,
              "state": "passed",
              "speed": "fast",
              "pass": true,
              "fail": false,
              "pending": false,
              "context": null,
              "code": "footer.visible();",
              "err": {},
              "uuid": "5871df5a-2749-49f0-9fc9-07c0f741e6f3",
              "parentUUID": "db6de53a-e745-4bec-b1c4-fa85f7623a16",
              "isHook": false,
              "skipped": false
            },
            {
              "title": "Verify that the social media icon is visible to the user",
              "fullTitle": "Verify the footer of the page Verify that the social media icon is visible to the user",
              "timedOut": null,
              "duration": 2061,
              "state": "passed",
              "speed": "fast",
              "pass": true,
              "fail": false,
              "pending": false,
              "context": null,
              "code": "footer.iconVisible();",
              "err": {},
              "uuid": "40a7c336-af05-4555-b3ec-145af4dbec4f",
              "parentUUID": "db6de53a-e745-4bec-b1c4-fa85f7623a16",
              "isHook": false,
              "skipped": false
            },
            {
              "title": "Verify that the copy right text is visible to the user",
              "fullTitle": "Verify the footer of the page Verify that the copy right text is visible to the user",
              "timedOut": null,
              "duration": 2071,
              "state": "passed",
              "speed": "fast",
              "pass": true,
              "fail": false,
              "pending": false,
              "context": null,
              "code": "footer.copyRightText();",
              "err": {},
              "uuid": "b7145cf5-dea0-4964-a393-9826d9d4f8d1",
              "parentUUID": "db6de53a-e745-4bec-b1c4-fa85f7623a16",
              "isHook": false,
              "skipped": false
            }
          ],
          "suites": [],
          "passes": [
            "5871df5a-2749-49f0-9fc9-07c0f741e6f3",
            "40a7c336-af05-4555-b3ec-145af4dbec4f",
            "b7145cf5-dea0-4964-a393-9826d9d4f8d1"
          ],
          "failures": [],
          "pending": [],
          "skipped": [],
          "duration": 6184,
          "root": false,
          "rootEmpty": false,
          "_timeout": 2000
        }
      ],
      "passes": [],
      "failures": [],
      "pending": [],
      "skipped": [],
      "duration": 0,
      "root": true,
      "rootEmpty": true,
      "_timeout": 2000
    }
  ],
  "meta": {
    "mocha": {
      "version": "7.2.0"
    },
    "mochawesome": {
      "options": {
        "quiet": false,
        "reportFilename": "mochawesome",
        "saveHtml": false,
        "saveJson": true,
        "consoleReporter": "spec",
        "useInlineDiffs": false,
        "code": true
      },
      "version": "7.1.3"
    },
    "marge": {
      "options": {
        "reportDir": "cypress/reports",
        "overwrite": false,
        "html": false,
        "json": true
      },
      "version": "6.2.0"
    }
  }
}