{
  "stats": {
    "suites": 3,
    "tests": 13,
    "passes": 13,
    "pending": 0,
    "failures": 0,
    "start": "2025-08-31T07:45:39.775Z",
    "end": "2025-08-31T07:46:11.758Z",
    "duration": 31983,
    "testsRegistered": 13,
    "passPercent": 100,
    "pendingPercent": 0,
    "other": 0,
    "hasOther": false,
    "skipped": 0,
    "hasSkipped": false
  },
  "results": [
    {
      "uuid": "c12c7d44-c70a-4c0f-aeaa-ddf254a0857a",
      "title": "",
      "fullFile": "cypress\\e2e\\checkoutDetails.cy.js",
      "file": "cypress\\e2e\\checkoutDetails.cy.js",
      "beforeHooks": [],
      "afterHooks": [],
      "tests": [],
      "suites": [
        {
          "uuid": "566402b1-94f2-453b-9aa1-0fdaf6f03196",
          "title": "Verify the header of the page",
          "fullFile": "",
          "file": "",
          "beforeHooks": [],
          "afterHooks": [],
          "tests": [
            {
              "title": "Verify that the cart icon in the web application",
              "fullTitle": "Verify the header of the page Verify that the cart icon in the web application",
              "timedOut": null,
              "duration": 3626,
              "state": "passed",
              "speed": "fast",
              "pass": true,
              "fail": false,
              "pending": false,
              "context": null,
              "code": "header.cartIcon();",
              "err": {},
              "uuid": "85a26799-8d2c-4974-99fc-c05e6e2ad41b",
              "parentUUID": "566402b1-94f2-453b-9aa1-0fdaf6f03196",
              "isHook": false,
              "skipped": false
            },
            {
              "title": "Verify that the logo is visible in the web application",
              "fullTitle": "Verify the header of the page Verify that the logo is visible in the web application",
              "timedOut": null,
              "duration": 2467,
              "state": "passed",
              "speed": "fast",
              "pass": true,
              "fail": false,
              "pending": false,
              "context": null,
              "code": "header.logo();",
              "err": {},
              "uuid": "01e07e0f-cbdc-40b2-94ee-6d6247884c59",
              "parentUUID": "566402b1-94f2-453b-9aa1-0fdaf6f03196",
              "isHook": false,
              "skipped": false
            },
            {
              "title": "Verify that the menu icon is visible in the web application",
              "fullTitle": "Verify the header of the page Verify that the menu icon is visible in the web application",
              "timedOut": null,
              "duration": 2098,
              "state": "passed",
              "speed": "fast",
              "pass": true,
              "fail": false,
              "pending": false,
              "context": null,
              "code": "header.menuIcon();",
              "err": {},
              "uuid": "b750c6f4-8ffe-45e5-aac5-2967e8bb83fc",
              "parentUUID": "566402b1-94f2-453b-9aa1-0fdaf6f03196",
              "isHook": false,
              "skipped": false
            },
            {
              "title": "Verify thatt the user clicks on the menu icon",
              "fullTitle": "Verify the header of the page Verify thatt the user clicks on the menu icon",
              "timedOut": null,
              "duration": 2298,
              "state": "passed",
              "speed": "fast",
              "pass": true,
              "fail": false,
              "pending": false,
              "context": null,
              "code": "header.onClickMenuIcon();",
              "err": {},
              "uuid": "fec099a6-e457-488a-aa47-d81fd0950916",
              "parentUUID": "566402b1-94f2-453b-9aa1-0fdaf6f03196",
              "isHook": false,
              "skipped": false
            },
            {
              "title": "Verify thatt the user clicks on the hover over the menu option",
              "fullTitle": "Verify the header of the page Verify thatt the user clicks on the hover over the menu option",
              "timedOut": null,
              "duration": 2172,
              "state": "passed",
              "speed": "fast",
              "pass": true,
              "fail": false,
              "pending": false,
              "context": null,
              "code": "header.onHoveringMenuOption();",
              "err": {},
              "uuid": "b4f13037-5205-4e2b-9a02-fe3027d470b6",
              "parentUUID": "566402b1-94f2-453b-9aa1-0fdaf6f03196",
              "isHook": false,
              "skipped": false
            }
          ],
          "suites": [],
          "passes": [
            "85a26799-8d2c-4974-99fc-c05e6e2ad41b",
            "01e07e0f-cbdc-40b2-94ee-6d6247884c59",
            "b750c6f4-8ffe-45e5-aac5-2967e8bb83fc",
            "fec099a6-e457-488a-aa47-d81fd0950916",
            "b4f13037-5205-4e2b-9a02-fe3027d470b6"
          ],
          "failures": [],
          "pending": [],
          "skipped": [],
          "duration": 12661,
          "root": false,
          "rootEmpty": false,
          "_timeout": 2000
        },
        {
          "uuid": "344c6675-63d0-4f74-9e25-3e13b3678665",
          "title": "Verify the product details in checkout page",
          "fullFile": "",
          "file": "",
          "beforeHooks": [],
          "afterHooks": [],
          "tests": [
            {
              "title": "Verify that the page heading is visible to the user",
              "fullTitle": "Verify the product details in checkout page Verify that the page heading is visible to the user",
              "timedOut": null,
              "duration": 2119,
              "state": "passed",
              "speed": "fast",
              "pass": true,
              "fail": false,
              "pending": false,
              "context": null,
              "code": "checkoutDetails.pageHeading();",
              "err": {},
              "uuid": "5dced57c-1457-43d1-b5b8-2d32837b8972",
              "parentUUID": "344c6675-63d0-4f74-9e25-3e13b3678665",
              "isHook": false,
              "skipped": false
            },
            {
              "title": "Verify that the product is visible to the user",
              "fullTitle": "Verify the product details in checkout page Verify that the product is visible to the user",
              "timedOut": null,
              "duration": 2333,
              "state": "passed",
              "speed": "fast",
              "pass": true,
              "fail": false,
              "pending": false,
              "context": null,
              "code": "checkoutDetails.productVisibility();",
              "err": {},
              "uuid": "f937d155-f04b-41bd-b45b-06f701b36c9b",
              "parentUUID": "344c6675-63d0-4f74-9e25-3e13b3678665",
              "isHook": false,
              "skipped": false
            },
            {
              "title": "Verify that the payment and the shipment section is visible to the user",
              "fullTitle": "Verify the product details in checkout page Verify that the payment and the shipment section is visible to the user",
              "timedOut": null,
              "duration": 2068,
              "state": "passed",
              "speed": "fast",
              "pass": true,
              "fail": false,
              "pending": false,
              "context": null,
              "code": "checkoutDetails.paymentAndShippingSectionInfo();",
              "err": {},
              "uuid": "bef71788-685c-4e67-9b5a-f286be652b1f",
              "parentUUID": "344c6675-63d0-4f74-9e25-3e13b3678665",
              "isHook": false,
              "skipped": false
            },
            {
              "title": "Verify that the user clicks the cancel button",
              "fullTitle": "Verify the product details in checkout page Verify that the user clicks the cancel button",
              "timedOut": null,
              "duration": 2103,
              "state": "passed",
              "speed": "fast",
              "pass": true,
              "fail": false,
              "pending": false,
              "context": null,
              "code": "checkoutDetails.cancelButton();",
              "err": {},
              "uuid": "a3517642-e3af-4c20-935e-c3933443c2e3",
              "parentUUID": "344c6675-63d0-4f74-9e25-3e13b3678665",
              "isHook": false,
              "skipped": false
            },
            {
              "title": "Verify that the user clicks the finish button",
              "fullTitle": "Verify the product details in checkout page Verify that the user clicks the finish button",
              "timedOut": null,
              "duration": 2149,
              "state": "passed",
              "speed": "fast",
              "pass": true,
              "fail": false,
              "pending": false,
              "context": null,
              "code": "checkoutDetails.clickFinishButton();",
              "err": {},
              "uuid": "1708564f-74a7-4fff-8658-f9c4547b7605",
              "parentUUID": "344c6675-63d0-4f74-9e25-3e13b3678665",
              "isHook": false,
              "skipped": false
            }
          ],
          "suites": [],
          "passes": [
            "5dced57c-1457-43d1-b5b8-2d32837b8972",
            "f937d155-f04b-41bd-b45b-06f701b36c9b",
            "bef71788-685c-4e67-9b5a-f286be652b1f",
            "a3517642-e3af-4c20-935e-c3933443c2e3",
            "1708564f-74a7-4fff-8658-f9c4547b7605"
          ],
          "failures": [],
          "pending": [],
          "skipped": [],
          "duration": 10772,
          "root": false,
          "rootEmpty": false,
          "_timeout": 2000
        },
        {
          "uuid": "d2f3586a-5295-4511-a7b7-ae37af05f3f2",
          "title": "Verify the footer of the page",
          "fullFile": "",
          "file": "",
          "beforeHooks": [],
          "afterHooks": [],
          "tests": [
            {
              "title": "Verify that the footer is visible in the page",
              "fullTitle": "Verify the footer of the page Verify that the footer is visible in the page",
              "timedOut": null,
              "duration": 2057,
              "state": "passed",
              "speed": "fast",
              "pass": true,
              "fail": false,
              "pending": false,
              "context": null,
              "code": "footer.visible();",
              "err": {},
              "uuid": "b0ae1ab7-8be0-4e70-8f5f-1db7549747a2",
              "parentUUID": "d2f3586a-5295-4511-a7b7-ae37af05f3f2",
              "isHook": false,
              "skipped": false
            },
            {
              "title": "Verify that the social media icon is visible to the user",
              "fullTitle": "Verify the footer of the page Verify that the social media icon is visible to the user",
              "timedOut": null,
              "duration": 2187,
              "state": "passed",
              "speed": "fast",
              "pass": true,
              "fail": false,
              "pending": false,
              "context": null,
              "code": "footer.iconVisible();",
              "err": {},
              "uuid": "b5b93e05-46be-4886-9fba-6f0902f72729",
              "parentUUID": "d2f3586a-5295-4511-a7b7-ae37af05f3f2",
              "isHook": false,
              "skipped": false
            },
            {
              "title": "Verify that the copy right text is visible to the user",
              "fullTitle": "Verify the footer of the page Verify that the copy right text is visible to the user",
              "timedOut": null,
              "duration": 2050,
              "state": "passed",
              "speed": "fast",
              "pass": true,
              "fail": false,
              "pending": false,
              "context": null,
              "code": "footer.copyRightText();",
              "err": {},
              "uuid": "8f156ed3-586c-4511-a662-fd2223d64fb9",
              "parentUUID": "d2f3586a-5295-4511-a7b7-ae37af05f3f2",
              "isHook": false,
              "skipped": false
            }
          ],
          "suites": [],
          "passes": [
            "b0ae1ab7-8be0-4e70-8f5f-1db7549747a2",
            "b5b93e05-46be-4886-9fba-6f0902f72729",
            "8f156ed3-586c-4511-a662-fd2223d64fb9"
          ],
          "failures": [],
          "pending": [],
          "skipped": [],
          "duration": 6294,
          "root": false,
          "rootEmpty": false,
          "_timeout": 2000
        }
      ],
      "passes": [],
      "failures": [],
      "pending": [],
      "skipped": [],
      "duration": 0,
      "root": true,
      "rootEmpty": true,
      "_timeout": 2000
    }
  ],
  "meta": {
    "mocha": {
      "version": "7.2.0"
    },
    "mochawesome": {
      "options": {
        "quiet": false,
        "reportFilename": "mochawesome",
        "saveHtml": false,
        "saveJson": true,
        "consoleReporter": "spec",
        "useInlineDiffs": false,
        "code": true
      },
      "version": "7.1.3"
    },
    "marge": {
      "options": {
        "reportDir": "cypress/reports",
        "overwrite": false,
        "html": false,
        "json": true
      },
      "version": "6.2.0"
    }
  }
}