{
  "stats": {
    "suites": 5,
    "tests": 22,
    "passes": 22,
    "pending": 0,
    "failures": 0,
    "start": "2025-08-31T07:46:39.683Z",
    "end": "2025-08-31T07:47:08.297Z",
    "duration": 28614,
    "testsRegistered": 22,
    "passPercent": 100,
    "pendingPercent": 0,
    "other": 0,
    "hasOther": false,
    "skipped": 0,
    "hasSkipped": false
  },
  "results": [
    {
      "uuid": "3c57e2ca-af8e-415b-97d7-6c4bf9ba8df8",
      "title": "",
      "fullFile": "cypress\\e2e\\productpage.cy.js",
      "file": "cypress\\e2e\\productpage.cy.js",
      "beforeHooks": [],
      "afterHooks": [],
      "tests": [],
      "suites": [
        {
          "uuid": "461d6981-ab45-4382-8b30-b28267d027c1",
          "title": "Verify the header of the page",
          "fullFile": "",
          "file": "",
          "beforeHooks": [],
          "afterHooks": [],
          "tests": [
            {
              "title": "Verify that the cart icon in the web application",
              "fullTitle": "Verify the header of the page Verify that the cart icon in the web application",
              "timedOut": null,
              "duration": 2029,
              "state": "passed",
              "speed": "fast",
              "pass": true,
              "fail": false,
              "pending": false,
              "context": null,
              "code": "header.cartIcon();",
              "err": {},
              "uuid": "0331ddc4-b54e-4c73-8b3d-33c8d0f72167",
              "parentUUID": "461d6981-ab45-4382-8b30-b28267d027c1",
              "isHook": false,
              "skipped": false
            },
            {
              "title": "Verify that the logo is visible in the web application",
              "fullTitle": "Verify the header of the page Verify that the logo is visible in the web application",
              "timedOut": null,
              "duration": 1249,
              "state": "passed",
              "speed": "fast",
              "pass": true,
              "fail": false,
              "pending": false,
              "context": null,
              "code": "header.logo();",
              "err": {},
              "uuid": "b6ca9379-cbc1-4b6b-993f-53dee96e4546",
              "parentUUID": "461d6981-ab45-4382-8b30-b28267d027c1",
              "isHook": false,
              "skipped": false
            },
            {
              "title": "Verify that the menu icon is visible in the web application",
              "fullTitle": "Verify the header of the page Verify that the menu icon is visible in the web application",
              "timedOut": null,
              "duration": 1759,
              "state": "passed",
              "speed": "fast",
              "pass": true,
              "fail": false,
              "pending": false,
              "context": null,
              "code": "header.menuIcon();",
              "err": {},
              "uuid": "2b8cfee2-4016-4a0c-b4ff-0a50a34b0cf7",
              "parentUUID": "461d6981-ab45-4382-8b30-b28267d027c1",
              "isHook": false,
              "skipped": false
            },
            {
              "title": "Verify thatt the user clicks on the menu icon",
              "fullTitle": "Verify the header of the page Verify thatt the user clicks on the menu icon",
              "timedOut": null,
              "duration": 1125,
              "state": "passed",
              "speed": "fast",
              "pass": true,
              "fail": false,
              "pending": false,
              "context": null,
              "code": "header.onClickMenuIcon();",
              "err": {},
              "uuid": "83fd0297-d317-4e2f-8a3f-a8b435b20831",
              "parentUUID": "461d6981-ab45-4382-8b30-b28267d027c1",
              "isHook": false,
              "skipped": false
            },
            {
              "title": "Verify thatt the user clicks on the hover over the menu option",
              "fullTitle": "Verify the header of the page Verify thatt the user clicks on the hover over the menu option",
              "timedOut": null,
              "duration": 1105,
              "state": "passed",
              "speed": "fast",
              "pass": true,
              "fail": false,
              "pending": false,
              "context": null,
              "code": "header.onHoveringMenuOption();",
              "err": {},
              "uuid": "bc5972bd-2a6d-4821-89b0-56a451f98bc3",
              "parentUUID": "461d6981-ab45-4382-8b30-b28267d027c1",
              "isHook": false,
              "skipped": false
            }
          ],
          "suites": [],
          "passes": [
            "0331ddc4-b54e-4c73-8b3d-33c8d0f72167",
            "b6ca9379-cbc1-4b6b-993f-53dee96e4546",
            "2b8cfee2-4016-4a0c-b4ff-0a50a34b0cf7",
            "83fd0297-d317-4e2f-8a3f-a8b435b20831",
            "bc5972bd-2a6d-4821-89b0-56a451f98bc3"
          ],
          "failures": [],
          "pending": [],
          "skipped": [],
          "duration": 7267,
          "root": false,
          "rootEmpty": false,
          "_timeout": 2000
        },
        {
          "uuid": "24aec27d-9fb1-4a03-acd2-9f00140d34c1",
          "title": "Verify that UI of the product page",
          "fullFile": "",
          "file": "",
          "beforeHooks": [],
          "afterHooks": [],
          "tests": [
            {
              "title": "Verify the page loads successfully",
              "fullTitle": "Verify that UI of the product page Verify the page loads successfully",
              "timedOut": null,
              "duration": 932,
              "state": "passed",
              "speed": "fast",
              "pass": true,
              "fail": false,
              "pending": false,
              "context": null,
              "code": "productPage.pageStatus();",
              "err": {},
              "uuid": "9dea93f8-42a8-4e1f-b894-34e05dd18c7a",
              "parentUUID": "24aec27d-9fb1-4a03-acd2-9f00140d34c1",
              "isHook": false,
              "skipped": false
            },
            {
              "title": "Verify the page tittle of the application after logging",
              "fullTitle": "Verify that UI of the product page Verify the page tittle of the application after logging",
              "timedOut": null,
              "duration": 997,
              "state": "passed",
              "speed": "fast",
              "pass": true,
              "fail": false,
              "pending": false,
              "context": null,
              "code": "productPage.pageTittle();",
              "err": {},
              "uuid": "4f9f742f-1650-41bc-a44a-f26dee26a0cd",
              "parentUUID": "24aec27d-9fb1-4a03-acd2-9f00140d34c1",
              "isHook": false,
              "skipped": false
            },
            {
              "title": "Verify that the prdouct list in the web application",
              "fullTitle": "Verify that UI of the product page Verify that the prdouct list in the web application",
              "timedOut": null,
              "duration": 1039,
              "state": "passed",
              "speed": "fast",
              "pass": true,
              "fail": false,
              "pending": false,
              "context": null,
              "code": "productPage.productList();",
              "err": {},
              "uuid": "d0f60152-bf12-4d35-8c79-f923dea2026d",
              "parentUUID": "24aec27d-9fb1-4a03-acd2-9f00140d34c1",
              "isHook": false,
              "skipped": false
            },
            {
              "title": "Verify that the search icon in the web application",
              "fullTitle": "Verify that UI of the product page Verify that the search icon in the web application",
              "timedOut": null,
              "duration": 951,
              "state": "passed",
              "speed": "fast",
              "pass": true,
              "fail": false,
              "pending": false,
              "context": null,
              "code": "productPage.searchIcon();",
              "err": {},
              "uuid": "fe8cb434-eacb-4935-923d-4a4d44526774",
              "parentUUID": "24aec27d-9fb1-4a03-acd2-9f00140d34c1",
              "isHook": false,
              "skipped": false
            }
          ],
          "suites": [],
          "passes": [
            "9dea93f8-42a8-4e1f-b894-34e05dd18c7a",
            "4f9f742f-1650-41bc-a44a-f26dee26a0cd",
            "d0f60152-bf12-4d35-8c79-f923dea2026d",
            "fe8cb434-eacb-4935-923d-4a4d44526774"
          ],
          "failures": [],
          "pending": [],
          "skipped": [],
          "duration": 3919,
          "root": false,
          "rootEmpty": false,
          "_timeout": 2000
        },
        {
          "uuid": "1612e8b6-bb11-40b2-95c4-ace2f36d2413",
          "title": "Verify that functionality of the search field",
          "fullFile": "",
          "file": "",
          "beforeHooks": [],
          "afterHooks": [],
          "tests": [
            {
              "title": "Verify that the serach field is enabled",
              "fullTitle": "Verify that functionality of the search field Verify that the serach field is enabled",
              "timedOut": null,
              "duration": 927,
              "state": "passed",
              "speed": "fast",
              "pass": true,
              "fail": false,
              "pending": false,
              "context": null,
              "code": "searchProduct.enableDropodown();",
              "err": {},
              "uuid": "96b8655f-d8dd-4f0d-8345-da3d98e003b9",
              "parentUUID": "1612e8b6-bb11-40b2-95c4-ace2f36d2413",
              "isHook": false,
              "skipped": false
            },
            {
              "title": "Verify the default option of the serach field",
              "fullTitle": "Verify that functionality of the search field Verify the default option of the serach field",
              "timedOut": null,
              "duration": 1023,
              "state": "passed",
              "speed": "fast",
              "pass": true,
              "fail": false,
              "pending": false,
              "context": null,
              "code": "searchProduct.defaultOption();",
              "err": {},
              "uuid": "a389e8ea-229d-410a-8f4d-f4f631228526",
              "parentUUID": "1612e8b6-bb11-40b2-95c4-ace2f36d2413",
              "isHook": false,
              "skipped": false
            },
            {
              "title": "Verify that the expected option is correct",
              "fullTitle": "Verify that functionality of the search field Verify that the expected option is correct",
              "timedOut": null,
              "duration": 1043,
              "state": "passed",
              "speed": "fast",
              "pass": true,
              "fail": false,
              "pending": false,
              "context": null,
              "code": "searchProduct.expectedOption();",
              "err": {},
              "uuid": "b59d2cfc-c0e6-477f-b53a-2c8c4a5a55c5",
              "parentUUID": "1612e8b6-bb11-40b2-95c4-ace2f36d2413",
              "isHook": false,
              "skipped": false
            },
            {
              "title": "Verify that the product is sort by name A to Z ",
              "fullTitle": "Verify that functionality of the search field Verify that the product is sort by name A to Z ",
              "timedOut": null,
              "duration": 1171,
              "state": "passed",
              "speed": "fast",
              "pass": true,
              "fail": false,
              "pending": false,
              "context": null,
              "code": "searchProduct.sortBYAscendingOrder();",
              "err": {},
              "uuid": "a2d275ac-82ba-4bb4-b537-191b59206b0a",
              "parentUUID": "1612e8b6-bb11-40b2-95c4-ace2f36d2413",
              "isHook": false,
              "skipped": false
            },
            {
              "title": "Verify that the product is sort by name Z to A",
              "fullTitle": "Verify that functionality of the search field Verify that the product is sort by name Z to A",
              "timedOut": null,
              "duration": 1119,
              "state": "passed",
              "speed": "fast",
              "pass": true,
              "fail": false,
              "pending": false,
              "context": null,
              "code": "searchProduct.sortByDescendingOrder();",
              "err": {},
              "uuid": "51f82793-228e-4a92-a379-a7a9fd68d9f2",
              "parentUUID": "1612e8b6-bb11-40b2-95c4-ace2f36d2413",
              "isHook": false,
              "skipped": false
            },
            {
              "title": "Verify that the product is sort by Low to High Price ",
              "fullTitle": "Verify that functionality of the search field Verify that the product is sort by Low to High Price ",
              "timedOut": null,
              "duration": 1181,
              "state": "passed",
              "speed": "fast",
              "pass": true,
              "fail": false,
              "pending": false,
              "context": null,
              "code": "searchProduct.sortByLowPrice();",
              "err": {},
              "uuid": "cd5fdd4b-96f8-4bcf-8787-0fa1d36c2e6c",
              "parentUUID": "1612e8b6-bb11-40b2-95c4-ace2f36d2413",
              "isHook": false,
              "skipped": false
            },
            {
              "title": "Verify that the product is sort by High to Low Price",
              "fullTitle": "Verify that functionality of the search field Verify that the product is sort by High to Low Price",
              "timedOut": null,
              "duration": 1222,
              "state": "passed",
              "speed": "fast",
              "pass": true,
              "fail": false,
              "pending": false,
              "context": null,
              "code": "searchProduct.sortByHighPrice();",
              "err": {},
              "uuid": "3843ac34-7099-4741-9362-b62d61120adb",
              "parentUUID": "1612e8b6-bb11-40b2-95c4-ace2f36d2413",
              "isHook": false,
              "skipped": false
            }
          ],
          "suites": [],
          "passes": [
            "96b8655f-d8dd-4f0d-8345-da3d98e003b9",
            "a389e8ea-229d-410a-8f4d-f4f631228526",
            "b59d2cfc-c0e6-477f-b53a-2c8c4a5a55c5",
            "a2d275ac-82ba-4bb4-b537-191b59206b0a",
            "51f82793-228e-4a92-a379-a7a9fd68d9f2",
            "cd5fdd4b-96f8-4bcf-8787-0fa1d36c2e6c",
            "3843ac34-7099-4741-9362-b62d61120adb"
          ],
          "failures": [],
          "pending": [],
          "skipped": [],
          "duration": 7686,
          "root": false,
          "rootEmpty": false,
          "_timeout": 2000
        },
        {
          "uuid": "063df4ee-17c1-406c-a5ab-32046765ec72",
          "title": "Verify that the products are visible with all detail ",
          "fullFile": "",
          "file": "",
          "beforeHooks": [],
          "afterHooks": [],
          "tests": [
            {
              "title": "Verify that all the products is visible to the user",
              "fullTitle": "Verify that the products are visible with all detail  Verify that all the products is visible to the user",
              "timedOut": null,
              "duration": 1160,
              "state": "passed",
              "speed": "fast",
              "pass": true,
              "fail": false,
              "pending": false,
              "context": null,
              "code": "allProducts.allProductsVisibility();",
              "err": {},
              "uuid": "1b52bb21-7682-4b3b-8c35-0db89f3e5a18",
              "parentUUID": "063df4ee-17c1-406c-a5ab-32046765ec72",
              "isHook": false,
              "skipped": false
            },
            {
              "title": "Verify that user clicks on the Add to cart button",
              "fullTitle": "Verify that the products are visible with all detail  Verify that user clicks on the Add to cart button",
              "timedOut": null,
              "duration": 1920,
              "state": "passed",
              "speed": "fast",
              "pass": true,
              "fail": false,
              "pending": false,
              "context": null,
              "code": "allProducts.addCart();",
              "err": {},
              "uuid": "f25a3790-f578-43e1-bbe2-36f28840ed99",
              "parentUUID": "063df4ee-17c1-406c-a5ab-32046765ec72",
              "isHook": false,
              "skipped": false
            },
            {
              "title": "Verify that the user clicks on the individual page",
              "fullTitle": "Verify that the products are visible with all detail  Verify that the user clicks on the individual page",
              "timedOut": null,
              "duration": 1074,
              "state": "passed",
              "speed": "fast",
              "pass": true,
              "fail": false,
              "pending": false,
              "context": null,
              "code": "allProducts.individualProducts();",
              "err": {},
              "uuid": "15c8ec8b-7bad-4d09-a077-02a6db92ff1f",
              "parentUUID": "063df4ee-17c1-406c-a5ab-32046765ec72",
              "isHook": false,
              "skipped": false
            }
          ],
          "suites": [],
          "passes": [
            "1b52bb21-7682-4b3b-8c35-0db89f3e5a18",
            "f25a3790-f578-43e1-bbe2-36f28840ed99",
            "15c8ec8b-7bad-4d09-a077-02a6db92ff1f"
          ],
          "failures": [],
          "pending": [],
          "skipped": [],
          "duration": 4154,
          "root": false,
          "rootEmpty": false,
          "_timeout": 2000
        },
        {
          "uuid": "7616f667-2d58-41d0-8bb0-55938f24dbe9",
          "title": "Verify the footer of the page",
          "fullFile": "",
          "file": "",
          "beforeHooks": [],
          "afterHooks": [],
          "tests": [
            {
              "title": "Verify that the footer is visible in the page",
              "fullTitle": "Verify the footer of the page Verify that the footer is visible in the page",
              "timedOut": null,
              "duration": 974,
              "state": "passed",
              "speed": "fast",
              "pass": true,
              "fail": false,
              "pending": false,
              "context": null,
              "code": "footer.visible();",
              "err": {},
              "uuid": "1e5a23e8-bff4-49e5-b63a-66cd88f90479",
              "parentUUID": "7616f667-2d58-41d0-8bb0-55938f24dbe9",
              "isHook": false,
              "skipped": false
            },
            {
              "title": "Verify that the social media icon is visible to the user",
              "fullTitle": "Verify the footer of the page Verify that the social media icon is visible to the user",
              "timedOut": null,
              "duration": 989,
              "state": "passed",
              "speed": "fast",
              "pass": true,
              "fail": false,
              "pending": false,
              "context": null,
              "code": "footer.iconVisible();",
              "err": {},
              "uuid": "0c9c8dc2-5000-4071-a03c-17d772408390",
              "parentUUID": "7616f667-2d58-41d0-8bb0-55938f24dbe9",
              "isHook": false,
              "skipped": false
            },
            {
              "title": "Verify that the copy right text is visible to the user",
              "fullTitle": "Verify the footer of the page Verify that the copy right text is visible to the user",
              "timedOut": null,
              "duration": 1089,
              "state": "passed",
              "speed": "fast",
              "pass": true,
              "fail": false,
              "pending": false,
              "context": null,
              "code": "footer.copyRightText();",
              "err": {},
              "uuid": "837ce2c8-2a6d-4910-9532-683dba58efb5",
              "parentUUID": "7616f667-2d58-41d0-8bb0-55938f24dbe9",
              "isHook": false,
              "skipped": false
            }
          ],
          "suites": [],
          "passes": [
            "1e5a23e8-bff4-49e5-b63a-66cd88f90479",
            "0c9c8dc2-5000-4071-a03c-17d772408390",
            "837ce2c8-2a6d-4910-9532-683dba58efb5"
          ],
          "failures": [],
          "pending": [],
          "skipped": [],
          "duration": 3052,
          "root": false,
          "rootEmpty": false,
          "_timeout": 2000
        }
      ],
      "passes": [],
      "failures": [],
      "pending": [],
      "skipped": [],
      "duration": 0,
      "root": true,
      "rootEmpty": true,
      "_timeout": 2000
    }
  ],
  "meta": {
    "mocha": {
      "version": "7.2.0"
    },
    "mochawesome": {
      "options": {
        "quiet": false,
        "reportFilename": "mochawesome",
        "saveHtml": false,
        "saveJson": true,
        "consoleReporter": "spec",
        "useInlineDiffs": false,
        "code": true
      },
      "version": "7.1.3"
    },
    "marge": {
      "options": {
        "reportDir": "cypress/reports",
        "overwrite": false,
        "html": false,
        "json": true
      },
      "version": "6.2.0"
    }
  }
}