{
  "stats": {
    "suites": 1,
    "tests": 6,
    "passes": 6,
    "pending": 0,
    "failures": 0,
    "start": "2025-08-31T08:34:27.851Z",
    "end": "2025-08-31T08:34:46.111Z",
    "duration": 18260,
    "testsRegistered": 6,
    "passPercent": 100,
    "pendingPercent": 0,
    "other": 0,
    "hasOther": false,
    "skipped": 0,
    "hasSkipped": false
  },
  "results": [
    {
      "uuid": "6bf2d8c6-2b87-458c-9b40-f7c2c2c48f7f",
      "title": "",
      "fullFile": "cypress\\e2e\\thankyou.cy.js",
      "file": "cypress\\e2e\\thankyou.cy.js",
      "beforeHooks": [],
      "afterHooks": [],
      "tests": [],
      "suites": [
        {
          "uuid": "9d93955d-036f-4921-954d-cf73e440ee63",
          "title": "Verify that fuctionality and UI of thank you page",
          "fullFile": "",
          "file": "",
          "beforeHooks": [],
          "afterHooks": [],
          "tests": [
            {
              "title": "Verify that the page heading is visible to the user",
              "fullTitle": "Verify that fuctionality and UI of thank you page Verify that the page heading is visible to the user",
              "timedOut": null,
              "duration": 3338,
              "state": "passed",
              "speed": "fast",
              "pass": true,
              "fail": false,
              "pending": false,
              "context": null,
              "code": "thankyou.pageheading();",
              "err": {},
              "uuid": "b4364b46-aaec-48f0-a249-ce3c35e14a4d",
              "parentUUID": "9d93955d-036f-4921-954d-cf73e440ee63",
              "isHook": false,
              "skipped": false
            },
            {
              "title": "Verify that the success message is visible to the user",
              "fullTitle": "Verify that fuctionality and UI of thank you page Verify that the success message is visible to the user",
              "timedOut": null,
              "duration": 2492,
              "state": "passed",
              "speed": "fast",
              "pass": true,
              "fail": false,
              "pending": false,
              "context": null,
              "code": "thankyou.successMessage();",
              "err": {},
              "uuid": "73ddbb64-a668-4e5b-a59a-f5c300f1f103",
              "parentUUID": "9d93955d-036f-4921-954d-cf73e440ee63",
              "isHook": false,
              "skipped": false
            },
            {
              "title": "Verify that the dispatch message is visible to the user",
              "fullTitle": "Verify that fuctionality and UI of thank you page Verify that the dispatch message is visible to the user",
              "timedOut": null,
              "duration": 2617,
              "state": "passed",
              "speed": "fast",
              "pass": true,
              "fail": false,
              "pending": false,
              "context": null,
              "code": "thankyou.dispatchMessage();",
              "err": {},
              "uuid": "2e18b192-7832-4a75-a1fb-c4686dce253a",
              "parentUUID": "9d93955d-036f-4921-954d-cf73e440ee63",
              "isHook": false,
              "skipped": false
            },
            {
              "title": "Verify that the checkmate icon is visible to the user",
              "fullTitle": "Verify that fuctionality and UI of thank you page Verify that the checkmate icon is visible to the user",
              "timedOut": null,
              "duration": 2521,
              "state": "passed",
              "speed": "fast",
              "pass": true,
              "fail": false,
              "pending": false,
              "context": null,
              "code": "thankyou.checkmateIcon();",
              "err": {},
              "uuid": "81c8a503-4ec2-4566-bb44-8c575fe5a0b5",
              "parentUUID": "9d93955d-036f-4921-954d-cf73e440ee63",
              "isHook": false,
              "skipped": false
            },
            {
              "title": "Verify that the `back to home` button is visible to the user",
              "fullTitle": "Verify that fuctionality and UI of thank you page Verify that the `back to home` button is visible to the user",
              "timedOut": null,
              "duration": 2570,
              "state": "passed",
              "speed": "fast",
              "pass": true,
              "fail": false,
              "pending": false,
              "context": null,
              "code": "thankyou.backToHomebutton();",
              "err": {},
              "uuid": "218a97ce-b70b-4c23-b830-81c213b7830f",
              "parentUUID": "9d93955d-036f-4921-954d-cf73e440ee63",
              "isHook": false,
              "skipped": false
            },
            {
              "title": "Verify that the `back to home` button is clickable",
              "fullTitle": "Verify that fuctionality and UI of thank you page Verify that the `back to home` button is clickable",
              "timedOut": null,
              "duration": 2756,
              "state": "passed",
              "speed": "fast",
              "pass": true,
              "fail": false,
              "pending": false,
              "context": null,
              "code": "thankyou.clickBackToHomeButton();",
              "err": {},
              "uuid": "4da82326-8f6f-404f-9d9e-eed0c7acda2d",
              "parentUUID": "9d93955d-036f-4921-954d-cf73e440ee63",
              "isHook": false,
              "skipped": false
            }
          ],
          "suites": [],
          "passes": [
            "b4364b46-aaec-48f0-a249-ce3c35e14a4d",
            "73ddbb64-a668-4e5b-a59a-f5c300f1f103",
            "2e18b192-7832-4a75-a1fb-c4686dce253a",
            "81c8a503-4ec2-4566-bb44-8c575fe5a0b5",
            "218a97ce-b70b-4c23-b830-81c213b7830f",
            "4da82326-8f6f-404f-9d9e-eed0c7acda2d"
          ],
          "failures": [],
          "pending": [],
          "skipped": [],
          "duration": 16294,
          "root": false,
          "rootEmpty": false,
          "_timeout": 2000
        }
      ],
      "passes": [],
      "failures": [],
      "pending": [],
      "skipped": [],
      "duration": 0,
      "root": true,
      "rootEmpty": true,
      "_timeout": 2000
    }
  ],
  "meta": {
    "mocha": {
      "version": "7.2.0"
    },
    "mochawesome": {
      "options": {
        "quiet": false,
        "reportFilename": "mochawesome",
        "saveHtml": false,
        "saveJson": true,
        "consoleReporter": "spec",
        "useInlineDiffs": false,
        "code": true
      },
      "version": "7.1.3"
    },
    "marge": {
      "options": {
        "reportDir": "cypress/reports",
        "overwrite": false,
        "html": false,
        "json": true
      },
      "version": "6.2.0"
    }
  }
}