{
  "stats": {
    "suites": 3,
    "tests": 15,
    "passes": 15,
    "pending": 0,
    "failures": 0,
    "start": "2025-08-31T08:35:58.161Z",
    "end": "2025-08-31T08:36:26.672Z",
    "duration": 28511,
    "testsRegistered": 15,
    "passPercent": 100,
    "pendingPercent": 0,
    "other": 0,
    "hasOther": false,
    "skipped": 0,
    "hasSkipped": false
  },
  "results": [
    {
      "uuid": "0ca6c3b0-da9c-433f-9c3a-6100cf83d59d",
      "title": "",
      "fullFile": "cypress\\e2e\\checkout.cy.js",
      "file": "cypress\\e2e\\checkout.cy.js",
      "beforeHooks": [],
      "afterHooks": [],
      "tests": [],
      "suites": [
        {
          "uuid": "197a3b69-bae8-4143-8039-224a1e498863",
          "title": "Verify the header of the page",
          "fullFile": "",
          "file": "",
          "beforeHooks": [],
          "afterHooks": [],
          "tests": [
            {
              "title": "Verify that the cart icon in the web application",
              "fullTitle": "Verify the header of the page Verify that the cart icon in the web application",
              "timedOut": null,
              "duration": 2883,
              "state": "passed",
              "speed": "fast",
              "pass": true,
              "fail": false,
              "pending": false,
              "context": null,
              "code": "header.cartIcon();",
              "err": {},
              "uuid": "c129200d-b0fc-4ad9-8177-d3b904609e34",
              "parentUUID": "197a3b69-bae8-4143-8039-224a1e498863",
              "isHook": false,
              "skipped": false
            },
            {
              "title": "Verify that the logo is visible in the web application",
              "fullTitle": "Verify the header of the page Verify that the logo is visible in the web application",
              "timedOut": null,
              "duration": 1653,
              "state": "passed",
              "speed": "fast",
              "pass": true,
              "fail": false,
              "pending": false,
              "context": null,
              "code": "header.logo();",
              "err": {},
              "uuid": "496e5483-8d4e-4c3b-b4f7-8868246a1841",
              "parentUUID": "197a3b69-bae8-4143-8039-224a1e498863",
              "isHook": false,
              "skipped": false
            },
            {
              "title": "Verify that the menu icon is visible in the web application",
              "fullTitle": "Verify the header of the page Verify that the menu icon is visible in the web application",
              "timedOut": null,
              "duration": 1784,
              "state": "passed",
              "speed": "fast",
              "pass": true,
              "fail": false,
              "pending": false,
              "context": null,
              "code": "header.menuIcon();",
              "err": {},
              "uuid": "353f60ea-b24c-4480-9214-64b31b6d2538",
              "parentUUID": "197a3b69-bae8-4143-8039-224a1e498863",
              "isHook": false,
              "skipped": false
            },
            {
              "title": "Verify thatt the user clicks on the menu icon",
              "fullTitle": "Verify the header of the page Verify thatt the user clicks on the menu icon",
              "timedOut": null,
              "duration": 1421,
              "state": "passed",
              "speed": "fast",
              "pass": true,
              "fail": false,
              "pending": false,
              "context": null,
              "code": "header.onClickMenuIcon();",
              "err": {},
              "uuid": "c0df1f4c-160e-424e-a49f-edfa10212257",
              "parentUUID": "197a3b69-bae8-4143-8039-224a1e498863",
              "isHook": false,
              "skipped": false
            },
            {
              "title": "Verify thatt the user clicks on the hover over the menu option",
              "fullTitle": "Verify the header of the page Verify thatt the user clicks on the hover over the menu option",
              "timedOut": null,
              "duration": 1448,
              "state": "passed",
              "speed": "fast",
              "pass": true,
              "fail": false,
              "pending": false,
              "context": null,
              "code": "header.onHoveringMenuOption();",
              "err": {},
              "uuid": "daf96b37-3dce-4158-917f-59950a161122",
              "parentUUID": "197a3b69-bae8-4143-8039-224a1e498863",
              "isHook": false,
              "skipped": false
            }
          ],
          "suites": [],
          "passes": [
            "c129200d-b0fc-4ad9-8177-d3b904609e34",
            "496e5483-8d4e-4c3b-b4f7-8868246a1841",
            "353f60ea-b24c-4480-9214-64b31b6d2538",
            "c0df1f4c-160e-424e-a49f-edfa10212257",
            "daf96b37-3dce-4158-917f-59950a161122"
          ],
          "failures": [],
          "pending": [],
          "skipped": [],
          "duration": 9189,
          "root": false,
          "rootEmpty": false,
          "_timeout": 2000
        },
        {
          "uuid": "a2eb3170-a779-4ca2-80cb-2513c7301142",
          "title": "Verify that UI and functionality of the check page",
          "fullFile": "",
          "file": "",
          "beforeHooks": [],
          "afterHooks": [],
          "tests": [
            {
              "title": "Verify that the page heading is correct",
              "fullTitle": "Verify that UI and functionality of the check page Verify that the page heading is correct",
              "timedOut": null,
              "duration": 1414,
              "state": "passed",
              "speed": "fast",
              "pass": true,
              "fail": false,
              "pending": false,
              "context": null,
              "code": "checkOut.pageHeading();",
              "err": {},
              "uuid": "09dd16cf-9ae9-4f4f-bc52-d2bed8f9fd38",
              "parentUUID": "a2eb3170-a779-4ca2-80cb-2513c7301142",
              "isHook": false,
              "skipped": false
            },
            {
              "title": "Verify the error message when all the fields are empty",
              "fullTitle": "Verify that UI and functionality of the check page Verify the error message when all the fields are empty",
              "timedOut": null,
              "duration": 1451,
              "state": "passed",
              "speed": "fast",
              "pass": true,
              "fail": false,
              "pending": false,
              "context": null,
              "code": "checkOut.errorForEmptyField();",
              "err": {},
              "uuid": "2b3f1275-5c49-4904-8c45-cf1eac2be986",
              "parentUUID": "a2eb3170-a779-4ca2-80cb-2513c7301142",
              "isHook": false,
              "skipped": false
            },
            {
              "title": "Verify the error message when the first name field is empty",
              "fullTitle": "Verify that UI and functionality of the check page Verify the error message when the first name field is empty",
              "timedOut": null,
              "duration": 1868,
              "state": "passed",
              "speed": "fast",
              "pass": true,
              "fail": false,
              "pending": false,
              "context": null,
              "code": "checkOut.errorForMissingFirstName(userData.checkout_information.last_name, userData.checkout_information.zip_postal_code);",
              "err": {},
              "uuid": "958a1d92-680c-4a7c-b5e9-992e69db3d3c",
              "parentUUID": "a2eb3170-a779-4ca2-80cb-2513c7301142",
              "isHook": false,
              "skipped": false
            },
            {
              "title": "Verify the error message when the last name field is empty",
              "fullTitle": "Verify that UI and functionality of the check page Verify the error message when the last name field is empty",
              "timedOut": null,
              "duration": 1974,
              "state": "passed",
              "speed": "fast",
              "pass": true,
              "fail": false,
              "pending": false,
              "context": null,
              "code": "checkOut.errorForMissingLastName(userData.checkout_information.first_name, userData.checkout_information.zip_postal_code);",
              "err": {},
              "uuid": "93e75a30-1dad-4f99-86b0-5af113ef36d6",
              "parentUUID": "a2eb3170-a779-4ca2-80cb-2513c7301142",
              "isHook": false,
              "skipped": false
            },
            {
              "title": "Verify the error message when the postal code field is empty",
              "fullTitle": "Verify that UI and functionality of the check page Verify the error message when the postal code field is empty",
              "timedOut": null,
              "duration": 1875,
              "state": "passed",
              "speed": "fast",
              "pass": true,
              "fail": false,
              "pending": false,
              "context": null,
              "code": "checkOut.errorForMissingPostalCode(userData.checkout_information.first_name, userData.checkout_information.last_name);",
              "err": {},
              "uuid": "e26de2a2-4577-485a-8798-12209ca1e3a9",
              "parentUUID": "a2eb3170-a779-4ca2-80cb-2513c7301142",
              "isHook": false,
              "skipped": false
            },
            {
              "title": "Verify that the user is redirceted towards the product details page when all the details are filled",
              "fullTitle": "Verify that UI and functionality of the check page Verify that the user is redirceted towards the product details page when all the details are filled",
              "timedOut": null,
              "duration": 2113,
              "state": "passed",
              "speed": "fast",
              "pass": true,
              "fail": false,
              "pending": false,
              "context": null,
              "code": "checkOut.allFieldFilled(userData.checkout_information.first_name, userData.checkout_information.last_name, userData.checkout_information.zip_postal_code);",
              "err": {},
              "uuid": "b37576f9-42c0-429d-8efb-caed3ae9ff78",
              "parentUUID": "a2eb3170-a779-4ca2-80cb-2513c7301142",
              "isHook": false,
              "skipped": false
            },
            {
              "title": "Verify that the user clicks the cancel button",
              "fullTitle": "Verify that UI and functionality of the check page Verify that the user clicks the cancel button",
              "timedOut": null,
              "duration": 1428,
              "state": "passed",
              "speed": "fast",
              "pass": true,
              "fail": false,
              "pending": false,
              "context": null,
              "code": "checkOut.cancelButton();",
              "err": {},
              "uuid": "60aef97a-4419-4a12-a8a4-848b3d56391d",
              "parentUUID": "a2eb3170-a779-4ca2-80cb-2513c7301142",
              "isHook": false,
              "skipped": false
            }
          ],
          "suites": [],
          "passes": [
            "09dd16cf-9ae9-4f4f-bc52-d2bed8f9fd38",
            "2b3f1275-5c49-4904-8c45-cf1eac2be986",
            "958a1d92-680c-4a7c-b5e9-992e69db3d3c",
            "93e75a30-1dad-4f99-86b0-5af113ef36d6",
            "e26de2a2-4577-485a-8798-12209ca1e3a9",
            "b37576f9-42c0-429d-8efb-caed3ae9ff78",
            "60aef97a-4419-4a12-a8a4-848b3d56391d"
          ],
          "failures": [],
          "pending": [],
          "skipped": [],
          "duration": 12123,
          "root": false,
          "rootEmpty": false,
          "_timeout": 2000
        },
        {
          "uuid": "709a4645-dea7-4667-ab28-566b54848d8a",
          "title": "Verify the footer of the page",
          "fullFile": "",
          "file": "",
          "beforeHooks": [],
          "afterHooks": [],
          "tests": [
            {
              "title": "Verify that the footer is visible in the page",
              "fullTitle": "Verify the footer of the page Verify that the footer is visible in the page",
              "timedOut": null,
              "duration": 1373,
              "state": "passed",
              "speed": "fast",
              "pass": true,
              "fail": false,
              "pending": false,
              "context": null,
              "code": "footer.visible();",
              "err": {},
              "uuid": "bcc7e01c-a5e7-4197-83e7-608c8b628c47",
              "parentUUID": "709a4645-dea7-4667-ab28-566b54848d8a",
              "isHook": false,
              "skipped": false
            },
            {
              "title": "Verify that the social media icon is visible to the user",
              "fullTitle": "Verify the footer of the page Verify that the social media icon is visible to the user",
              "timedOut": null,
              "duration": 1454,
              "state": "passed",
              "speed": "fast",
              "pass": true,
              "fail": false,
              "pending": false,
              "context": null,
              "code": "footer.iconVisible();",
              "err": {},
              "uuid": "a311324a-e1c8-4dfe-81b7-a73abcbd0253",
              "parentUUID": "709a4645-dea7-4667-ab28-566b54848d8a",
              "isHook": false,
              "skipped": false
            },
            {
              "title": "Verify that the copy right text is visible to the user",
              "fullTitle": "Verify the footer of the page Verify that the copy right text is visible to the user",
              "timedOut": null,
              "duration": 1342,
              "state": "passed",
              "speed": "fast",
              "pass": true,
              "fail": false,
              "pending": false,
              "context": null,
              "code": "footer.copyRightText();",
              "err": {},
              "uuid": "c4197625-b11f-4dfe-86c6-c3853abbeeac",
              "parentUUID": "709a4645-dea7-4667-ab28-566b54848d8a",
              "isHook": false,
              "skipped": false
            }
          ],
          "suites": [],
          "passes": [
            "bcc7e01c-a5e7-4197-83e7-608c8b628c47",
            "a311324a-e1c8-4dfe-81b7-a73abcbd0253",
            "c4197625-b11f-4dfe-86c6-c3853abbeeac"
          ],
          "failures": [],
          "pending": [],
          "skipped": [],
          "duration": 4169,
          "root": false,
          "rootEmpty": false,
          "_timeout": 2000
        }
      ],
      "passes": [],
      "failures": [],
      "pending": [],
      "skipped": [],
      "duration": 0,
      "root": true,
      "rootEmpty": true,
      "_timeout": 2000
    }
  ],
  "meta": {
    "mocha": {
      "version": "7.2.0"
    },
    "mochawesome": {
      "options": {
        "quiet": false,
        "reportFilename": "mochawesome",
        "saveHtml": false,
        "saveJson": true,
        "consoleReporter": "spec",
        "useInlineDiffs": false,
        "code": true
      },
      "version": "7.1.3"
    },
    "marge": {
      "options": {
        "reportDir": "cypress/reports",
        "overwrite": false,
        "html": false,
        "json": true
      },
      "version": "6.2.0"
    }
  }
}