{
  "stats": {
    "suites": 3,
    "tests": 14,
    "passes": 14,
    "pending": 0,
    "failures": 0,
    "start": "2025-08-31T08:37:03.280Z",
    "end": "2025-08-31T08:37:23.638Z",
    "duration": 20358,
    "testsRegistered": 14,
    "passPercent": 100,
    "pendingPercent": 0,
    "other": 0,
    "hasOther": false,
    "skipped": 0,
    "hasSkipped": false
  },
  "results": [
    {
      "uuid": "81541b6f-3fc6-45fd-9d72-559000707c6b",
      "title": "",
      "fullFile": "cypress\\e2e\\indiviualProducts.cy.js",
      "file": "cypress\\e2e\\indiviualProducts.cy.js",
      "beforeHooks": [],
      "afterHooks": [],
      "tests": [],
      "suites": [
        {
          "uuid": "aac7b2b9-fc4b-4d93-ab0a-f6d5b248bc0a",
          "title": "Verify the header of the page",
          "fullFile": "",
          "file": "",
          "beforeHooks": [],
          "afterHooks": [],
          "tests": [
            {
              "title": "Verify that the cart icon in the web application",
              "fullTitle": "Verify the header of the page Verify that the cart icon in the web application",
              "timedOut": null,
              "duration": 2196,
              "state": "passed",
              "speed": "fast",
              "pass": true,
              "fail": false,
              "pending": false,
              "context": null,
              "code": "header.cartIcon();",
              "err": {},
              "uuid": "122de53b-7b43-4cca-bdff-b1c034e41bce",
              "parentUUID": "aac7b2b9-fc4b-4d93-ab0a-f6d5b248bc0a",
              "isHook": false,
              "skipped": false
            },
            {
              "title": "Verify that the logo is visible in the web application",
              "fullTitle": "Verify the header of the page Verify that the logo is visible in the web application",
              "timedOut": null,
              "duration": 1543,
              "state": "passed",
              "speed": "fast",
              "pass": true,
              "fail": false,
              "pending": false,
              "context": null,
              "code": "header.logo();",
              "err": {},
              "uuid": "50421d1b-d0d5-452b-aad8-03f7181642d5",
              "parentUUID": "aac7b2b9-fc4b-4d93-ab0a-f6d5b248bc0a",
              "isHook": false,
              "skipped": false
            },
            {
              "title": "Verify that the menu icon is visible in the web application",
              "fullTitle": "Verify the header of the page Verify that the menu icon is visible in the web application",
              "timedOut": null,
              "duration": 2036,
              "state": "passed",
              "speed": "fast",
              "pass": true,
              "fail": false,
              "pending": false,
              "context": null,
              "code": "header.menuIcon();",
              "err": {},
              "uuid": "1a33810a-c177-4e73-9ce3-96c31411e635",
              "parentUUID": "aac7b2b9-fc4b-4d93-ab0a-f6d5b248bc0a",
              "isHook": false,
              "skipped": false
            },
            {
              "title": "Verify thatt the user clicks on the menu icon",
              "fullTitle": "Verify the header of the page Verify thatt the user clicks on the menu icon",
              "timedOut": null,
              "duration": 1133,
              "state": "passed",
              "speed": "fast",
              "pass": true,
              "fail": false,
              "pending": false,
              "context": null,
              "code": "header.onClickMenuIcon();",
              "err": {},
              "uuid": "592d5537-924e-4772-a64b-0fb035c5ebc5",
              "parentUUID": "aac7b2b9-fc4b-4d93-ab0a-f6d5b248bc0a",
              "isHook": false,
              "skipped": false
            },
            {
              "title": "Verify thatt the user clicks on the hover over the menu option",
              "fullTitle": "Verify the header of the page Verify thatt the user clicks on the hover over the menu option",
              "timedOut": null,
              "duration": 1169,
              "state": "passed",
              "speed": "fast",
              "pass": true,
              "fail": false,
              "pending": false,
              "context": null,
              "code": "header.onHoveringMenuOption();",
              "err": {},
              "uuid": "9cbddab0-6c00-4a91-9157-a46a61b19872",
              "parentUUID": "aac7b2b9-fc4b-4d93-ab0a-f6d5b248bc0a",
              "isHook": false,
              "skipped": false
            }
          ],
          "suites": [],
          "passes": [
            "122de53b-7b43-4cca-bdff-b1c034e41bce",
            "50421d1b-d0d5-452b-aad8-03f7181642d5",
            "1a33810a-c177-4e73-9ce3-96c31411e635",
            "592d5537-924e-4772-a64b-0fb035c5ebc5",
            "9cbddab0-6c00-4a91-9157-a46a61b19872"
          ],
          "failures": [],
          "pending": [],
          "skipped": [],
          "duration": 8077,
          "root": false,
          "rootEmpty": false,
          "_timeout": 2000
        },
        {
          "uuid": "b035bbb6-1a2a-4230-acf6-d409583e1753",
          "title": "Verify the functionality of individual page",
          "fullFile": "",
          "file": "",
          "beforeHooks": [],
          "afterHooks": [],
          "tests": [
            {
              "title": "Verify that the product image is visible to the user",
              "fullTitle": "Verify the functionality of individual page Verify that the product image is visible to the user",
              "timedOut": null,
              "duration": 1103,
              "state": "passed",
              "speed": "fast",
              "pass": true,
              "fail": false,
              "pending": false,
              "context": null,
              "code": "indiviualProduct.imageVisiblity();",
              "err": {},
              "uuid": "ae7aaee0-e9dd-4b7d-b444-05920af9783d",
              "parentUUID": "b035bbb6-1a2a-4230-acf6-d409583e1753",
              "isHook": false,
              "skipped": false
            },
            {
              "title": "Verify that the prdouct name is visible to the user",
              "fullTitle": "Verify the functionality of individual page Verify that the prdouct name is visible to the user",
              "timedOut": null,
              "duration": 1054,
              "state": "passed",
              "speed": "fast",
              "pass": true,
              "fail": false,
              "pending": false,
              "context": null,
              "code": "indiviualProduct.productName();",
              "err": {},
              "uuid": "03e8e2f6-2652-469e-a27a-4c3f869ef59e",
              "parentUUID": "b035bbb6-1a2a-4230-acf6-d409583e1753",
              "isHook": false,
              "skipped": false
            },
            {
              "title": "Verify thatt he product description is visible to the user",
              "fullTitle": "Verify the functionality of individual page Verify thatt he product description is visible to the user",
              "timedOut": null,
              "duration": 1050,
              "state": "passed",
              "speed": "fast",
              "pass": true,
              "fail": false,
              "pending": false,
              "context": null,
              "code": "indiviualProduct.productDescription();",
              "err": {},
              "uuid": "e9f2a4f8-5454-4dc1-898a-684018cb4c25",
              "parentUUID": "b035bbb6-1a2a-4230-acf6-d409583e1753",
              "isHook": false,
              "skipped": false
            },
            {
              "title": "Verify that the product price is visible to the user",
              "fullTitle": "Verify the functionality of individual page Verify that the product price is visible to the user",
              "timedOut": null,
              "duration": 1090,
              "state": "passed",
              "speed": "fast",
              "pass": true,
              "fail": false,
              "pending": false,
              "context": null,
              "code": "indiviualProduct.productPrice();",
              "err": {},
              "uuid": "6430ab7e-52cd-4fda-9e4a-7f3721af62f3",
              "parentUUID": "b035bbb6-1a2a-4230-acf6-d409583e1753",
              "isHook": false,
              "skipped": false
            },
            {
              "title": "Verify that user is back to the product on clicking back to product link",
              "fullTitle": "Verify the functionality of individual page Verify that user is back to the product on clicking back to product link",
              "timedOut": null,
              "duration": 1143,
              "state": "passed",
              "speed": "fast",
              "pass": true,
              "fail": false,
              "pending": false,
              "context": null,
              "code": "indiviualProduct.backToProducts();",
              "err": {},
              "uuid": "1ce1b297-4c89-4a2a-a18b-8803622a3039",
              "parentUUID": "b035bbb6-1a2a-4230-acf6-d409583e1753",
              "isHook": false,
              "skipped": false
            },
            {
              "title": "Verify that user clicks on the Add to cart button",
              "fullTitle": "Verify the functionality of individual page Verify that user clicks on the Add to cart button",
              "timedOut": null,
              "duration": 1134,
              "state": "passed",
              "speed": "fast",
              "pass": true,
              "fail": false,
              "pending": false,
              "context": null,
              "code": "indiviualProduct.addProductToCart();",
              "err": {},
              "uuid": "94ab43cc-cc53-46e9-82ab-6b612c2cc471",
              "parentUUID": "b035bbb6-1a2a-4230-acf6-d409583e1753",
              "isHook": false,
              "skipped": false
            }
          ],
          "suites": [],
          "passes": [
            "ae7aaee0-e9dd-4b7d-b444-05920af9783d",
            "03e8e2f6-2652-469e-a27a-4c3f869ef59e",
            "e9f2a4f8-5454-4dc1-898a-684018cb4c25",
            "6430ab7e-52cd-4fda-9e4a-7f3721af62f3",
            "1ce1b297-4c89-4a2a-a18b-8803622a3039",
            "94ab43cc-cc53-46e9-82ab-6b612c2cc471"
          ],
          "failures": [],
          "pending": [],
          "skipped": [],
          "duration": 6574,
          "root": false,
          "rootEmpty": false,
          "_timeout": 2000
        },
        {
          "uuid": "672a656c-2338-41b3-b9ce-e04cd049a243",
          "title": "Verify the footer of the page",
          "fullFile": "",
          "file": "",
          "beforeHooks": [],
          "afterHooks": [],
          "tests": [
            {
              "title": "Verify that the footer is visible in the page",
              "fullTitle": "Verify the footer of the page Verify that the footer is visible in the page",
              "timedOut": null,
              "duration": 1112,
              "state": "passed",
              "speed": "fast",
              "pass": true,
              "fail": false,
              "pending": false,
              "context": null,
              "code": "footer.visible();",
              "err": {},
              "uuid": "448d0f82-8847-453e-b522-540a15e4976e",
              "parentUUID": "672a656c-2338-41b3-b9ce-e04cd049a243",
              "isHook": false,
              "skipped": false
            },
            {
              "title": "Verify that the social media icon is visible to the user",
              "fullTitle": "Verify the footer of the page Verify that the social media icon is visible to the user",
              "timedOut": null,
              "duration": 1118,
              "state": "passed",
              "speed": "fast",
              "pass": true,
              "fail": false,
              "pending": false,
              "context": null,
              "code": "footer.iconVisible();",
              "err": {},
              "uuid": "f809f8a7-ecde-46fe-b457-92f384079ac8",
              "parentUUID": "672a656c-2338-41b3-b9ce-e04cd049a243",
              "isHook": false,
              "skipped": false
            },
            {
              "title": "Verify that the copy right text is visible to the user",
              "fullTitle": "Verify the footer of the page Verify that the copy right text is visible to the user",
              "timedOut": null,
              "duration": 1070,
              "state": "passed",
              "speed": "fast",
              "pass": true,
              "fail": false,
              "pending": false,
              "context": null,
              "code": "footer.copyRightText();",
              "err": {},
              "uuid": "16aa766d-311e-40cf-aa52-95e773c9f332",
              "parentUUID": "672a656c-2338-41b3-b9ce-e04cd049a243",
              "isHook": false,
              "skipped": false
            }
          ],
          "suites": [],
          "passes": [
            "448d0f82-8847-453e-b522-540a15e4976e",
            "f809f8a7-ecde-46fe-b457-92f384079ac8",
            "16aa766d-311e-40cf-aa52-95e773c9f332"
          ],
          "failures": [],
          "pending": [],
          "skipped": [],
          "duration": 3300,
          "root": false,
          "rootEmpty": false,
          "_timeout": 2000
        }
      ],
      "passes": [],
      "failures": [],
      "pending": [],
      "skipped": [],
      "duration": 0,
      "root": true,
      "rootEmpty": true,
      "_timeout": 2000
    }
  ],
  "meta": {
    "mocha": {
      "version": "7.2.0"
    },
    "mochawesome": {
      "options": {
        "quiet": false,
        "reportFilename": "mochawesome",
        "saveHtml": false,
        "saveJson": true,
        "consoleReporter": "spec",
        "useInlineDiffs": false,
        "code": true
      },
      "version": "7.1.3"
    },
    "marge": {
      "options": {
        "reportDir": "cypress/reports",
        "overwrite": false,
        "html": false,
        "json": true
      },
      "version": "6.2.0"
    }
  }
}