{
  "stats": {
    "suites": 2,
    "tests": 8,
    "passes": 8,
    "pending": 0,
    "failures": 0,
    "start": "2025-08-31T08:28:05.807Z",
    "end": "2025-08-31T08:28:15.187Z",
    "duration": 9380,
    "testsRegistered": 8,
    "passPercent": 100,
    "pendingPercent": 0,
    "other": 0,
    "hasOther": false,
    "skipped": 0,
    "hasSkipped": false
  },
  "results": [
    {
      "uuid": "a2527791-58fa-4f34-ac76-bf876ac34264",
      "title": "",
      "fullFile": "cypress\\e2e\\Login.cy.js",
      "file": "cypress\\e2e\\Login.cy.js",
      "beforeHooks": [],
      "afterHooks": [],
      "tests": [],
      "suites": [
        {
          "uuid": "46ddc03c-0e02-45ac-a439-9e621fc113ac",
          "title": "Verify the login functionality",
          "fullFile": "",
          "file": "",
          "beforeHooks": [],
          "afterHooks": [],
          "tests": [
            {
              "title": "Should login successfully with valid credentials",
              "fullTitle": "Verify the login functionality Should login successfully with valid credentials",
              "timedOut": null,
              "duration": 3042,
              "state": "passed",
              "speed": "fast",
              "pass": true,
              "fail": false,
              "pending": false,
              "context": null,
              "code": "loginPage.setusername(loginData.validUser.username);\nloginPage.setpassword(loginData.validUser.password);\nloginPage.clickLogin();\nloginPage.verifyLoginSuccess();",
              "err": {},
              "uuid": "0bc96b95-c5df-4ee6-918e-c2db83ceb395",
              "parentUUID": "46ddc03c-0e02-45ac-a439-9e621fc113ac",
              "isHook": false,
              "skipped": false
            },
            {
              "title": "Should give validation error with invalid credentials",
              "fullTitle": "Verify the login functionality Should give validation error with invalid credentials",
              "timedOut": null,
              "duration": 965,
              "state": "passed",
              "speed": "fast",
              "pass": true,
              "fail": false,
              "pending": false,
              "context": null,
              "code": "loginPage.setusername(loginData.invalidUser.username);\nloginPage.setpassword(loginData.invalidUser.password);\nloginPage.clickLogin();\nloginPage.verifyLoginError();",
              "err": {},
              "uuid": "953e2f04-e936-4474-b794-ef15826bd7b9",
              "parentUUID": "46ddc03c-0e02-45ac-a439-9e621fc113ac",
              "isHook": false,
              "skipped": false
            },
            {
              "title": "Should give validation error for empty username and password fields",
              "fullTitle": "Verify the login functionality Should give validation error for empty username and password fields",
              "timedOut": null,
              "duration": 353,
              "state": "passed",
              "speed": "fast",
              "pass": true,
              "fail": false,
              "pending": false,
              "context": null,
              "code": "loginPage.clickLogin();\nloginPage.verifyLoginError();",
              "err": {},
              "uuid": "046577bf-b5de-4bfe-9ed4-526cbccbaccb",
              "parentUUID": "46ddc03c-0e02-45ac-a439-9e621fc113ac",
              "isHook": false,
              "skipped": false
            },
            {
              "title": "Should give validation error for the empty password field and valid user name",
              "fullTitle": "Verify the login functionality Should give validation error for the empty password field and valid user name",
              "timedOut": null,
              "duration": 541,
              "state": "passed",
              "speed": "fast",
              "pass": true,
              "fail": false,
              "pending": false,
              "context": null,
              "code": "loginPage.setusername(\"Admin\");\nloginPage.clickLogin();\nloginPage.verifyLoginError();",
              "err": {},
              "uuid": "b6eaed78-6a9b-4e39-8164-bb5d4a973504",
              "parentUUID": "46ddc03c-0e02-45ac-a439-9e621fc113ac",
              "isHook": false,
              "skipped": false
            }
          ],
          "suites": [],
          "passes": [
            "0bc96b95-c5df-4ee6-918e-c2db83ceb395",
            "953e2f04-e936-4474-b794-ef15826bd7b9",
            "046577bf-b5de-4bfe-9ed4-526cbccbaccb",
            "b6eaed78-6a9b-4e39-8164-bb5d4a973504"
          ],
          "failures": [],
          "pending": [],
          "skipped": [],
          "duration": 4901,
          "root": false,
          "rootEmpty": false,
          "_timeout": 2000
        },
        {
          "uuid": "54085d92-8386-4d27-abed-06cf42569771",
          "title": "Verify the UI of the Login page ",
          "fullFile": "",
          "file": "",
          "beforeHooks": [],
          "afterHooks": [],
          "tests": [
            {
              "title": "Verify that the logo is visible to the user",
              "fullTitle": "Verify the UI of the Login page  Verify that the logo is visible to the user",
              "timedOut": null,
              "duration": 219,
              "state": "passed",
              "speed": "fast",
              "pass": true,
              "fail": false,
              "pending": false,
              "context": null,
              "code": "loginPage.logo();",
              "err": {},
              "uuid": "6ecc8b91-5ce9-460c-8734-f6d377fd11e8",
              "parentUUID": "54085d92-8386-4d27-abed-06cf42569771",
              "isHook": false,
              "skipped": false
            },
            {
              "title": "Verify that the username is visible to the user and the placeholder in the username field is correct",
              "fullTitle": "Verify the UI of the Login page  Verify that the username is visible to the user and the placeholder in the username field is correct",
              "timedOut": null,
              "duration": 364,
              "state": "passed",
              "speed": "fast",
              "pass": true,
              "fail": false,
              "pending": false,
              "context": null,
              "code": "loginPage.username();",
              "err": {},
              "uuid": "c9dd6f97-776d-4aac-8412-e1dc8a3ba1c0",
              "parentUUID": "54085d92-8386-4d27-abed-06cf42569771",
              "isHook": false,
              "skipped": false
            },
            {
              "title": "Verify that the Password field is visible to the user and the placeholder in the password field is correct",
              "fullTitle": "Verify the UI of the Login page  Verify that the Password field is visible to the user and the placeholder in the password field is correct",
              "timedOut": null,
              "duration": 282,
              "state": "passed",
              "speed": "fast",
              "pass": true,
              "fail": false,
              "pending": false,
              "context": null,
              "code": "loginPage.password();",
              "err": {},
              "uuid": "c09b8912-cc4e-46ac-ab13-fb43999528cf",
              "parentUUID": "54085d92-8386-4d27-abed-06cf42569771",
              "isHook": false,
              "skipped": false
            },
            {
              "title": "Verify that the Login button is visible to the user and the background off the login button is correct",
              "fullTitle": "Verify the UI of the Login page  Verify that the Login button is visible to the user and the background off the login button is correct",
              "timedOut": null,
              "duration": 258,
              "state": "passed",
              "speed": "fast",
              "pass": true,
              "fail": false,
              "pending": false,
              "context": null,
              "code": "loginPage.loginButton();",
              "err": {},
              "uuid": "63330b20-eacc-47fd-852b-b32aa71375f8",
              "parentUUID": "54085d92-8386-4d27-abed-06cf42569771",
              "isHook": false,
              "skipped": false
            }
          ],
          "suites": [],
          "passes": [
            "6ecc8b91-5ce9-460c-8734-f6d377fd11e8",
            "c9dd6f97-776d-4aac-8412-e1dc8a3ba1c0",
            "c09b8912-cc4e-46ac-ab13-fb43999528cf",
            "63330b20-eacc-47fd-852b-b32aa71375f8"
          ],
          "failures": [],
          "pending": [],
          "skipped": [],
          "duration": 1123,
          "root": false,
          "rootEmpty": false,
          "_timeout": 2000
        }
      ],
      "passes": [],
      "failures": [],
      "pending": [],
      "skipped": [],
      "duration": 0,
      "root": true,
      "rootEmpty": true,
      "_timeout": 2000
    }
  ],
  "meta": {
    "mocha": {
      "version": "7.2.0"
    },
    "mochawesome": {
      "options": {
        "quiet": false,
        "reportFilename": "mochawesome",
        "saveHtml": false,
        "saveJson": true,
        "consoleReporter": "spec",
        "useInlineDiffs": false,
        "code": true
      },
      "version": "7.1.3"
    },
    "marge": {
      "options": {
        "reportDir": "cypress/reports",
        "overwrite": false,
        "html": false,
        "json": true
      },
      "version": "6.2.0"
    }
  }
}