{
  "stats": {
    "suites": 2,
    "tests": 8,
    "passes": 8,
    "pending": 0,
    "failures": 0,
    "start": "2025-08-31T08:31:36.552Z",
    "end": "2025-08-31T08:31:46.263Z",
    "duration": 9711,
    "testsRegistered": 8,
    "passPercent": 100,
    "pendingPercent": 0,
    "other": 0,
    "hasOther": false,
    "skipped": 0,
    "hasSkipped": false
  },
  "results": [
    {
      "uuid": "f9c02bd8-9880-44ef-833d-32b62a659347",
      "title": "",
      "fullFile": "cypress\\e2e\\Login.cy.js",
      "file": "cypress\\e2e\\Login.cy.js",
      "beforeHooks": [],
      "afterHooks": [],
      "tests": [],
      "suites": [
        {
          "uuid": "9d7e80ef-dac5-4147-94e2-760edcab3f30",
          "title": "Verify the login functionality",
          "fullFile": "",
          "file": "",
          "beforeHooks": [],
          "afterHooks": [],
          "tests": [
            {
              "title": "Should login successfully with valid credentials",
              "fullTitle": "Verify the login functionality Should login successfully with valid credentials",
              "timedOut": null,
              "duration": 2999,
              "state": "passed",
              "speed": "fast",
              "pass": true,
              "fail": false,
              "pending": false,
              "context": null,
              "code": "loginPage.setusername(loginData.validUser.username);\nloginPage.setpassword(loginData.validUser.password);\nloginPage.clickLogin();\nloginPage.verifyLoginSuccess();",
              "err": {},
              "uuid": "10e22f14-f263-4139-abab-149315a990a4",
              "parentUUID": "9d7e80ef-dac5-4147-94e2-760edcab3f30",
              "isHook": false,
              "skipped": false
            },
            {
              "title": "Should give validation error with invalid credentials",
              "fullTitle": "Verify the login functionality Should give validation error with invalid credentials",
              "timedOut": null,
              "duration": 1739,
              "state": "passed",
              "speed": "fast",
              "pass": true,
              "fail": false,
              "pending": false,
              "context": null,
              "code": "loginPage.setusername(loginData.invalidUser.username);\nloginPage.setpassword(loginData.invalidUser.password);\nloginPage.clickLogin();\nloginPage.verifyLoginError();",
              "err": {},
              "uuid": "5393c3e6-7236-4e57-ad18-a25660386c69",
              "parentUUID": "9d7e80ef-dac5-4147-94e2-760edcab3f30",
              "isHook": false,
              "skipped": false
            },
            {
              "title": "Should give validation error for empty username and password fields",
              "fullTitle": "Verify the login functionality Should give validation error for empty username and password fields",
              "timedOut": null,
              "duration": 424,
              "state": "passed",
              "speed": "fast",
              "pass": true,
              "fail": false,
              "pending": false,
              "context": null,
              "code": "loginPage.clickLogin();\nloginPage.verifyLoginError();",
              "err": {},
              "uuid": "0d1cf496-64b1-4066-b7f0-e740ff3432d5",
              "parentUUID": "9d7e80ef-dac5-4147-94e2-760edcab3f30",
              "isHook": false,
              "skipped": false
            },
            {
              "title": "Should give validation error for the empty password field and valid user name",
              "fullTitle": "Verify the login functionality Should give validation error for the empty password field and valid user name",
              "timedOut": null,
              "duration": 737,
              "state": "passed",
              "speed": "fast",
              "pass": true,
              "fail": false,
              "pending": false,
              "context": null,
              "code": "loginPage.setusername(\"Admin\");\nloginPage.clickLogin();\nloginPage.verifyLoginError();",
              "err": {},
              "uuid": "d22d4655-f822-4f19-9d54-171cc7444a5c",
              "parentUUID": "9d7e80ef-dac5-4147-94e2-760edcab3f30",
              "isHook": false,
              "skipped": false
            }
          ],
          "suites": [],
          "passes": [
            "10e22f14-f263-4139-abab-149315a990a4",
            "5393c3e6-7236-4e57-ad18-a25660386c69",
            "0d1cf496-64b1-4066-b7f0-e740ff3432d5",
            "d22d4655-f822-4f19-9d54-171cc7444a5c"
          ],
          "failures": [],
          "pending": [],
          "skipped": [],
          "duration": 5899,
          "root": false,
          "rootEmpty": false,
          "_timeout": 2000
        },
        {
          "uuid": "465f625b-39ab-4731-9db7-4b4228e357c0",
          "title": "Verify the UI of the Login page ",
          "fullFile": "",
          "file": "",
          "beforeHooks": [],
          "afterHooks": [],
          "tests": [
            {
              "title": "Verify that the logo is visible to the user",
              "fullTitle": "Verify the UI of the Login page  Verify that the logo is visible to the user",
              "timedOut": null,
              "duration": 324,
              "state": "passed",
              "speed": "fast",
              "pass": true,
              "fail": false,
              "pending": false,
              "context": null,
              "code": "loginPage.logo();",
              "err": {},
              "uuid": "b5bb6ab2-47c9-4561-b303-27b60722d3b0",
              "parentUUID": "465f625b-39ab-4731-9db7-4b4228e357c0",
              "isHook": false,
              "skipped": false
            },
            {
              "title": "Verify that the username is visible to the user and the placeholder in the username field is correct",
              "fullTitle": "Verify the UI of the Login page  Verify that the username is visible to the user and the placeholder in the username field is correct",
              "timedOut": null,
              "duration": 397,
              "state": "passed",
              "speed": "fast",
              "pass": true,
              "fail": false,
              "pending": false,
              "context": null,
              "code": "loginPage.username();",
              "err": {},
              "uuid": "b51899d7-9d49-42a6-ab77-8a31e9e151fb",
              "parentUUID": "465f625b-39ab-4731-9db7-4b4228e357c0",
              "isHook": false,
              "skipped": false
            },
            {
              "title": "Verify that the Password field is visible to the user and the placeholder in the password field is correct",
              "fullTitle": "Verify the UI of the Login page  Verify that the Password field is visible to the user and the placeholder in the password field is correct",
              "timedOut": null,
              "duration": 363,
              "state": "passed",
              "speed": "fast",
              "pass": true,
              "fail": false,
              "pending": false,
              "context": null,
              "code": "loginPage.password();",
              "err": {},
              "uuid": "2421cc6d-795f-4765-90f0-6c42ec152faa",
              "parentUUID": "465f625b-39ab-4731-9db7-4b4228e357c0",
              "isHook": false,
              "skipped": false
            },
            {
              "title": "Verify that the Login button is visible to the user and the background off the login button is correct",
              "fullTitle": "Verify the UI of the Login page  Verify that the Login button is visible to the user and the background off the login button is correct",
              "timedOut": null,
              "duration": 347,
              "state": "passed",
              "speed": "fast",
              "pass": true,
              "fail": false,
              "pending": false,
              "context": null,
              "code": "loginPage.loginButton();",
              "err": {},
              "uuid": "3a15fd45-1c28-4122-b26a-e6205503ede9",
              "parentUUID": "465f625b-39ab-4731-9db7-4b4228e357c0",
              "isHook": false,
              "skipped": false
            }
          ],
          "suites": [],
          "passes": [
            "b5bb6ab2-47c9-4561-b303-27b60722d3b0",
            "b51899d7-9d49-42a6-ab77-8a31e9e151fb",
            "2421cc6d-795f-4765-90f0-6c42ec152faa",
            "3a15fd45-1c28-4122-b26a-e6205503ede9"
          ],
          "failures": [],
          "pending": [],
          "skipped": [],
          "duration": 1431,
          "root": false,
          "rootEmpty": false,
          "_timeout": 2000
        }
      ],
      "passes": [],
      "failures": [],
      "pending": [],
      "skipped": [],
      "duration": 0,
      "root": true,
      "rootEmpty": true,
      "_timeout": 2000
    }
  ],
  "meta": {
    "mocha": {
      "version": "7.2.0"
    },
    "mochawesome": {
      "options": {
        "quiet": false,
        "reportFilename": "mochawesome",
        "saveHtml": false,
        "saveJson": true,
        "consoleReporter": "spec",
        "useInlineDiffs": false,
        "code": true
      },
      "version": "7.1.3"
    },
    "marge": {
      "options": {
        "reportDir": "cypress/reports",
        "overwrite": false,
        "html": false,
        "json": true
      },
      "version": "6.2.0"
    }
  }
}