{
  "stats": {
    "suites": 3,
    "tests": 14,
    "passes": 14,
    "pending": 0,
    "failures": 0,
    "start": "2025-08-31T08:29:46.137Z",
    "end": "2025-08-31T08:30:07.009Z",
    "duration": 20872,
    "testsRegistered": 14,
    "passPercent": 100,
    "pendingPercent": 0,
    "other": 0,
    "hasOther": false,
    "skipped": 0,
    "hasSkipped": false
  },
  "results": [
    {
      "uuid": "b147216e-eeb3-4f21-b944-c316797ac4ce",
      "title": "",
      "fullFile": "cypress\\e2e\\indiviualProducts.cy.js",
      "file": "cypress\\e2e\\indiviualProducts.cy.js",
      "beforeHooks": [],
      "afterHooks": [],
      "tests": [],
      "suites": [
        {
          "uuid": "6664b570-a3f5-4f99-aca7-b22c1a681eab",
          "title": "Verify the header of the page",
          "fullFile": "",
          "file": "",
          "beforeHooks": [],
          "afterHooks": [],
          "tests": [
            {
              "title": "Verify that the cart icon in the web application",
              "fullTitle": "Verify the header of the page Verify that the cart icon in the web application",
              "timedOut": null,
              "duration": 2196,
              "state": "passed",
              "speed": "fast",
              "pass": true,
              "fail": false,
              "pending": false,
              "context": null,
              "code": "header.cartIcon();",
              "err": {},
              "uuid": "31d15dca-8741-4b28-906a-63927f60ea68",
              "parentUUID": "6664b570-a3f5-4f99-aca7-b22c1a681eab",
              "isHook": false,
              "skipped": false
            },
            {
              "title": "Verify that the logo is visible in the web application",
              "fullTitle": "Verify the header of the page Verify that the logo is visible in the web application",
              "timedOut": null,
              "duration": 1866,
              "state": "passed",
              "speed": "fast",
              "pass": true,
              "fail": false,
              "pending": false,
              "context": null,
              "code": "header.logo();",
              "err": {},
              "uuid": "25edcde8-e156-4047-8bde-d0fddf573ab0",
              "parentUUID": "6664b570-a3f5-4f99-aca7-b22c1a681eab",
              "isHook": false,
              "skipped": false
            },
            {
              "title": "Verify that the menu icon is visible in the web application",
              "fullTitle": "Verify the header of the page Verify that the menu icon is visible in the web application",
              "timedOut": null,
              "duration": 1513,
              "state": "passed",
              "speed": "fast",
              "pass": true,
              "fail": false,
              "pending": false,
              "context": null,
              "code": "header.menuIcon();",
              "err": {},
              "uuid": "ae42e73b-1cf6-43e5-b553-bf1f3a1a4028",
              "parentUUID": "6664b570-a3f5-4f99-aca7-b22c1a681eab",
              "isHook": false,
              "skipped": false
            },
            {
              "title": "Verify thatt the user clicks on the menu icon",
              "fullTitle": "Verify the header of the page Verify thatt the user clicks on the menu icon",
              "timedOut": null,
              "duration": 1110,
              "state": "passed",
              "speed": "fast",
              "pass": true,
              "fail": false,
              "pending": false,
              "context": null,
              "code": "header.onClickMenuIcon();",
              "err": {},
              "uuid": "08eec44a-865b-4dba-9d02-e2906777b5d9",
              "parentUUID": "6664b570-a3f5-4f99-aca7-b22c1a681eab",
              "isHook": false,
              "skipped": false
            },
            {
              "title": "Verify thatt the user clicks on the hover over the menu option",
              "fullTitle": "Verify the header of the page Verify thatt the user clicks on the hover over the menu option",
              "timedOut": null,
              "duration": 1202,
              "state": "passed",
              "speed": "fast",
              "pass": true,
              "fail": false,
              "pending": false,
              "context": null,
              "code": "header.onHoveringMenuOption();",
              "err": {},
              "uuid": "d6912438-c479-445d-ab04-5cff0c370b17",
              "parentUUID": "6664b570-a3f5-4f99-aca7-b22c1a681eab",
              "isHook": false,
              "skipped": false
            }
          ],
          "suites": [],
          "passes": [
            "31d15dca-8741-4b28-906a-63927f60ea68",
            "25edcde8-e156-4047-8bde-d0fddf573ab0",
            "ae42e73b-1cf6-43e5-b553-bf1f3a1a4028",
            "08eec44a-865b-4dba-9d02-e2906777b5d9",
            "d6912438-c479-445d-ab04-5cff0c370b17"
          ],
          "failures": [],
          "pending": [],
          "skipped": [],
          "duration": 7887,
          "root": false,
          "rootEmpty": false,
          "_timeout": 2000
        },
        {
          "uuid": "d3480314-2a9d-417e-9831-fbcfccedac96",
          "title": "Verify the functionality of individual page",
          "fullFile": "",
          "file": "",
          "beforeHooks": [],
          "afterHooks": [],
          "tests": [
            {
              "title": "Verify that the product image is visible to the user",
              "fullTitle": "Verify the functionality of individual page Verify that the product image is visible to the user",
              "timedOut": null,
              "duration": 1089,
              "state": "passed",
              "speed": "fast",
              "pass": true,
              "fail": false,
              "pending": false,
              "context": null,
              "code": "indiviualProduct.imageVisiblity();",
              "err": {},
              "uuid": "30e553eb-b64f-41ec-a4d8-60deade76bbf",
              "parentUUID": "d3480314-2a9d-417e-9831-fbcfccedac96",
              "isHook": false,
              "skipped": false
            },
            {
              "title": "Verify that the prdouct name is visible to the user",
              "fullTitle": "Verify the functionality of individual page Verify that the prdouct name is visible to the user",
              "timedOut": null,
              "duration": 1191,
              "state": "passed",
              "speed": "fast",
              "pass": true,
              "fail": false,
              "pending": false,
              "context": null,
              "code": "indiviualProduct.productName();",
              "err": {},
              "uuid": "c74a10c6-b636-4407-8fab-e00bf9b5d85e",
              "parentUUID": "d3480314-2a9d-417e-9831-fbcfccedac96",
              "isHook": false,
              "skipped": false
            },
            {
              "title": "Verify thatt he product description is visible to the user",
              "fullTitle": "Verify the functionality of individual page Verify thatt he product description is visible to the user",
              "timedOut": null,
              "duration": 1175,
              "state": "passed",
              "speed": "fast",
              "pass": true,
              "fail": false,
              "pending": false,
              "context": null,
              "code": "indiviualProduct.productDescription();",
              "err": {},
              "uuid": "a470f52a-ccb8-46db-84ba-d8141d12a8cc",
              "parentUUID": "d3480314-2a9d-417e-9831-fbcfccedac96",
              "isHook": false,
              "skipped": false
            },
            {
              "title": "Verify that the product price is visible to the user",
              "fullTitle": "Verify the functionality of individual page Verify that the product price is visible to the user",
              "timedOut": null,
              "duration": 1070,
              "state": "passed",
              "speed": "fast",
              "pass": true,
              "fail": false,
              "pending": false,
              "context": null,
              "code": "indiviualProduct.productPrice();",
              "err": {},
              "uuid": "2c9c617c-ed13-4293-b9c9-1e96b227911b",
              "parentUUID": "d3480314-2a9d-417e-9831-fbcfccedac96",
              "isHook": false,
              "skipped": false
            },
            {
              "title": "Verify that user is back to the product on clicking back to product link",
              "fullTitle": "Verify the functionality of individual page Verify that user is back to the product on clicking back to product link",
              "timedOut": null,
              "duration": 1282,
              "state": "passed",
              "speed": "fast",
              "pass": true,
              "fail": false,
              "pending": false,
              "context": null,
              "code": "indiviualProduct.backToProducts();",
              "err": {},
              "uuid": "b438476b-1936-4ae9-bb74-de247c49dd87",
              "parentUUID": "d3480314-2a9d-417e-9831-fbcfccedac96",
              "isHook": false,
              "skipped": false
            },
            {
              "title": "Verify that user clicks on the Add to cart button",
              "fullTitle": "Verify the functionality of individual page Verify that user clicks on the Add to cart button",
              "timedOut": null,
              "duration": 1416,
              "state": "passed",
              "speed": "fast",
              "pass": true,
              "fail": false,
              "pending": false,
              "context": null,
              "code": "indiviualProduct.addProductToCart();",
              "err": {},
              "uuid": "f39bd894-30d9-42d5-b8b2-767d58d6042d",
              "parentUUID": "d3480314-2a9d-417e-9831-fbcfccedac96",
              "isHook": false,
              "skipped": false
            }
          ],
          "suites": [],
          "passes": [
            "30e553eb-b64f-41ec-a4d8-60deade76bbf",
            "c74a10c6-b636-4407-8fab-e00bf9b5d85e",
            "a470f52a-ccb8-46db-84ba-d8141d12a8cc",
            "2c9c617c-ed13-4293-b9c9-1e96b227911b",
            "b438476b-1936-4ae9-bb74-de247c49dd87",
            "f39bd894-30d9-42d5-b8b2-767d58d6042d"
          ],
          "failures": [],
          "pending": [],
          "skipped": [],
          "duration": 7223,
          "root": false,
          "rootEmpty": false,
          "_timeout": 2000
        },
        {
          "uuid": "b5c2da08-e374-4396-9583-994843e755bd",
          "title": "Verify the footer of the page",
          "fullFile": "",
          "file": "",
          "beforeHooks": [],
          "afterHooks": [],
          "tests": [
            {
              "title": "Verify that the footer is visible in the page",
              "fullTitle": "Verify the footer of the page Verify that the footer is visible in the page",
              "timedOut": null,
              "duration": 1396,
              "state": "passed",
              "speed": "fast",
              "pass": true,
              "fail": false,
              "pending": false,
              "context": null,
              "code": "footer.visible();",
              "err": {},
              "uuid": "dcc915f5-1e7d-42f3-b00d-1e6411e28089",
              "parentUUID": "b5c2da08-e374-4396-9583-994843e755bd",
              "isHook": false,
              "skipped": false
            },
            {
              "title": "Verify that the social media icon is visible to the user",
              "fullTitle": "Verify the footer of the page Verify that the social media icon is visible to the user",
              "timedOut": null,
              "duration": 1034,
              "state": "passed",
              "speed": "fast",
              "pass": true,
              "fail": false,
              "pending": false,
              "context": null,
              "code": "footer.iconVisible();",
              "err": {},
              "uuid": "b6cd95f7-17ad-4c12-8e47-5e44e0680fdc",
              "parentUUID": "b5c2da08-e374-4396-9583-994843e755bd",
              "isHook": false,
              "skipped": false
            },
            {
              "title": "Verify that the copy right text is visible to the user",
              "fullTitle": "Verify the footer of the page Verify that the copy right text is visible to the user",
              "timedOut": null,
              "duration": 1013,
              "state": "passed",
              "speed": "fast",
              "pass": true,
              "fail": false,
              "pending": false,
              "context": null,
              "code": "footer.copyRightText();",
              "err": {},
              "uuid": "0bd1ee43-103d-4199-9e85-fa68e0871e87",
              "parentUUID": "b5c2da08-e374-4396-9583-994843e755bd",
              "isHook": false,
              "skipped": false
            }
          ],
          "suites": [],
          "passes": [
            "dcc915f5-1e7d-42f3-b00d-1e6411e28089",
            "b6cd95f7-17ad-4c12-8e47-5e44e0680fdc",
            "0bd1ee43-103d-4199-9e85-fa68e0871e87"
          ],
          "failures": [],
          "pending": [],
          "skipped": [],
          "duration": 3443,
          "root": false,
          "rootEmpty": false,
          "_timeout": 2000
        }
      ],
      "passes": [],
      "failures": [],
      "pending": [],
      "skipped": [],
      "duration": 0,
      "root": true,
      "rootEmpty": true,
      "_timeout": 2000
    }
  ],
  "meta": {
    "mocha": {
      "version": "7.2.0"
    },
    "mochawesome": {
      "options": {
        "quiet": false,
        "reportFilename": "mochawesome",
        "saveHtml": false,
        "saveJson": true,
        "consoleReporter": "spec",
        "useInlineDiffs": false,
        "code": true
      },
      "version": "7.1.3"
    },
    "marge": {
      "options": {
        "reportDir": "cypress/reports",
        "overwrite": false,
        "html": false,
        "json": true
      },
      "version": "6.2.0"
    }
  }
}