{
  "stats": {
    "suites": 3,
    "tests": 14,
    "passes": 14,
    "pending": 0,
    "failures": 0,
    "start": "2025-08-31T08:33:27.950Z",
    "end": "2025-08-31T08:33:50.683Z",
    "duration": 22733,
    "testsRegistered": 14,
    "passPercent": 100,
    "pendingPercent": 0,
    "other": 0,
    "hasOther": false,
    "skipped": 0,
    "hasSkipped": false
  },
  "results": [
    {
      "uuid": "f3fe95d5-dba2-4a5b-b535-d42ac2ecb939",
      "title": "",
      "fullFile": "cypress\\e2e\\indiviualProducts.cy.js",
      "file": "cypress\\e2e\\indiviualProducts.cy.js",
      "beforeHooks": [],
      "afterHooks": [],
      "tests": [],
      "suites": [
        {
          "uuid": "be97115f-1114-47a6-aa61-31966b2e734b",
          "title": "Verify the header of the page",
          "fullFile": "",
          "file": "",
          "beforeHooks": [],
          "afterHooks": [],
          "tests": [
            {
              "title": "Verify that the cart icon in the web application",
              "fullTitle": "Verify the header of the page Verify that the cart icon in the web application",
              "timedOut": null,
              "duration": 2073,
              "state": "passed",
              "speed": "fast",
              "pass": true,
              "fail": false,
              "pending": false,
              "context": null,
              "code": "header.cartIcon();",
              "err": {},
              "uuid": "6921b8ed-4af1-435a-bc7d-3bf77715bc8c",
              "parentUUID": "be97115f-1114-47a6-aa61-31966b2e734b",
              "isHook": false,
              "skipped": false
            },
            {
              "title": "Verify that the logo is visible in the web application",
              "fullTitle": "Verify the header of the page Verify that the logo is visible in the web application",
              "timedOut": null,
              "duration": 1314,
              "state": "passed",
              "speed": "fast",
              "pass": true,
              "fail": false,
              "pending": false,
              "context": null,
              "code": "header.logo();",
              "err": {},
              "uuid": "924308d7-b9ac-4433-a5ef-4ca198b372f8",
              "parentUUID": "be97115f-1114-47a6-aa61-31966b2e734b",
              "isHook": false,
              "skipped": false
            },
            {
              "title": "Verify that the menu icon is visible in the web application",
              "fullTitle": "Verify the header of the page Verify that the menu icon is visible in the web application",
              "timedOut": null,
              "duration": 1399,
              "state": "passed",
              "speed": "fast",
              "pass": true,
              "fail": false,
              "pending": false,
              "context": null,
              "code": "header.menuIcon();",
              "err": {},
              "uuid": "4011cd1d-c39a-44f2-8439-23d38b12e462",
              "parentUUID": "be97115f-1114-47a6-aa61-31966b2e734b",
              "isHook": false,
              "skipped": false
            },
            {
              "title": "Verify thatt the user clicks on the menu icon",
              "fullTitle": "Verify the header of the page Verify thatt the user clicks on the menu icon",
              "timedOut": null,
              "duration": 1536,
              "state": "passed",
              "speed": "fast",
              "pass": true,
              "fail": false,
              "pending": false,
              "context": null,
              "code": "header.onClickMenuIcon();",
              "err": {},
              "uuid": "3aefd867-6397-4c75-b7a9-03ef22ade7c9",
              "parentUUID": "be97115f-1114-47a6-aa61-31966b2e734b",
              "isHook": false,
              "skipped": false
            },
            {
              "title": "Verify thatt the user clicks on the hover over the menu option",
              "fullTitle": "Verify the header of the page Verify thatt the user clicks on the hover over the menu option",
              "timedOut": null,
              "duration": 1664,
              "state": "passed",
              "speed": "fast",
              "pass": true,
              "fail": false,
              "pending": false,
              "context": null,
              "code": "header.onHoveringMenuOption();",
              "err": {},
              "uuid": "a3ec8818-b729-491c-b785-9d0a67e8b7ca",
              "parentUUID": "be97115f-1114-47a6-aa61-31966b2e734b",
              "isHook": false,
              "skipped": false
            }
          ],
          "suites": [],
          "passes": [
            "6921b8ed-4af1-435a-bc7d-3bf77715bc8c",
            "924308d7-b9ac-4433-a5ef-4ca198b372f8",
            "4011cd1d-c39a-44f2-8439-23d38b12e462",
            "3aefd867-6397-4c75-b7a9-03ef22ade7c9",
            "a3ec8818-b729-491c-b785-9d0a67e8b7ca"
          ],
          "failures": [],
          "pending": [],
          "skipped": [],
          "duration": 7986,
          "root": false,
          "rootEmpty": false,
          "_timeout": 2000
        },
        {
          "uuid": "79566952-d9d6-4fd7-94fd-e67679bfb1e2",
          "title": "Verify the functionality of individual page",
          "fullFile": "",
          "file": "",
          "beforeHooks": [],
          "afterHooks": [],
          "tests": [
            {
              "title": "Verify that the product image is visible to the user",
              "fullTitle": "Verify the functionality of individual page Verify that the product image is visible to the user",
              "timedOut": null,
              "duration": 1304,
              "state": "passed",
              "speed": "fast",
              "pass": true,
              "fail": false,
              "pending": false,
              "context": null,
              "code": "indiviualProduct.imageVisiblity();",
              "err": {},
              "uuid": "2fa1e276-d802-4034-bd76-6a69e46d2f07",
              "parentUUID": "79566952-d9d6-4fd7-94fd-e67679bfb1e2",
              "isHook": false,
              "skipped": false
            },
            {
              "title": "Verify that the prdouct name is visible to the user",
              "fullTitle": "Verify the functionality of individual page Verify that the prdouct name is visible to the user",
              "timedOut": null,
              "duration": 1431,
              "state": "passed",
              "speed": "fast",
              "pass": true,
              "fail": false,
              "pending": false,
              "context": null,
              "code": "indiviualProduct.productName();",
              "err": {},
              "uuid": "38c6802e-c841-4d89-af4e-ef61b34cd727",
              "parentUUID": "79566952-d9d6-4fd7-94fd-e67679bfb1e2",
              "isHook": false,
              "skipped": false
            },
            {
              "title": "Verify thatt he product description is visible to the user",
              "fullTitle": "Verify the functionality of individual page Verify thatt he product description is visible to the user",
              "timedOut": null,
              "duration": 1368,
              "state": "passed",
              "speed": "fast",
              "pass": true,
              "fail": false,
              "pending": false,
              "context": null,
              "code": "indiviualProduct.productDescription();",
              "err": {},
              "uuid": "8d0ab20d-b65d-4335-9f67-32f84142619c",
              "parentUUID": "79566952-d9d6-4fd7-94fd-e67679bfb1e2",
              "isHook": false,
              "skipped": false
            },
            {
              "title": "Verify that the product price is visible to the user",
              "fullTitle": "Verify the functionality of individual page Verify that the product price is visible to the user",
              "timedOut": null,
              "duration": 1479,
              "state": "passed",
              "speed": "fast",
              "pass": true,
              "fail": false,
              "pending": false,
              "context": null,
              "code": "indiviualProduct.productPrice();",
              "err": {},
              "uuid": "45c6fa4f-ad73-440a-8917-be91107f1e98",
              "parentUUID": "79566952-d9d6-4fd7-94fd-e67679bfb1e2",
              "isHook": false,
              "skipped": false
            },
            {
              "title": "Verify that user is back to the product on clicking back to product link",
              "fullTitle": "Verify the functionality of individual page Verify that user is back to the product on clicking back to product link",
              "timedOut": null,
              "duration": 1365,
              "state": "passed",
              "speed": "fast",
              "pass": true,
              "fail": false,
              "pending": false,
              "context": null,
              "code": "indiviualProduct.backToProducts();",
              "err": {},
              "uuid": "c29382f4-4226-4e15-a1cd-26037cd1bba9",
              "parentUUID": "79566952-d9d6-4fd7-94fd-e67679bfb1e2",
              "isHook": false,
              "skipped": false
            },
            {
              "title": "Verify that user clicks on the Add to cart button",
              "fullTitle": "Verify the functionality of individual page Verify that user clicks on the Add to cart button",
              "timedOut": null,
              "duration": 1423,
              "state": "passed",
              "speed": "fast",
              "pass": true,
              "fail": false,
              "pending": false,
              "context": null,
              "code": "indiviualProduct.addProductToCart();",
              "err": {},
              "uuid": "96a5284f-0661-4b05-a08a-b766b64df8fd",
              "parentUUID": "79566952-d9d6-4fd7-94fd-e67679bfb1e2",
              "isHook": false,
              "skipped": false
            }
          ],
          "suites": [],
          "passes": [
            "2fa1e276-d802-4034-bd76-6a69e46d2f07",
            "38c6802e-c841-4d89-af4e-ef61b34cd727",
            "8d0ab20d-b65d-4335-9f67-32f84142619c",
            "45c6fa4f-ad73-440a-8917-be91107f1e98",
            "c29382f4-4226-4e15-a1cd-26037cd1bba9",
            "96a5284f-0661-4b05-a08a-b766b64df8fd"
          ],
          "failures": [],
          "pending": [],
          "skipped": [],
          "duration": 8370,
          "root": false,
          "rootEmpty": false,
          "_timeout": 2000
        },
        {
          "uuid": "60d15446-baf5-4e4b-8bbf-fddd8e482789",
          "title": "Verify the footer of the page",
          "fullFile": "",
          "file": "",
          "beforeHooks": [],
          "afterHooks": [],
          "tests": [
            {
              "title": "Verify that the footer is visible in the page",
              "fullTitle": "Verify the footer of the page Verify that the footer is visible in the page",
              "timedOut": null,
              "duration": 1253,
              "state": "passed",
              "speed": "fast",
              "pass": true,
              "fail": false,
              "pending": false,
              "context": null,
              "code": "footer.visible();",
              "err": {},
              "uuid": "5a9e962c-9be2-492b-ac11-3b2d4a86f00c",
              "parentUUID": "60d15446-baf5-4e4b-8bbf-fddd8e482789",
              "isHook": false,
              "skipped": false
            },
            {
              "title": "Verify that the social media icon is visible to the user",
              "fullTitle": "Verify the footer of the page Verify that the social media icon is visible to the user",
              "timedOut": null,
              "duration": 1260,
              "state": "passed",
              "speed": "fast",
              "pass": true,
              "fail": false,
              "pending": false,
              "context": null,
              "code": "footer.iconVisible();",
              "err": {},
              "uuid": "f92fe3e9-b3c6-44e3-92f0-750f5126997e",
              "parentUUID": "60d15446-baf5-4e4b-8bbf-fddd8e482789",
              "isHook": false,
              "skipped": false
            },
            {
              "title": "Verify that the copy right text is visible to the user",
              "fullTitle": "Verify the footer of the page Verify that the copy right text is visible to the user",
              "timedOut": null,
              "duration": 1378,
              "state": "passed",
              "speed": "fast",
              "pass": true,
              "fail": false,
              "pending": false,
              "context": null,
              "code": "footer.copyRightText();",
              "err": {},
              "uuid": "9050ba1e-5c9e-45a3-8ced-0d808718e576",
              "parentUUID": "60d15446-baf5-4e4b-8bbf-fddd8e482789",
              "isHook": false,
              "skipped": false
            }
          ],
          "suites": [],
          "passes": [
            "5a9e962c-9be2-492b-ac11-3b2d4a86f00c",
            "f92fe3e9-b3c6-44e3-92f0-750f5126997e",
            "9050ba1e-5c9e-45a3-8ced-0d808718e576"
          ],
          "failures": [],
          "pending": [],
          "skipped": [],
          "duration": 3891,
          "root": false,
          "rootEmpty": false,
          "_timeout": 2000
        }
      ],
      "passes": [],
      "failures": [],
      "pending": [],
      "skipped": [],
      "duration": 0,
      "root": true,
      "rootEmpty": true,
      "_timeout": 2000
    }
  ],
  "meta": {
    "mocha": {
      "version": "7.2.0"
    },
    "mochawesome": {
      "options": {
        "quiet": false,
        "reportFilename": "mochawesome",
        "saveHtml": false,
        "saveJson": true,
        "consoleReporter": "spec",
        "useInlineDiffs": false,
        "code": true
      },
      "version": "7.1.3"
    },
    "marge": {
      "options": {
        "reportDir": "cypress/reports",
        "overwrite": false,
        "html": false,
        "json": true
      },
      "version": "6.2.0"
    }
  }
}