{
  "stats": {
    "suites": 7,
    "tests": 91,
    "passes": 91,
    "pending": 0,
    "failures": 0,
    "testsRegistered": 91,
    "passPercent": 100,
    "pendingPercent": 0,
    "other": 0,
    "hasOther": false,
    "skipped": 0,
    "hasSkipped": false,
    "start": "2025-08-31T07:44:31.051Z",
    "end": "2025-08-31T07:47:36.537Z",
    "duration": 185486
  },
  "results": [
    {
      "uuid": "23fc8e91-4c61-4c74-a872-493564440938",
      "title": "",
      "fullFile": "cypress\\e2e\\cart.cy.js",
      "file": "cypress\\e2e\\cart.cy.js",
      "beforeHooks": [],
      "afterHooks": [],
      "tests": [],
      "suites": [
        {
          "uuid": "4b3eadb3-d1ce-4523-8100-71c40f7f9619",
          "title": "Verify the header of the page",
          "fullFile": "",
          "file": "",
          "beforeHooks": [],
          "afterHooks": [],
          "tests": [
            {
              "title": "Verify that the cart icon in the web application",
              "fullTitle": "Verify the header of the page Verify that the cart icon in the web application",
              "timedOut": null,
              "duration": 2880,
              "state": "passed",
              "speed": "fast",
              "pass": true,
              "fail": false,
              "pending": false,
              "context": null,
              "code": "header.cartIcon();",
              "err": {},
              "uuid": "c72af7e8-6112-401f-a903-1802f7354fb4",
              "parentUUID": "4b3eadb3-d1ce-4523-8100-71c40f7f9619",
              "isHook": false,
              "skipped": false
            },
            {
              "title": "Verify that the logo is visible in the web application",
              "fullTitle": "Verify the header of the page Verify that the logo is visible in the web application",
              "timedOut": null,
              "duration": 2413,
              "state": "passed",
              "speed": "fast",
              "pass": true,
              "fail": false,
              "pending": false,
              "context": null,
              "code": "header.logo();",
              "err": {},
              "uuid": "66012c72-ae74-442b-8c57-2f4978263e24",
              "parentUUID": "4b3eadb3-d1ce-4523-8100-71c40f7f9619",
              "isHook": false,
              "skipped": false
            },
            {
              "title": "Verify that the menu icon is visible in the web application",
              "fullTitle": "Verify the header of the page Verify that the menu icon is visible in the web application",
              "timedOut": null,
              "duration": 1802,
              "state": "passed",
              "speed": "fast",
              "pass": true,
              "fail": false,
              "pending": false,
              "context": null,
              "code": "header.menuIcon();",
              "err": {},
              "uuid": "8038adf6-10e7-4793-ba7a-d005b6510f74",
              "parentUUID": "4b3eadb3-d1ce-4523-8100-71c40f7f9619",
              "isHook": false,
              "skipped": false
            },
            {
              "title": "Verify thatt the user clicks on the menu icon",
              "fullTitle": "Verify the header of the page Verify thatt the user clicks on the menu icon",
              "timedOut": null,
              "duration": 1441,
              "state": "passed",
              "speed": "fast",
              "pass": true,
              "fail": false,
              "pending": false,
              "context": null,
              "code": "header.onClickMenuIcon();",
              "err": {},
              "uuid": "68bce6ac-a1de-488e-8f57-1e820c680f80",
              "parentUUID": "4b3eadb3-d1ce-4523-8100-71c40f7f9619",
              "isHook": false,
              "skipped": false
            },
            {
              "title": "Verify thatt the user clicks on the hover over the menu option",
              "fullTitle": "Verify the header of the page Verify thatt the user clicks on the hover over the menu option",
              "timedOut": null,
              "duration": 1316,
              "state": "passed",
              "speed": "fast",
              "pass": true,
              "fail": false,
              "pending": false,
              "context": null,
              "code": "header.onHoveringMenuOption();",
              "err": {},
              "uuid": "13e386f7-0a67-4391-bd80-a0c6491f62c3",
              "parentUUID": "4b3eadb3-d1ce-4523-8100-71c40f7f9619",
              "isHook": false,
              "skipped": false
            }
          ],
          "suites": [],
          "passes": [
            "c72af7e8-6112-401f-a903-1802f7354fb4",
            "66012c72-ae74-442b-8c57-2f4978263e24",
            "8038adf6-10e7-4793-ba7a-d005b6510f74",
            "68bce6ac-a1de-488e-8f57-1e820c680f80",
            "13e386f7-0a67-4391-bd80-a0c6491f62c3"
          ],
          "failures": [],
          "pending": [],
          "skipped": [],
          "duration": 9852,
          "root": false,
          "rootEmpty": false,
          "_timeout": 2000
        },
        {
          "uuid": "d82be700-c345-4548-94b0-366658dd9d7c",
          "title": "Verify the functionality of the cart page",
          "fullFile": "",
          "file": "",
          "beforeHooks": [],
          "afterHooks": [],
          "tests": [
            {
              "title": "Verify that the page heading is visible to the user",
              "fullTitle": "Verify the functionality of the cart page Verify that the page heading is visible to the user",
              "timedOut": null,
              "duration": 1394,
              "state": "passed",
              "speed": "fast",
              "pass": true,
              "fail": false,
              "pending": false,
              "context": null,
              "code": "addToCart.cartPageheading();",
              "err": {},
              "uuid": "a5bb4888-0e1f-4c0e-be50-ab29c729a331",
              "parentUUID": "d82be700-c345-4548-94b0-366658dd9d7c",
              "isHook": false,
              "skipped": false
            },
            {
              "title": "Verify the deatils of the added product",
              "fullTitle": "Verify the functionality of the cart page Verify the deatils of the added product",
              "timedOut": null,
              "duration": 1375,
              "state": "passed",
              "speed": "fast",
              "pass": true,
              "fail": false,
              "pending": false,
              "context": null,
              "code": "addToCart.addedProductDetails();",
              "err": {},
              "uuid": "793d309a-5aa6-449e-8d7c-309f9b464e5a",
              "parentUUID": "d82be700-c345-4548-94b0-366658dd9d7c",
              "isHook": false,
              "skipped": false
            },
            {
              "title": "Verify that product gets remove on clicking the remove button",
              "fullTitle": "Verify the functionality of the cart page Verify that product gets remove on clicking the remove button",
              "timedOut": null,
              "duration": 1924,
              "state": "passed",
              "speed": "fast",
              "pass": true,
              "fail": false,
              "pending": false,
              "context": null,
              "code": "addToCart.removeProductFromCart();",
              "err": {},
              "uuid": "8c150e63-85ba-4a3a-979d-30cb2c49623e",
              "parentUUID": "d82be700-c345-4548-94b0-366658dd9d7c",
              "isHook": false,
              "skipped": false
            },
            {
              "title": "Verify that the user is redirected towrsd the product page on clicking the back to product",
              "fullTitle": "Verify the functionality of the cart page Verify that the user is redirected towrsd the product page on clicking the back to product",
              "timedOut": null,
              "duration": 1347,
              "state": "passed",
              "speed": "fast",
              "pass": true,
              "fail": false,
              "pending": false,
              "context": null,
              "code": "addToCart.backToProductPage();",
              "err": {},
              "uuid": "d50ac821-11c4-487a-b239-fef1661b8d24",
              "parentUUID": "d82be700-c345-4548-94b0-366658dd9d7c",
              "isHook": false,
              "skipped": false
            },
            {
              "title": "Verify that the user is redirected towards the checkout page",
              "fullTitle": "Verify the functionality of the cart page Verify that the user is redirected towards the checkout page",
              "timedOut": null,
              "duration": 1394,
              "state": "passed",
              "speed": "fast",
              "pass": true,
              "fail": false,
              "pending": false,
              "context": null,
              "code": "addToCart.checkoutPage();",
              "err": {},
              "uuid": "25b0fd12-0d9e-4cc4-b09d-03b8c1615bd2",
              "parentUUID": "d82be700-c345-4548-94b0-366658dd9d7c",
              "isHook": false,
              "skipped": false
            }
          ],
          "suites": [],
          "passes": [
            "a5bb4888-0e1f-4c0e-be50-ab29c729a331",
            "793d309a-5aa6-449e-8d7c-309f9b464e5a",
            "8c150e63-85ba-4a3a-979d-30cb2c49623e",
            "d50ac821-11c4-487a-b239-fef1661b8d24",
            "25b0fd12-0d9e-4cc4-b09d-03b8c1615bd2"
          ],
          "failures": [],
          "pending": [],
          "skipped": [],
          "duration": 7434,
          "root": false,
          "rootEmpty": false,
          "_timeout": 2000
        },
        {
          "uuid": "04e5eb12-b3e0-42de-a9ed-10c8c1d42f7b",
          "title": "Verify the footer of the page",
          "fullFile": "",
          "file": "",
          "beforeHooks": [],
          "afterHooks": [],
          "tests": [
            {
              "title": "Verify that the footer is visible in the page",
              "fullTitle": "Verify the footer of the page Verify that the footer is visible in the page",
              "timedOut": null,
              "duration": 1208,
              "state": "passed",
              "speed": "fast",
              "pass": true,
              "fail": false,
              "pending": false,
              "context": null,
              "code": "footer.visible();",
              "err": {},
              "uuid": "33b7bead-97e4-4731-94a8-ee04f8f1141f",
              "parentUUID": "04e5eb12-b3e0-42de-a9ed-10c8c1d42f7b",
              "isHook": false,
              "skipped": false
            },
            {
              "title": "Verify that the social media icon is visible to the user",
              "fullTitle": "Verify the footer of the page Verify that the social media icon is visible to the user",
              "timedOut": null,
              "duration": 1264,
              "state": "passed",
              "speed": "fast",
              "pass": true,
              "fail": false,
              "pending": false,
              "context": null,
              "code": "footer.iconVisible();",
              "err": {},
              "uuid": "ee9a9cf5-960e-4201-84b7-acfabf35d4d4",
              "parentUUID": "04e5eb12-b3e0-42de-a9ed-10c8c1d42f7b",
              "isHook": false,
              "skipped": false
            },
            {
              "title": "Verify that the copy right text is visible to the user",
              "fullTitle": "Verify the footer of the page Verify that the copy right text is visible to the user",
              "timedOut": null,
              "duration": 1285,
              "state": "passed",
              "speed": "fast",
              "pass": true,
              "fail": false,
              "pending": false,
              "context": null,
              "code": "footer.copyRightText();",
              "err": {},
              "uuid": "6190d7b7-54b7-4799-8509-4ba959d0b309",
              "parentUUID": "04e5eb12-b3e0-42de-a9ed-10c8c1d42f7b",
              "isHook": false,
              "skipped": false
            }
          ],
          "suites": [],
          "passes": [
            "33b7bead-97e4-4731-94a8-ee04f8f1141f",
            "ee9a9cf5-960e-4201-84b7-acfabf35d4d4",
            "6190d7b7-54b7-4799-8509-4ba959d0b309"
          ],
          "failures": [],
          "pending": [],
          "skipped": [],
          "duration": 3757,
          "root": false,
          "rootEmpty": false,
          "_timeout": 2000
        }
      ],
      "passes": [],
      "failures": [],
      "pending": [],
      "skipped": [],
      "duration": 0,
      "root": true,
      "rootEmpty": true,
      "_timeout": 2000
    },
    {
      "uuid": "94e3a422-02b6-4d0e-940b-3b34cadb769f",
      "title": "",
      "fullFile": "cypress\\e2e\\checkout.cy.js",
      "file": "cypress\\e2e\\checkout.cy.js",
      "beforeHooks": [],
      "afterHooks": [],
      "tests": [],
      "suites": [
        {
          "uuid": "23dbfb97-a524-494e-b13d-5919b3482bed",
          "title": "Verify the header of the page",
          "fullFile": "",
          "file": "",
          "beforeHooks": [],
          "afterHooks": [],
          "tests": [
            {
              "title": "Verify that the cart icon in the web application",
              "fullTitle": "Verify the header of the page Verify that the cart icon in the web application",
              "timedOut": null,
              "duration": 3074,
              "state": "passed",
              "speed": "fast",
              "pass": true,
              "fail": false,
              "pending": false,
              "context": null,
              "code": "header.cartIcon();",
              "err": {},
              "uuid": "a395abc6-b4de-47d6-b7c8-ff4c0f2174d0",
              "parentUUID": "23dbfb97-a524-494e-b13d-5919b3482bed",
              "isHook": false,
              "skipped": false
            },
            {
              "title": "Verify that the logo is visible in the web application",
              "fullTitle": "Verify the header of the page Verify that the logo is visible in the web application",
              "timedOut": null,
              "duration": 1459,
              "state": "passed",
              "speed": "fast",
              "pass": true,
              "fail": false,
              "pending": false,
              "context": null,
              "code": "header.logo();",
              "err": {},
              "uuid": "d0fe3a77-20d7-41f8-9d73-132bb10cb13e",
              "parentUUID": "23dbfb97-a524-494e-b13d-5919b3482bed",
              "isHook": false,
              "skipped": false
            },
            {
              "title": "Verify that the menu icon is visible in the web application",
              "fullTitle": "Verify the header of the page Verify that the menu icon is visible in the web application",
              "timedOut": null,
              "duration": 1783,
              "state": "passed",
              "speed": "fast",
              "pass": true,
              "fail": false,
              "pending": false,
              "context": null,
              "code": "header.menuIcon();",
              "err": {},
              "uuid": "9a33c3fe-85f6-4b2c-b88d-a4ad922e78c9",
              "parentUUID": "23dbfb97-a524-494e-b13d-5919b3482bed",
              "isHook": false,
              "skipped": false
            },
            {
              "title": "Verify thatt the user clicks on the menu icon",
              "fullTitle": "Verify the header of the page Verify thatt the user clicks on the menu icon",
              "timedOut": null,
              "duration": 1500,
              "state": "passed",
              "speed": "fast",
              "pass": true,
              "fail": false,
              "pending": false,
              "context": null,
              "code": "header.onClickMenuIcon();",
              "err": {},
              "uuid": "31d1464b-1434-489b-ae8c-2e50fc6fbcc3",
              "parentUUID": "23dbfb97-a524-494e-b13d-5919b3482bed",
              "isHook": false,
              "skipped": false
            },
            {
              "title": "Verify thatt the user clicks on the hover over the menu option",
              "fullTitle": "Verify the header of the page Verify thatt the user clicks on the hover over the menu option",
              "timedOut": null,
              "duration": 1495,
              "state": "passed",
              "speed": "fast",
              "pass": true,
              "fail": false,
              "pending": false,
              "context": null,
              "code": "header.onHoveringMenuOption();",
              "err": {},
              "uuid": "30dc457a-4413-40f8-bdb8-ac7b1c6f8765",
              "parentUUID": "23dbfb97-a524-494e-b13d-5919b3482bed",
              "isHook": false,
              "skipped": false
            }
          ],
          "suites": [],
          "passes": [
            "a395abc6-b4de-47d6-b7c8-ff4c0f2174d0",
            "d0fe3a77-20d7-41f8-9d73-132bb10cb13e",
            "9a33c3fe-85f6-4b2c-b88d-a4ad922e78c9",
            "31d1464b-1434-489b-ae8c-2e50fc6fbcc3",
            "30dc457a-4413-40f8-bdb8-ac7b1c6f8765"
          ],
          "failures": [],
          "pending": [],
          "skipped": [],
          "duration": 9311,
          "root": false,
          "rootEmpty": false,
          "_timeout": 2000
        },
        {
          "uuid": "592b83d9-b865-4321-9770-b7ed113efcf7",
          "title": "Verify that UI and functionality of the check page",
          "fullFile": "",
          "file": "",
          "beforeHooks": [],
          "afterHooks": [],
          "tests": [
            {
              "title": "Verify that the page heading is correct",
              "fullTitle": "Verify that UI and functionality of the check page Verify that the page heading is correct",
              "timedOut": null,
              "duration": 1564,
              "state": "passed",
              "speed": "fast",
              "pass": true,
              "fail": false,
              "pending": false,
              "context": null,
              "code": "checkOut.pageHeading();",
              "err": {},
              "uuid": "0af1e344-9a9d-4dd6-9658-295317efe3cd",
              "parentUUID": "592b83d9-b865-4321-9770-b7ed113efcf7",
              "isHook": false,
              "skipped": false
            },
            {
              "title": "Verify the error message when all the fields are empty",
              "fullTitle": "Verify that UI and functionality of the check page Verify the error message when all the fields are empty",
              "timedOut": null,
              "duration": 1757,
              "state": "passed",
              "speed": "fast",
              "pass": true,
              "fail": false,
              "pending": false,
              "context": null,
              "code": "checkOut.errorForEmptyField();",
              "err": {},
              "uuid": "6b6e5ddd-1a6b-4b95-b5c2-6ebaea1f5853",
              "parentUUID": "592b83d9-b865-4321-9770-b7ed113efcf7",
              "isHook": false,
              "skipped": false
            },
            {
              "title": "Verify the error message when the first name field is empty",
              "fullTitle": "Verify that UI and functionality of the check page Verify the error message when the first name field is empty",
              "timedOut": null,
              "duration": 1878,
              "state": "passed",
              "speed": "fast",
              "pass": true,
              "fail": false,
              "pending": false,
              "context": null,
              "code": "checkOut.errorForMissingFirstName(userData.checkout_information.last_name, userData.checkout_information.zip_postal_code);",
              "err": {},
              "uuid": "0240ca79-edd2-4401-8f6e-a574a61bc2b6",
              "parentUUID": "592b83d9-b865-4321-9770-b7ed113efcf7",
              "isHook": false,
              "skipped": false
            },
            {
              "title": "Verify the error message when the last name field is empty",
              "fullTitle": "Verify that UI and functionality of the check page Verify the error message when the last name field is empty",
              "timedOut": null,
              "duration": 1842,
              "state": "passed",
              "speed": "fast",
              "pass": true,
              "fail": false,
              "pending": false,
              "context": null,
              "code": "checkOut.errorForMissingLastName(userData.checkout_information.first_name, userData.checkout_information.zip_postal_code);",
              "err": {},
              "uuid": "4dff5a7c-7243-4de2-abfc-7d1f261df35c",
              "parentUUID": "592b83d9-b865-4321-9770-b7ed113efcf7",
              "isHook": false,
              "skipped": false
            },
            {
              "title": "Verify the error message when the postal code field is empty",
              "fullTitle": "Verify that UI and functionality of the check page Verify the error message when the postal code field is empty",
              "timedOut": null,
              "duration": 1891,
              "state": "passed",
              "speed": "fast",
              "pass": true,
              "fail": false,
              "pending": false,
              "context": null,
              "code": "checkOut.errorForMissingPostalCode(userData.checkout_information.first_name, userData.checkout_information.last_name);",
              "err": {},
              "uuid": "c86219d9-fa47-4956-a9c6-12d3e50cd122",
              "parentUUID": "592b83d9-b865-4321-9770-b7ed113efcf7",
              "isHook": false,
              "skipped": false
            },
            {
              "title": "Verify that the user is redirceted towards the product details page when all the details are filled",
              "fullTitle": "Verify that UI and functionality of the check page Verify that the user is redirceted towards the product details page when all the details are filled",
              "timedOut": null,
              "duration": 2059,
              "state": "passed",
              "speed": "fast",
              "pass": true,
              "fail": false,
              "pending": false,
              "context": null,
              "code": "checkOut.allFieldFilled(userData.checkout_information.first_name, userData.checkout_information.last_name, userData.checkout_information.zip_postal_code);",
              "err": {},
              "uuid": "ae9db071-795c-4f55-96b7-b478df540488",
              "parentUUID": "592b83d9-b865-4321-9770-b7ed113efcf7",
              "isHook": false,
              "skipped": false
            },
            {
              "title": "Verify that the user clicks the cancel button",
              "fullTitle": "Verify that UI and functionality of the check page Verify that the user clicks the cancel button",
              "timedOut": null,
              "duration": 1416,
              "state": "passed",
              "speed": "fast",
              "pass": true,
              "fail": false,
              "pending": false,
              "context": null,
              "code": "checkOut.cancelButton();",
              "err": {},
              "uuid": "c222ce3b-5ff0-4011-8e22-8232af396e4a",
              "parentUUID": "592b83d9-b865-4321-9770-b7ed113efcf7",
              "isHook": false,
              "skipped": false
            }
          ],
          "suites": [],
          "passes": [
            "0af1e344-9a9d-4dd6-9658-295317efe3cd",
            "6b6e5ddd-1a6b-4b95-b5c2-6ebaea1f5853",
            "0240ca79-edd2-4401-8f6e-a574a61bc2b6",
            "4dff5a7c-7243-4de2-abfc-7d1f261df35c",
            "c86219d9-fa47-4956-a9c6-12d3e50cd122",
            "ae9db071-795c-4f55-96b7-b478df540488",
            "c222ce3b-5ff0-4011-8e22-8232af396e4a"
          ],
          "failures": [],
          "pending": [],
          "skipped": [],
          "duration": 12407,
          "root": false,
          "rootEmpty": false,
          "_timeout": 2000
        },
        {
          "uuid": "12a7faf2-0c88-45cf-a300-a4c080b05574",
          "title": "Verify the footer of the page",
          "fullFile": "",
          "file": "",
          "beforeHooks": [],
          "afterHooks": [],
          "tests": [
            {
              "title": "Verify that the footer is visible in the page",
              "fullTitle": "Verify the footer of the page Verify that the footer is visible in the page",
              "timedOut": null,
              "duration": 1329,
              "state": "passed",
              "speed": "fast",
              "pass": true,
              "fail": false,
              "pending": false,
              "context": null,
              "code": "footer.visible();",
              "err": {},
              "uuid": "4a7855a2-e9c9-4d78-b392-e475c205e136",
              "parentUUID": "12a7faf2-0c88-45cf-a300-a4c080b05574",
              "isHook": false,
              "skipped": false
            },
            {
              "title": "Verify that the social media icon is visible to the user",
              "fullTitle": "Verify the footer of the page Verify that the social media icon is visible to the user",
              "timedOut": null,
              "duration": 1327,
              "state": "passed",
              "speed": "fast",
              "pass": true,
              "fail": false,
              "pending": false,
              "context": null,
              "code": "footer.iconVisible();",
              "err": {},
              "uuid": "033ad911-6a2f-4733-b29b-397d8184833d",
              "parentUUID": "12a7faf2-0c88-45cf-a300-a4c080b05574",
              "isHook": false,
              "skipped": false
            },
            {
              "title": "Verify that the copy right text is visible to the user",
              "fullTitle": "Verify the footer of the page Verify that the copy right text is visible to the user",
              "timedOut": null,
              "duration": 1337,
              "state": "passed",
              "speed": "fast",
              "pass": true,
              "fail": false,
              "pending": false,
              "context": null,
              "code": "footer.copyRightText();",
              "err": {},
              "uuid": "496b1ff6-e870-4dac-9956-4d2c8a66b8ba",
              "parentUUID": "12a7faf2-0c88-45cf-a300-a4c080b05574",
              "isHook": false,
              "skipped": false
            }
          ],
          "suites": [],
          "passes": [
            "4a7855a2-e9c9-4d78-b392-e475c205e136",
            "033ad911-6a2f-4733-b29b-397d8184833d",
            "496b1ff6-e870-4dac-9956-4d2c8a66b8ba"
          ],
          "failures": [],
          "pending": [],
          "skipped": [],
          "duration": 3993,
          "root": false,
          "rootEmpty": false,
          "_timeout": 2000
        }
      ],
      "passes": [],
      "failures": [],
      "pending": [],
      "skipped": [],
      "duration": 0,
      "root": true,
      "rootEmpty": true,
      "_timeout": 2000
    },
    {
      "uuid": "c12c7d44-c70a-4c0f-aeaa-ddf254a0857a",
      "title": "",
      "fullFile": "cypress\\e2e\\checkoutDetails.cy.js",
      "file": "cypress\\e2e\\checkoutDetails.cy.js",
      "beforeHooks": [],
      "afterHooks": [],
      "tests": [],
      "suites": [
        {
          "uuid": "566402b1-94f2-453b-9aa1-0fdaf6f03196",
          "title": "Verify the header of the page",
          "fullFile": "",
          "file": "",
          "beforeHooks": [],
          "afterHooks": [],
          "tests": [
            {
              "title": "Verify that the cart icon in the web application",
              "fullTitle": "Verify the header of the page Verify that the cart icon in the web application",
              "timedOut": null,
              "duration": 3626,
              "state": "passed",
              "speed": "fast",
              "pass": true,
              "fail": false,
              "pending": false,
              "context": null,
              "code": "header.cartIcon();",
              "err": {},
              "uuid": "85a26799-8d2c-4974-99fc-c05e6e2ad41b",
              "parentUUID": "566402b1-94f2-453b-9aa1-0fdaf6f03196",
              "isHook": false,
              "skipped": false
            },
            {
              "title": "Verify that the logo is visible in the web application",
              "fullTitle": "Verify the header of the page Verify that the logo is visible in the web application",
              "timedOut": null,
              "duration": 2467,
              "state": "passed",
              "speed": "fast",
              "pass": true,
              "fail": false,
              "pending": false,
              "context": null,
              "code": "header.logo();",
              "err": {},
              "uuid": "01e07e0f-cbdc-40b2-94ee-6d6247884c59",
              "parentUUID": "566402b1-94f2-453b-9aa1-0fdaf6f03196",
              "isHook": false,
              "skipped": false
            },
            {
              "title": "Verify that the menu icon is visible in the web application",
              "fullTitle": "Verify the header of the page Verify that the menu icon is visible in the web application",
              "timedOut": null,
              "duration": 2098,
              "state": "passed",
              "speed": "fast",
              "pass": true,
              "fail": false,
              "pending": false,
              "context": null,
              "code": "header.menuIcon();",
              "err": {},
              "uuid": "b750c6f4-8ffe-45e5-aac5-2967e8bb83fc",
              "parentUUID": "566402b1-94f2-453b-9aa1-0fdaf6f03196",
              "isHook": false,
              "skipped": false
            },
            {
              "title": "Verify thatt the user clicks on the menu icon",
              "fullTitle": "Verify the header of the page Verify thatt the user clicks on the menu icon",
              "timedOut": null,
              "duration": 2298,
              "state": "passed",
              "speed": "fast",
              "pass": true,
              "fail": false,
              "pending": false,
              "context": null,
              "code": "header.onClickMenuIcon();",
              "err": {},
              "uuid": "fec099a6-e457-488a-aa47-d81fd0950916",
              "parentUUID": "566402b1-94f2-453b-9aa1-0fdaf6f03196",
              "isHook": false,
              "skipped": false
            },
            {
              "title": "Verify thatt the user clicks on the hover over the menu option",
              "fullTitle": "Verify the header of the page Verify thatt the user clicks on the hover over the menu option",
              "timedOut": null,
              "duration": 2172,
              "state": "passed",
              "speed": "fast",
              "pass": true,
              "fail": false,
              "pending": false,
              "context": null,
              "code": "header.onHoveringMenuOption();",
              "err": {},
              "uuid": "b4f13037-5205-4e2b-9a02-fe3027d470b6",
              "parentUUID": "566402b1-94f2-453b-9aa1-0fdaf6f03196",
              "isHook": false,
              "skipped": false
            }
          ],
          "suites": [],
          "passes": [
            "85a26799-8d2c-4974-99fc-c05e6e2ad41b",
            "01e07e0f-cbdc-40b2-94ee-6d6247884c59",
            "b750c6f4-8ffe-45e5-aac5-2967e8bb83fc",
            "fec099a6-e457-488a-aa47-d81fd0950916",
            "b4f13037-5205-4e2b-9a02-fe3027d470b6"
          ],
          "failures": [],
          "pending": [],
          "skipped": [],
          "duration": 12661,
          "root": false,
          "rootEmpty": false,
          "_timeout": 2000
        },
        {
          "uuid": "344c6675-63d0-4f74-9e25-3e13b3678665",
          "title": "Verify the product details in checkout page",
          "fullFile": "",
          "file": "",
          "beforeHooks": [],
          "afterHooks": [],
          "tests": [
            {
              "title": "Verify that the page heading is visible to the user",
              "fullTitle": "Verify the product details in checkout page Verify that the page heading is visible to the user",
              "timedOut": null,
              "duration": 2119,
              "state": "passed",
              "speed": "fast",
              "pass": true,
              "fail": false,
              "pending": false,
              "context": null,
              "code": "checkoutDetails.pageHeading();",
              "err": {},
              "uuid": "5dced57c-1457-43d1-b5b8-2d32837b8972",
              "parentUUID": "344c6675-63d0-4f74-9e25-3e13b3678665",
              "isHook": false,
              "skipped": false
            },
            {
              "title": "Verify that the product is visible to the user",
              "fullTitle": "Verify the product details in checkout page Verify that the product is visible to the user",
              "timedOut": null,
              "duration": 2333,
              "state": "passed",
              "speed": "fast",
              "pass": true,
              "fail": false,
              "pending": false,
              "context": null,
              "code": "checkoutDetails.productVisibility();",
              "err": {},
              "uuid": "f937d155-f04b-41bd-b45b-06f701b36c9b",
              "parentUUID": "344c6675-63d0-4f74-9e25-3e13b3678665",
              "isHook": false,
              "skipped": false
            },
            {
              "title": "Verify that the payment and the shipment section is visible to the user",
              "fullTitle": "Verify the product details in checkout page Verify that the payment and the shipment section is visible to the user",
              "timedOut": null,
              "duration": 2068,
              "state": "passed",
              "speed": "fast",
              "pass": true,
              "fail": false,
              "pending": false,
              "context": null,
              "code": "checkoutDetails.paymentAndShippingSectionInfo();",
              "err": {},
              "uuid": "bef71788-685c-4e67-9b5a-f286be652b1f",
              "parentUUID": "344c6675-63d0-4f74-9e25-3e13b3678665",
              "isHook": false,
              "skipped": false
            },
            {
              "title": "Verify that the user clicks the cancel button",
              "fullTitle": "Verify the product details in checkout page Verify that the user clicks the cancel button",
              "timedOut": null,
              "duration": 2103,
              "state": "passed",
              "speed": "fast",
              "pass": true,
              "fail": false,
              "pending": false,
              "context": null,
              "code": "checkoutDetails.cancelButton();",
              "err": {},
              "uuid": "a3517642-e3af-4c20-935e-c3933443c2e3",
              "parentUUID": "344c6675-63d0-4f74-9e25-3e13b3678665",
              "isHook": false,
              "skipped": false
            },
            {
              "title": "Verify that the user clicks the finish button",
              "fullTitle": "Verify the product details in checkout page Verify that the user clicks the finish button",
              "timedOut": null,
              "duration": 2149,
              "state": "passed",
              "speed": "fast",
              "pass": true,
              "fail": false,
              "pending": false,
              "context": null,
              "code": "checkoutDetails.clickFinishButton();",
              "err": {},
              "uuid": "1708564f-74a7-4fff-8658-f9c4547b7605",
              "parentUUID": "344c6675-63d0-4f74-9e25-3e13b3678665",
              "isHook": false,
              "skipped": false
            }
          ],
          "suites": [],
          "passes": [
            "5dced57c-1457-43d1-b5b8-2d32837b8972",
            "f937d155-f04b-41bd-b45b-06f701b36c9b",
            "bef71788-685c-4e67-9b5a-f286be652b1f",
            "a3517642-e3af-4c20-935e-c3933443c2e3",
            "1708564f-74a7-4fff-8658-f9c4547b7605"
          ],
          "failures": [],
          "pending": [],
          "skipped": [],
          "duration": 10772,
          "root": false,
          "rootEmpty": false,
          "_timeout": 2000
        },
        {
          "uuid": "d2f3586a-5295-4511-a7b7-ae37af05f3f2",
          "title": "Verify the footer of the page",
          "fullFile": "",
          "file": "",
          "beforeHooks": [],
          "afterHooks": [],
          "tests": [
            {
              "title": "Verify that the footer is visible in the page",
              "fullTitle": "Verify the footer of the page Verify that the footer is visible in the page",
              "timedOut": null,
              "duration": 2057,
              "state": "passed",
              "speed": "fast",
              "pass": true,
              "fail": false,
              "pending": false,
              "context": null,
              "code": "footer.visible();",
              "err": {},
              "uuid": "b0ae1ab7-8be0-4e70-8f5f-1db7549747a2",
              "parentUUID": "d2f3586a-5295-4511-a7b7-ae37af05f3f2",
              "isHook": false,
              "skipped": false
            },
            {
              "title": "Verify that the social media icon is visible to the user",
              "fullTitle": "Verify the footer of the page Verify that the social media icon is visible to the user",
              "timedOut": null,
              "duration": 2187,
              "state": "passed",
              "speed": "fast",
              "pass": true,
              "fail": false,
              "pending": false,
              "context": null,
              "code": "footer.iconVisible();",
              "err": {},
              "uuid": "b5b93e05-46be-4886-9fba-6f0902f72729",
              "parentUUID": "d2f3586a-5295-4511-a7b7-ae37af05f3f2",
              "isHook": false,
              "skipped": false
            },
            {
              "title": "Verify that the copy right text is visible to the user",
              "fullTitle": "Verify the footer of the page Verify that the copy right text is visible to the user",
              "timedOut": null,
              "duration": 2050,
              "state": "passed",
              "speed": "fast",
              "pass": true,
              "fail": false,
              "pending": false,
              "context": null,
              "code": "footer.copyRightText();",
              "err": {},
              "uuid": "8f156ed3-586c-4511-a662-fd2223d64fb9",
              "parentUUID": "d2f3586a-5295-4511-a7b7-ae37af05f3f2",
              "isHook": false,
              "skipped": false
            }
          ],
          "suites": [],
          "passes": [
            "b0ae1ab7-8be0-4e70-8f5f-1db7549747a2",
            "b5b93e05-46be-4886-9fba-6f0902f72729",
            "8f156ed3-586c-4511-a662-fd2223d64fb9"
          ],
          "failures": [],
          "pending": [],
          "skipped": [],
          "duration": 6294,
          "root": false,
          "rootEmpty": false,
          "_timeout": 2000
        }
      ],
      "passes": [],
      "failures": [],
      "pending": [],
      "skipped": [],
      "duration": 0,
      "root": true,
      "rootEmpty": true,
      "_timeout": 2000
    },
    {
      "uuid": "60294017-178b-4db4-acb3-c9eb4f5f6033",
      "title": "",
      "fullFile": "cypress\\e2e\\indiviualProducts.cy.js",
      "file": "cypress\\e2e\\indiviualProducts.cy.js",
      "beforeHooks": [],
      "afterHooks": [],
      "tests": [],
      "suites": [
        {
          "uuid": "f1354680-4d44-40f3-91a0-f054461d7b01",
          "title": "Verify the header of the page",
          "fullFile": "",
          "file": "",
          "beforeHooks": [],
          "afterHooks": [],
          "tests": [
            {
              "title": "Verify that the cart icon in the web application",
              "fullTitle": "Verify the header of the page Verify that the cart icon in the web application",
              "timedOut": null,
              "duration": 3099,
              "state": "passed",
              "speed": "fast",
              "pass": true,
              "fail": false,
              "pending": false,
              "context": null,
              "code": "header.cartIcon();",
              "err": {},
              "uuid": "aced5844-a1a9-4d89-b1a1-ab238aecb2c2",
              "parentUUID": "f1354680-4d44-40f3-91a0-f054461d7b01",
              "isHook": false,
              "skipped": false
            },
            {
              "title": "Verify that the logo is visible in the web application",
              "fullTitle": "Verify the header of the page Verify that the logo is visible in the web application",
              "timedOut": null,
              "duration": 1295,
              "state": "passed",
              "speed": "fast",
              "pass": true,
              "fail": false,
              "pending": false,
              "context": null,
              "code": "header.logo();",
              "err": {},
              "uuid": "bb54d2f0-79c8-43df-8faa-9444927b9311",
              "parentUUID": "f1354680-4d44-40f3-91a0-f054461d7b01",
              "isHook": false,
              "skipped": false
            },
            {
              "title": "Verify that the menu icon is visible in the web application",
              "fullTitle": "Verify the header of the page Verify that the menu icon is visible in the web application",
              "timedOut": null,
              "duration": 4389,
              "state": "passed",
              "speed": "fast",
              "pass": true,
              "fail": false,
              "pending": false,
              "context": null,
              "code": "header.menuIcon();",
              "err": {},
              "uuid": "5dba9b16-4d8d-42e9-b4f8-c8f5a2e88c82",
              "parentUUID": "f1354680-4d44-40f3-91a0-f054461d7b01",
              "isHook": false,
              "skipped": false
            },
            {
              "title": "Verify thatt the user clicks on the menu icon",
              "fullTitle": "Verify the header of the page Verify thatt the user clicks on the menu icon",
              "timedOut": null,
              "duration": 1839,
              "state": "passed",
              "speed": "fast",
              "pass": true,
              "fail": false,
              "pending": false,
              "context": null,
              "code": "header.onClickMenuIcon();",
              "err": {},
              "uuid": "77f10b20-d476-448e-8083-8f7581ae31cc",
              "parentUUID": "f1354680-4d44-40f3-91a0-f054461d7b01",
              "isHook": false,
              "skipped": false
            },
            {
              "title": "Verify thatt the user clicks on the hover over the menu option",
              "fullTitle": "Verify the header of the page Verify thatt the user clicks on the hover over the menu option",
              "timedOut": null,
              "duration": 1210,
              "state": "passed",
              "speed": "fast",
              "pass": true,
              "fail": false,
              "pending": false,
              "context": null,
              "code": "header.onHoveringMenuOption();",
              "err": {},
              "uuid": "5554523a-046a-48e8-a05d-71835ad02385",
              "parentUUID": "f1354680-4d44-40f3-91a0-f054461d7b01",
              "isHook": false,
              "skipped": false
            }
          ],
          "suites": [],
          "passes": [
            "aced5844-a1a9-4d89-b1a1-ab238aecb2c2",
            "bb54d2f0-79c8-43df-8faa-9444927b9311",
            "5dba9b16-4d8d-42e9-b4f8-c8f5a2e88c82",
            "77f10b20-d476-448e-8083-8f7581ae31cc",
            "5554523a-046a-48e8-a05d-71835ad02385"
          ],
          "failures": [],
          "pending": [],
          "skipped": [],
          "duration": 11832,
          "root": false,
          "rootEmpty": false,
          "_timeout": 2000
        },
        {
          "uuid": "c7013667-ffc3-43ca-96a0-edd03e7ece1a",
          "title": "Verify the functionality of individual page",
          "fullFile": "",
          "file": "",
          "beforeHooks": [],
          "afterHooks": [],
          "tests": [
            {
              "title": "Verify that the product image is visible to the user",
              "fullTitle": "Verify the functionality of individual page Verify that the product image is visible to the user",
              "timedOut": null,
              "duration": 1068,
              "state": "passed",
              "speed": "fast",
              "pass": true,
              "fail": false,
              "pending": false,
              "context": null,
              "code": "indiviualProduct.imageVisiblity();",
              "err": {},
              "uuid": "03d41d8f-39c9-471b-89f6-c97a164bd0c7",
              "parentUUID": "c7013667-ffc3-43ca-96a0-edd03e7ece1a",
              "isHook": false,
              "skipped": false
            },
            {
              "title": "Verify that the prdouct name is visible to the user",
              "fullTitle": "Verify the functionality of individual page Verify that the prdouct name is visible to the user",
              "timedOut": null,
              "duration": 1109,
              "state": "passed",
              "speed": "fast",
              "pass": true,
              "fail": false,
              "pending": false,
              "context": null,
              "code": "indiviualProduct.productName();",
              "err": {},
              "uuid": "c2d9ccbc-10af-418b-8b7d-48366763b957",
              "parentUUID": "c7013667-ffc3-43ca-96a0-edd03e7ece1a",
              "isHook": false,
              "skipped": false
            },
            {
              "title": "Verify thatt he product description is visible to the user",
              "fullTitle": "Verify the functionality of individual page Verify thatt he product description is visible to the user",
              "timedOut": null,
              "duration": 1031,
              "state": "passed",
              "speed": "fast",
              "pass": true,
              "fail": false,
              "pending": false,
              "context": null,
              "code": "indiviualProduct.productDescription();",
              "err": {},
              "uuid": "bf789507-b31a-4c3d-89b2-7bf4e65f2f0e",
              "parentUUID": "c7013667-ffc3-43ca-96a0-edd03e7ece1a",
              "isHook": false,
              "skipped": false
            },
            {
              "title": "Verify that the product price is visible to the user",
              "fullTitle": "Verify the functionality of individual page Verify that the product price is visible to the user",
              "timedOut": null,
              "duration": 1018,
              "state": "passed",
              "speed": "fast",
              "pass": true,
              "fail": false,
              "pending": false,
              "context": null,
              "code": "indiviualProduct.productPrice();",
              "err": {},
              "uuid": "615809db-a0aa-4269-af3c-c90b63a36b51",
              "parentUUID": "c7013667-ffc3-43ca-96a0-edd03e7ece1a",
              "isHook": false,
              "skipped": false
            },
            {
              "title": "Verify that user is back to the product on clicking back to product link",
              "fullTitle": "Verify the functionality of individual page Verify that user is back to the product on clicking back to product link",
              "timedOut": null,
              "duration": 1150,
              "state": "passed",
              "speed": "fast",
              "pass": true,
              "fail": false,
              "pending": false,
              "context": null,
              "code": "indiviualProduct.backToProducts();",
              "err": {},
              "uuid": "2b41e675-768d-4bed-b45a-3fe7ba560a46",
              "parentUUID": "c7013667-ffc3-43ca-96a0-edd03e7ece1a",
              "isHook": false,
              "skipped": false
            },
            {
              "title": "Verify that user clicks on the Add to cart button",
              "fullTitle": "Verify the functionality of individual page Verify that user clicks on the Add to cart button",
              "timedOut": null,
              "duration": 1165,
              "state": "passed",
              "speed": "fast",
              "pass": true,
              "fail": false,
              "pending": false,
              "context": null,
              "code": "indiviualProduct.addProductToCart();",
              "err": {},
              "uuid": "8d2a4e65-efde-4865-a27d-9a88a2159012",
              "parentUUID": "c7013667-ffc3-43ca-96a0-edd03e7ece1a",
              "isHook": false,
              "skipped": false
            }
          ],
          "suites": [],
          "passes": [
            "03d41d8f-39c9-471b-89f6-c97a164bd0c7",
            "c2d9ccbc-10af-418b-8b7d-48366763b957",
            "bf789507-b31a-4c3d-89b2-7bf4e65f2f0e",
            "615809db-a0aa-4269-af3c-c90b63a36b51",
            "2b41e675-768d-4bed-b45a-3fe7ba560a46",
            "8d2a4e65-efde-4865-a27d-9a88a2159012"
          ],
          "failures": [],
          "pending": [],
          "skipped": [],
          "duration": 6541,
          "root": false,
          "rootEmpty": false,
          "_timeout": 2000
        },
        {
          "uuid": "26fe033b-3978-44eb-8e94-db549ab69d5a",
          "title": "Verify the footer of the page",
          "fullFile": "",
          "file": "",
          "beforeHooks": [],
          "afterHooks": [],
          "tests": [
            {
              "title": "Verify that the footer is visible in the page",
              "fullTitle": "Verify the footer of the page Verify that the footer is visible in the page",
              "timedOut": null,
              "duration": 1079,
              "state": "passed",
              "speed": "fast",
              "pass": true,
              "fail": false,
              "pending": false,
              "context": null,
              "code": "footer.visible();",
              "err": {},
              "uuid": "84e69cdf-98e5-472e-bfb3-c86e3f387cee",
              "parentUUID": "26fe033b-3978-44eb-8e94-db549ab69d5a",
              "isHook": false,
              "skipped": false
            },
            {
              "title": "Verify that the social media icon is visible to the user",
              "fullTitle": "Verify the footer of the page Verify that the social media icon is visible to the user",
              "timedOut": null,
              "duration": 1029,
              "state": "passed",
              "speed": "fast",
              "pass": true,
              "fail": false,
              "pending": false,
              "context": null,
              "code": "footer.iconVisible();",
              "err": {},
              "uuid": "5dfb7f2a-3e7c-4d68-8c7a-60f0f47b1ed7",
              "parentUUID": "26fe033b-3978-44eb-8e94-db549ab69d5a",
              "isHook": false,
              "skipped": false
            },
            {
              "title": "Verify that the copy right text is visible to the user",
              "fullTitle": "Verify the footer of the page Verify that the copy right text is visible to the user",
              "timedOut": null,
              "duration": 1036,
              "state": "passed",
              "speed": "fast",
              "pass": true,
              "fail": false,
              "pending": false,
              "context": null,
              "code": "footer.copyRightText();",
              "err": {},
              "uuid": "17b310f3-cecc-4746-9324-dd8d289113fc",
              "parentUUID": "26fe033b-3978-44eb-8e94-db549ab69d5a",
              "isHook": false,
              "skipped": false
            }
          ],
          "suites": [],
          "passes": [
            "84e69cdf-98e5-472e-bfb3-c86e3f387cee",
            "5dfb7f2a-3e7c-4d68-8c7a-60f0f47b1ed7",
            "17b310f3-cecc-4746-9324-dd8d289113fc"
          ],
          "failures": [],
          "pending": [],
          "skipped": [],
          "duration": 3144,
          "root": false,
          "rootEmpty": false,
          "_timeout": 2000
        }
      ],
      "passes": [],
      "failures": [],
      "pending": [],
      "skipped": [],
      "duration": 0,
      "root": true,
      "rootEmpty": true,
      "_timeout": 2000
    },
    {
      "uuid": "3c57e2ca-af8e-415b-97d7-6c4bf9ba8df8",
      "title": "",
      "fullFile": "cypress\\e2e\\productpage.cy.js",
      "file": "cypress\\e2e\\productpage.cy.js",
      "beforeHooks": [],
      "afterHooks": [],
      "tests": [],
      "suites": [
        {
          "uuid": "461d6981-ab45-4382-8b30-b28267d027c1",
          "title": "Verify the header of the page",
          "fullFile": "",
          "file": "",
          "beforeHooks": [],
          "afterHooks": [],
          "tests": [
            {
              "title": "Verify that the cart icon in the web application",
              "fullTitle": "Verify the header of the page Verify that the cart icon in the web application",
              "timedOut": null,
              "duration": 2029,
              "state": "passed",
              "speed": "fast",
              "pass": true,
              "fail": false,
              "pending": false,
              "context": null,
              "code": "header.cartIcon();",
              "err": {},
              "uuid": "0331ddc4-b54e-4c73-8b3d-33c8d0f72167",
              "parentUUID": "461d6981-ab45-4382-8b30-b28267d027c1",
              "isHook": false,
              "skipped": false
            },
            {
              "title": "Verify that the logo is visible in the web application",
              "fullTitle": "Verify the header of the page Verify that the logo is visible in the web application",
              "timedOut": null,
              "duration": 1249,
              "state": "passed",
              "speed": "fast",
              "pass": true,
              "fail": false,
              "pending": false,
              "context": null,
              "code": "header.logo();",
              "err": {},
              "uuid": "b6ca9379-cbc1-4b6b-993f-53dee96e4546",
              "parentUUID": "461d6981-ab45-4382-8b30-b28267d027c1",
              "isHook": false,
              "skipped": false
            },
            {
              "title": "Verify that the menu icon is visible in the web application",
              "fullTitle": "Verify the header of the page Verify that the menu icon is visible in the web application",
              "timedOut": null,
              "duration": 1759,
              "state": "passed",
              "speed": "fast",
              "pass": true,
              "fail": false,
              "pending": false,
              "context": null,
              "code": "header.menuIcon();",
              "err": {},
              "uuid": "2b8cfee2-4016-4a0c-b4ff-0a50a34b0cf7",
              "parentUUID": "461d6981-ab45-4382-8b30-b28267d027c1",
              "isHook": false,
              "skipped": false
            },
            {
              "title": "Verify thatt the user clicks on the menu icon",
              "fullTitle": "Verify the header of the page Verify thatt the user clicks on the menu icon",
              "timedOut": null,
              "duration": 1125,
              "state": "passed",
              "speed": "fast",
              "pass": true,
              "fail": false,
              "pending": false,
              "context": null,
              "code": "header.onClickMenuIcon();",
              "err": {},
              "uuid": "83fd0297-d317-4e2f-8a3f-a8b435b20831",
              "parentUUID": "461d6981-ab45-4382-8b30-b28267d027c1",
              "isHook": false,
              "skipped": false
            },
            {
              "title": "Verify thatt the user clicks on the hover over the menu option",
              "fullTitle": "Verify the header of the page Verify thatt the user clicks on the hover over the menu option",
              "timedOut": null,
              "duration": 1105,
              "state": "passed",
              "speed": "fast",
              "pass": true,
              "fail": false,
              "pending": false,
              "context": null,
              "code": "header.onHoveringMenuOption();",
              "err": {},
              "uuid": "bc5972bd-2a6d-4821-89b0-56a451f98bc3",
              "parentUUID": "461d6981-ab45-4382-8b30-b28267d027c1",
              "isHook": false,
              "skipped": false
            }
          ],
          "suites": [],
          "passes": [
            "0331ddc4-b54e-4c73-8b3d-33c8d0f72167",
            "b6ca9379-cbc1-4b6b-993f-53dee96e4546",
            "2b8cfee2-4016-4a0c-b4ff-0a50a34b0cf7",
            "83fd0297-d317-4e2f-8a3f-a8b435b20831",
            "bc5972bd-2a6d-4821-89b0-56a451f98bc3"
          ],
          "failures": [],
          "pending": [],
          "skipped": [],
          "duration": 7267,
          "root": false,
          "rootEmpty": false,
          "_timeout": 2000
        },
        {
          "uuid": "24aec27d-9fb1-4a03-acd2-9f00140d34c1",
          "title": "Verify that UI of the product page",
          "fullFile": "",
          "file": "",
          "beforeHooks": [],
          "afterHooks": [],
          "tests": [
            {
              "title": "Verify the page loads successfully",
              "fullTitle": "Verify that UI of the product page Verify the page loads successfully",
              "timedOut": null,
              "duration": 932,
              "state": "passed",
              "speed": "fast",
              "pass": true,
              "fail": false,
              "pending": false,
              "context": null,
              "code": "productPage.pageStatus();",
              "err": {},
              "uuid": "9dea93f8-42a8-4e1f-b894-34e05dd18c7a",
              "parentUUID": "24aec27d-9fb1-4a03-acd2-9f00140d34c1",
              "isHook": false,
              "skipped": false
            },
            {
              "title": "Verify the page tittle of the application after logging",
              "fullTitle": "Verify that UI of the product page Verify the page tittle of the application after logging",
              "timedOut": null,
              "duration": 997,
              "state": "passed",
              "speed": "fast",
              "pass": true,
              "fail": false,
              "pending": false,
              "context": null,
              "code": "productPage.pageTittle();",
              "err": {},
              "uuid": "4f9f742f-1650-41bc-a44a-f26dee26a0cd",
              "parentUUID": "24aec27d-9fb1-4a03-acd2-9f00140d34c1",
              "isHook": false,
              "skipped": false
            },
            {
              "title": "Verify that the prdouct list in the web application",
              "fullTitle": "Verify that UI of the product page Verify that the prdouct list in the web application",
              "timedOut": null,
              "duration": 1039,
              "state": "passed",
              "speed": "fast",
              "pass": true,
              "fail": false,
              "pending": false,
              "context": null,
              "code": "productPage.productList();",
              "err": {},
              "uuid": "d0f60152-bf12-4d35-8c79-f923dea2026d",
              "parentUUID": "24aec27d-9fb1-4a03-acd2-9f00140d34c1",
              "isHook": false,
              "skipped": false
            },
            {
              "title": "Verify that the search icon in the web application",
              "fullTitle": "Verify that UI of the product page Verify that the search icon in the web application",
              "timedOut": null,
              "duration": 951,
              "state": "passed",
              "speed": "fast",
              "pass": true,
              "fail": false,
              "pending": false,
              "context": null,
              "code": "productPage.searchIcon();",
              "err": {},
              "uuid": "fe8cb434-eacb-4935-923d-4a4d44526774",
              "parentUUID": "24aec27d-9fb1-4a03-acd2-9f00140d34c1",
              "isHook": false,
              "skipped": false
            }
          ],
          "suites": [],
          "passes": [
            "9dea93f8-42a8-4e1f-b894-34e05dd18c7a",
            "4f9f742f-1650-41bc-a44a-f26dee26a0cd",
            "d0f60152-bf12-4d35-8c79-f923dea2026d",
            "fe8cb434-eacb-4935-923d-4a4d44526774"
          ],
          "failures": [],
          "pending": [],
          "skipped": [],
          "duration": 3919,
          "root": false,
          "rootEmpty": false,
          "_timeout": 2000
        },
        {
          "uuid": "1612e8b6-bb11-40b2-95c4-ace2f36d2413",
          "title": "Verify that functionality of the search field",
          "fullFile": "",
          "file": "",
          "beforeHooks": [],
          "afterHooks": [],
          "tests": [
            {
              "title": "Verify that the serach field is enabled",
              "fullTitle": "Verify that functionality of the search field Verify that the serach field is enabled",
              "timedOut": null,
              "duration": 927,
              "state": "passed",
              "speed": "fast",
              "pass": true,
              "fail": false,
              "pending": false,
              "context": null,
              "code": "searchProduct.enableDropodown();",
              "err": {},
              "uuid": "96b8655f-d8dd-4f0d-8345-da3d98e003b9",
              "parentUUID": "1612e8b6-bb11-40b2-95c4-ace2f36d2413",
              "isHook": false,
              "skipped": false
            },
            {
              "title": "Verify the default option of the serach field",
              "fullTitle": "Verify that functionality of the search field Verify the default option of the serach field",
              "timedOut": null,
              "duration": 1023,
              "state": "passed",
              "speed": "fast",
              "pass": true,
              "fail": false,
              "pending": false,
              "context": null,
              "code": "searchProduct.defaultOption();",
              "err": {},
              "uuid": "a389e8ea-229d-410a-8f4d-f4f631228526",
              "parentUUID": "1612e8b6-bb11-40b2-95c4-ace2f36d2413",
              "isHook": false,
              "skipped": false
            },
            {
              "title": "Verify that the expected option is correct",
              "fullTitle": "Verify that functionality of the search field Verify that the expected option is correct",
              "timedOut": null,
              "duration": 1043,
              "state": "passed",
              "speed": "fast",
              "pass": true,
              "fail": false,
              "pending": false,
              "context": null,
              "code": "searchProduct.expectedOption();",
              "err": {},
              "uuid": "b59d2cfc-c0e6-477f-b53a-2c8c4a5a55c5",
              "parentUUID": "1612e8b6-bb11-40b2-95c4-ace2f36d2413",
              "isHook": false,
              "skipped": false
            },
            {
              "title": "Verify that the product is sort by name A to Z ",
              "fullTitle": "Verify that functionality of the search field Verify that the product is sort by name A to Z ",
              "timedOut": null,
              "duration": 1171,
              "state": "passed",
              "speed": "fast",
              "pass": true,
              "fail": false,
              "pending": false,
              "context": null,
              "code": "searchProduct.sortBYAscendingOrder();",
              "err": {},
              "uuid": "a2d275ac-82ba-4bb4-b537-191b59206b0a",
              "parentUUID": "1612e8b6-bb11-40b2-95c4-ace2f36d2413",
              "isHook": false,
              "skipped": false
            },
            {
              "title": "Verify that the product is sort by name Z to A",
              "fullTitle": "Verify that functionality of the search field Verify that the product is sort by name Z to A",
              "timedOut": null,
              "duration": 1119,
              "state": "passed",
              "speed": "fast",
              "pass": true,
              "fail": false,
              "pending": false,
              "context": null,
              "code": "searchProduct.sortByDescendingOrder();",
              "err": {},
              "uuid": "51f82793-228e-4a92-a379-a7a9fd68d9f2",
              "parentUUID": "1612e8b6-bb11-40b2-95c4-ace2f36d2413",
              "isHook": false,
              "skipped": false
            },
            {
              "title": "Verify that the product is sort by Low to High Price ",
              "fullTitle": "Verify that functionality of the search field Verify that the product is sort by Low to High Price ",
              "timedOut": null,
              "duration": 1181,
              "state": "passed",
              "speed": "fast",
              "pass": true,
              "fail": false,
              "pending": false,
              "context": null,
              "code": "searchProduct.sortByLowPrice();",
              "err": {},
              "uuid": "cd5fdd4b-96f8-4bcf-8787-0fa1d36c2e6c",
              "parentUUID": "1612e8b6-bb11-40b2-95c4-ace2f36d2413",
              "isHook": false,
              "skipped": false
            },
            {
              "title": "Verify that the product is sort by High to Low Price",
              "fullTitle": "Verify that functionality of the search field Verify that the product is sort by High to Low Price",
              "timedOut": null,
              "duration": 1222,
              "state": "passed",
              "speed": "fast",
              "pass": true,
              "fail": false,
              "pending": false,
              "context": null,
              "code": "searchProduct.sortByHighPrice();",
              "err": {},
              "uuid": "3843ac34-7099-4741-9362-b62d61120adb",
              "parentUUID": "1612e8b6-bb11-40b2-95c4-ace2f36d2413",
              "isHook": false,
              "skipped": false
            }
          ],
          "suites": [],
          "passes": [
            "96b8655f-d8dd-4f0d-8345-da3d98e003b9",
            "a389e8ea-229d-410a-8f4d-f4f631228526",
            "b59d2cfc-c0e6-477f-b53a-2c8c4a5a55c5",
            "a2d275ac-82ba-4bb4-b537-191b59206b0a",
            "51f82793-228e-4a92-a379-a7a9fd68d9f2",
            "cd5fdd4b-96f8-4bcf-8787-0fa1d36c2e6c",
            "3843ac34-7099-4741-9362-b62d61120adb"
          ],
          "failures": [],
          "pending": [],
          "skipped": [],
          "duration": 7686,
          "root": false,
          "rootEmpty": false,
          "_timeout": 2000
        },
        {
          "uuid": "063df4ee-17c1-406c-a5ab-32046765ec72",
          "title": "Verify that the products are visible with all detail ",
          "fullFile": "",
          "file": "",
          "beforeHooks": [],
          "afterHooks": [],
          "tests": [
            {
              "title": "Verify that all the products is visible to the user",
              "fullTitle": "Verify that the products are visible with all detail  Verify that all the products is visible to the user",
              "timedOut": null,
              "duration": 1160,
              "state": "passed",
              "speed": "fast",
              "pass": true,
              "fail": false,
              "pending": false,
              "context": null,
              "code": "allProducts.allProductsVisibility();",
              "err": {},
              "uuid": "1b52bb21-7682-4b3b-8c35-0db89f3e5a18",
              "parentUUID": "063df4ee-17c1-406c-a5ab-32046765ec72",
              "isHook": false,
              "skipped": false
            },
            {
              "title": "Verify that user clicks on the Add to cart button",
              "fullTitle": "Verify that the products are visible with all detail  Verify that user clicks on the Add to cart button",
              "timedOut": null,
              "duration": 1920,
              "state": "passed",
              "speed": "fast",
              "pass": true,
              "fail": false,
              "pending": false,
              "context": null,
              "code": "allProducts.addCart();",
              "err": {},
              "uuid": "f25a3790-f578-43e1-bbe2-36f28840ed99",
              "parentUUID": "063df4ee-17c1-406c-a5ab-32046765ec72",
              "isHook": false,
              "skipped": false
            },
            {
              "title": "Verify that the user clicks on the individual page",
              "fullTitle": "Verify that the products are visible with all detail  Verify that the user clicks on the individual page",
              "timedOut": null,
              "duration": 1074,
              "state": "passed",
              "speed": "fast",
              "pass": true,
              "fail": false,
              "pending": false,
              "context": null,
              "code": "allProducts.individualProducts();",
              "err": {},
              "uuid": "15c8ec8b-7bad-4d09-a077-02a6db92ff1f",
              "parentUUID": "063df4ee-17c1-406c-a5ab-32046765ec72",
              "isHook": false,
              "skipped": false
            }
          ],
          "suites": [],
          "passes": [
            "1b52bb21-7682-4b3b-8c35-0db89f3e5a18",
            "f25a3790-f578-43e1-bbe2-36f28840ed99",
            "15c8ec8b-7bad-4d09-a077-02a6db92ff1f"
          ],
          "failures": [],
          "pending": [],
          "skipped": [],
          "duration": 4154,
          "root": false,
          "rootEmpty": false,
          "_timeout": 2000
        },
        {
          "uuid": "7616f667-2d58-41d0-8bb0-55938f24dbe9",
          "title": "Verify the footer of the page",
          "fullFile": "",
          "file": "",
          "beforeHooks": [],
          "afterHooks": [],
          "tests": [
            {
              "title": "Verify that the footer is visible in the page",
              "fullTitle": "Verify the footer of the page Verify that the footer is visible in the page",
              "timedOut": null,
              "duration": 974,
              "state": "passed",
              "speed": "fast",
              "pass": true,
              "fail": false,
              "pending": false,
              "context": null,
              "code": "footer.visible();",
              "err": {},
              "uuid": "1e5a23e8-bff4-49e5-b63a-66cd88f90479",
              "parentUUID": "7616f667-2d58-41d0-8bb0-55938f24dbe9",
              "isHook": false,
              "skipped": false
            },
            {
              "title": "Verify that the social media icon is visible to the user",
              "fullTitle": "Verify the footer of the page Verify that the social media icon is visible to the user",
              "timedOut": null,
              "duration": 989,
              "state": "passed",
              "speed": "fast",
              "pass": true,
              "fail": false,
              "pending": false,
              "context": null,
              "code": "footer.iconVisible();",
              "err": {},
              "uuid": "0c9c8dc2-5000-4071-a03c-17d772408390",
              "parentUUID": "7616f667-2d58-41d0-8bb0-55938f24dbe9",
              "isHook": false,
              "skipped": false
            },
            {
              "title": "Verify that the copy right text is visible to the user",
              "fullTitle": "Verify the footer of the page Verify that the copy right text is visible to the user",
              "timedOut": null,
              "duration": 1089,
              "state": "passed",
              "speed": "fast",
              "pass": true,
              "fail": false,
              "pending": false,
              "context": null,
              "code": "footer.copyRightText();",
              "err": {},
              "uuid": "837ce2c8-2a6d-4910-9532-683dba58efb5",
              "parentUUID": "7616f667-2d58-41d0-8bb0-55938f24dbe9",
              "isHook": false,
              "skipped": false
            }
          ],
          "suites": [],
          "passes": [
            "1e5a23e8-bff4-49e5-b63a-66cd88f90479",
            "0c9c8dc2-5000-4071-a03c-17d772408390",
            "837ce2c8-2a6d-4910-9532-683dba58efb5"
          ],
          "failures": [],
          "pending": [],
          "skipped": [],
          "duration": 3052,
          "root": false,
          "rootEmpty": false,
          "_timeout": 2000
        }
      ],
      "passes": [],
      "failures": [],
      "pending": [],
      "skipped": [],
      "duration": 0,
      "root": true,
      "rootEmpty": true,
      "_timeout": 2000
    },
    {
      "uuid": "9fa4f46c-d494-4b69-a582-3bfa2620c8df",
      "title": "",
      "fullFile": "cypress\\e2e\\thankyou.cy.js",
      "file": "cypress\\e2e\\thankyou.cy.js",
      "beforeHooks": [],
      "afterHooks": [],
      "tests": [],
      "suites": [
        {
          "uuid": "2496ee14-8e07-46e8-af69-83aca4d8628e",
          "title": "Verify that fuctionality and UI of thank you page",
          "fullFile": "",
          "file": "",
          "beforeHooks": [],
          "afterHooks": [],
          "tests": [
            {
              "title": "Verify that the page heading is visible to the user",
              "fullTitle": "Verify that fuctionality and UI of thank you page Verify that the page heading is visible to the user",
              "timedOut": null,
              "duration": 5257,
              "state": "passed",
              "speed": "medium",
              "pass": true,
              "fail": false,
              "pending": false,
              "context": null,
              "code": "thankyou.pageheading();",
              "err": {},
              "uuid": "df0b5a84-cb3d-4301-9ee1-b6133df37b06",
              "parentUUID": "2496ee14-8e07-46e8-af69-83aca4d8628e",
              "isHook": false,
              "skipped": false
            },
            {
              "title": "Verify that the success message is visible to the user",
              "fullTitle": "Verify that fuctionality and UI of thank you page Verify that the success message is visible to the user",
              "timedOut": null,
              "duration": 3864,
              "state": "passed",
              "speed": "fast",
              "pass": true,
              "fail": false,
              "pending": false,
              "context": null,
              "code": "thankyou.successMessage();",
              "err": {},
              "uuid": "ea640be8-e918-4e77-9d22-0fa1b103f234",
              "parentUUID": "2496ee14-8e07-46e8-af69-83aca4d8628e",
              "isHook": false,
              "skipped": false
            },
            {
              "title": "Verify that the dispatch message is visible to the user",
              "fullTitle": "Verify that fuctionality and UI of thank you page Verify that the dispatch message is visible to the user",
              "timedOut": null,
              "duration": 2646,
              "state": "passed",
              "speed": "fast",
              "pass": true,
              "fail": false,
              "pending": false,
              "context": null,
              "code": "thankyou.dispatchMessage();",
              "err": {},
              "uuid": "95cdbab7-bdc8-442b-ba62-e9a454f6bde2",
              "parentUUID": "2496ee14-8e07-46e8-af69-83aca4d8628e",
              "isHook": false,
              "skipped": false
            },
            {
              "title": "Verify that the checkmate icon is visible to the user",
              "fullTitle": "Verify that fuctionality and UI of thank you page Verify that the checkmate icon is visible to the user",
              "timedOut": null,
              "duration": 3078,
              "state": "passed",
              "speed": "fast",
              "pass": true,
              "fail": false,
              "pending": false,
              "context": null,
              "code": "thankyou.checkmateIcon();",
              "err": {},
              "uuid": "1f64cf9f-6822-4b2e-8db8-351321ad5472",
              "parentUUID": "2496ee14-8e07-46e8-af69-83aca4d8628e",
              "isHook": false,
              "skipped": false
            },
            {
              "title": "Verify that the `back to home` button is visible to the user",
              "fullTitle": "Verify that fuctionality and UI of thank you page Verify that the `back to home` button is visible to the user",
              "timedOut": null,
              "duration": 2930,
              "state": "passed",
              "speed": "fast",
              "pass": true,
              "fail": false,
              "pending": false,
              "context": null,
              "code": "thankyou.backToHomebutton();",
              "err": {},
              "uuid": "f28fb7e1-2b8c-4911-afc2-a2cfa464f8f8",
              "parentUUID": "2496ee14-8e07-46e8-af69-83aca4d8628e",
              "isHook": false,
              "skipped": false
            },
            {
              "title": "Verify that the `back to home` button is clickable",
              "fullTitle": "Verify that fuctionality and UI of thank you page Verify that the `back to home` button is clickable",
              "timedOut": null,
              "duration": 3375,
              "state": "passed",
              "speed": "fast",
              "pass": true,
              "fail": false,
              "pending": false,
              "context": null,
              "code": "thankyou.clickBackToHomeButton();",
              "err": {},
              "uuid": "5149e1d1-807a-4159-aace-7eee904aeab1",
              "parentUUID": "2496ee14-8e07-46e8-af69-83aca4d8628e",
              "isHook": false,
              "skipped": false
            }
          ],
          "suites": [],
          "passes": [
            "df0b5a84-cb3d-4301-9ee1-b6133df37b06",
            "ea640be8-e918-4e77-9d22-0fa1b103f234",
            "95cdbab7-bdc8-442b-ba62-e9a454f6bde2",
            "1f64cf9f-6822-4b2e-8db8-351321ad5472",
            "f28fb7e1-2b8c-4911-afc2-a2cfa464f8f8",
            "5149e1d1-807a-4159-aace-7eee904aeab1"
          ],
          "failures": [],
          "pending": [],
          "skipped": [],
          "duration": 21150,
          "root": false,
          "rootEmpty": false,
          "_timeout": 2000
        }
      ],
      "passes": [],
      "failures": [],
      "pending": [],
      "skipped": [],
      "duration": 0,
      "root": true,
      "rootEmpty": true,
      "_timeout": 2000
    },
    {
      "uuid": "4fac91c0-1679-426f-828d-bb8fe77203fe",
      "title": "",
      "fullFile": "cypress\\e2e\\Login.cy.js",
      "file": "cypress\\e2e\\Login.cy.js",
      "beforeHooks": [],
      "afterHooks": [],
      "tests": [],
      "suites": [
        {
          "uuid": "de85fd7c-974e-4952-a0b8-89dcdaa29358",
          "title": "Verify the login functionality",
          "fullFile": "",
          "file": "",
          "beforeHooks": [],
          "afterHooks": [],
          "tests": [
            {
              "title": "Should login successfully with valid credentials",
              "fullTitle": "Verify the login functionality Should login successfully with valid credentials",
              "timedOut": null,
              "duration": 3391,
              "state": "passed",
              "speed": "fast",
              "pass": true,
              "fail": false,
              "pending": false,
              "context": null,
              "code": "loginPage.setusername(loginData.validUser.username);\nloginPage.setpassword(loginData.validUser.password);\nloginPage.clickLogin();\nloginPage.verifyLoginSuccess();",
              "err": {},
              "uuid": "6bfc8157-3616-47dc-bd48-3bcd947d1abd",
              "parentUUID": "de85fd7c-974e-4952-a0b8-89dcdaa29358",
              "isHook": false,
              "skipped": false
            },
            {
              "title": "Should give validation error with invalid credentials",
              "fullTitle": "Verify the login functionality Should give validation error with invalid credentials",
              "timedOut": null,
              "duration": 1269,
              "state": "passed",
              "speed": "fast",
              "pass": true,
              "fail": false,
              "pending": false,
              "context": null,
              "code": "loginPage.setusername(loginData.invalidUser.username);\nloginPage.setpassword(loginData.invalidUser.password);\nloginPage.clickLogin();\nloginPage.verifyLoginError();",
              "err": {},
              "uuid": "66c5f420-df3d-47bd-b381-0d48b9db3d05",
              "parentUUID": "de85fd7c-974e-4952-a0b8-89dcdaa29358",
              "isHook": false,
              "skipped": false
            },
            {
              "title": "Should give validation error for empty username and password fields",
              "fullTitle": "Verify the login functionality Should give validation error for empty username and password fields",
              "timedOut": null,
              "duration": 390,
              "state": "passed",
              "speed": "fast",
              "pass": true,
              "fail": false,
              "pending": false,
              "context": null,
              "code": "loginPage.clickLogin();\nloginPage.verifyLoginError();",
              "err": {},
              "uuid": "5300563e-5132-4ed6-8418-929c9091f99d",
              "parentUUID": "de85fd7c-974e-4952-a0b8-89dcdaa29358",
              "isHook": false,
              "skipped": false
            },
            {
              "title": "Should give validation error for the empty password field and valid user name",
              "fullTitle": "Verify the login functionality Should give validation error for the empty password field and valid user name",
              "timedOut": null,
              "duration": 553,
              "state": "passed",
              "speed": "fast",
              "pass": true,
              "fail": false,
              "pending": false,
              "context": null,
              "code": "loginPage.setusername(\"Admin\");\nloginPage.clickLogin();\nloginPage.verifyLoginError();",
              "err": {},
              "uuid": "b933acd5-f11f-4052-8fa8-46be97a5f6c0",
              "parentUUID": "de85fd7c-974e-4952-a0b8-89dcdaa29358",
              "isHook": false,
              "skipped": false
            }
          ],
          "suites": [],
          "passes": [
            "6bfc8157-3616-47dc-bd48-3bcd947d1abd",
            "66c5f420-df3d-47bd-b381-0d48b9db3d05",
            "5300563e-5132-4ed6-8418-929c9091f99d",
            "b933acd5-f11f-4052-8fa8-46be97a5f6c0"
          ],
          "failures": [],
          "pending": [],
          "skipped": [],
          "duration": 5603,
          "root": false,
          "rootEmpty": false,
          "_timeout": 2000
        },
        {
          "uuid": "2935e2a4-6bb6-4901-97b8-2d27968094b6",
          "title": "Verify the UI of the Login page ",
          "fullFile": "",
          "file": "",
          "beforeHooks": [],
          "afterHooks": [],
          "tests": [
            {
              "title": "Verify that the logo is visible to the user",
              "fullTitle": "Verify the UI of the Login page  Verify that the logo is visible to the user",
              "timedOut": null,
              "duration": 589,
              "state": "passed",
              "speed": "fast",
              "pass": true,
              "fail": false,
              "pending": false,
              "context": null,
              "code": "loginPage.logo();",
              "err": {},
              "uuid": "9ab3754d-395c-4d2d-88ed-ff3685b31155",
              "parentUUID": "2935e2a4-6bb6-4901-97b8-2d27968094b6",
              "isHook": false,
              "skipped": false
            },
            {
              "title": "Verify that the username is visible to the user and the placeholder in the username field is correct",
              "fullTitle": "Verify the UI of the Login page  Verify that the username is visible to the user and the placeholder in the username field is correct",
              "timedOut": null,
              "duration": 256,
              "state": "passed",
              "speed": "fast",
              "pass": true,
              "fail": false,
              "pending": false,
              "context": null,
              "code": "loginPage.username();",
              "err": {},
              "uuid": "7832c786-9fd9-488a-8a06-6edfac5f410d",
              "parentUUID": "2935e2a4-6bb6-4901-97b8-2d27968094b6",
              "isHook": false,
              "skipped": false
            },
            {
              "title": "Verify that the Password field is visible to the user and the placeholder in the password field is correct",
              "fullTitle": "Verify the UI of the Login page  Verify that the Password field is visible to the user and the placeholder in the password field is correct",
              "timedOut": null,
              "duration": 465,
              "state": "passed",
              "speed": "fast",
              "pass": true,
              "fail": false,
              "pending": false,
              "context": null,
              "code": "loginPage.password();",
              "err": {},
              "uuid": "5652743e-5d23-4601-bebc-3f43ffbe1fa4",
              "parentUUID": "2935e2a4-6bb6-4901-97b8-2d27968094b6",
              "isHook": false,
              "skipped": false
            },
            {
              "title": "Verify that the Login button is visible to the user and the background off the login button is correct",
              "fullTitle": "Verify the UI of the Login page  Verify that the Login button is visible to the user and the background off the login button is correct",
              "timedOut": null,
              "duration": 328,
              "state": "passed",
              "speed": "fast",
              "pass": true,
              "fail": false,
              "pending": false,
              "context": null,
              "code": "loginPage.loginButton();",
              "err": {},
              "uuid": "5835959d-a20a-479c-9515-7611b543b2eb",
              "parentUUID": "2935e2a4-6bb6-4901-97b8-2d27968094b6",
              "isHook": false,
              "skipped": false
            }
          ],
          "suites": [],
          "passes": [
            "9ab3754d-395c-4d2d-88ed-ff3685b31155",
            "7832c786-9fd9-488a-8a06-6edfac5f410d",
            "5652743e-5d23-4601-bebc-3f43ffbe1fa4",
            "5835959d-a20a-479c-9515-7611b543b2eb"
          ],
          "failures": [],
          "pending": [],
          "skipped": [],
          "duration": 1638,
          "root": false,
          "rootEmpty": false,
          "_timeout": 2000
        }
      ],
      "passes": [],
      "failures": [],
      "pending": [],
      "skipped": [],
      "duration": 0,
      "root": true,
      "rootEmpty": true,
      "_timeout": 2000
    }
  ],
  "meta": {
    "mocha": {
      "version": "7.2.0"
    },
    "mochawesome": {
      "options": {
        "quiet": false,
        "reportFilename": "mochawesome",
        "saveHtml": false,
        "saveJson": true,
        "consoleReporter": "spec",
        "useInlineDiffs": false,
        "code": true
      },
      "version": "7.1.3"
    },
    "marge": {
      "options": {
        "reportDir": "cypress/reports",
        "overwrite": false,
        "html": false,
        "json": true
      },
      "version": "6.2.0"
    }
  }
}